 inicia:13:19:27
hoy_actual:2022-08-10 13:19:27
SELECT primaryk, `codigo`,`coordenadas`, `nombre_completo`,fecha_acepto,hora_acepto,id_tipo_gestion FROM `DatosClientes` 
LEFT JOIN Gestion_acepto ON Gestion_acepto.codigo_cliente = DatosClientes.codigo WHERE 
STR_TO_DATE(Gestion_acepto.fecha_acepto,'%d/%m/%Y') <= '2022-08-10 23:59:59' AND 
STR_TO_DATE(Gestion_acepto.fecha_acepto,'%d/%m/%Y') >= '2022-08-10 00:00:00' 
ORDER BY STR_TO_DATE(Gestion_acepto.fecha_acepto,'%d/%m/%Y') , Gestion_acepto.hora_acepto  
 inicia:13:19:29
hoy_actual:2022-08-10 13:19:29
 BUSCAR SIGUIENTE:1
NUEVA FECHA:2022-08-11 13:19:29 MIN:2022-08-11 00:00:00 -MAX:2022-08-11 23:59:59
SELECT primaryk, `codigo`,`coordenadas`, `nombre_completo`,fecha_acepto,hora_acepto,id_tipo_gestion FROM `DatosClientes` 
LEFT JOIN Gestion_acepto ON Gestion_acepto.codigo_cliente = DatosClientes.codigo WHERE 
STR_TO_DATE(Gestion_acepto.fecha_acepto,'%d/%m/%Y') <= '2022-08-11 23:59:59' AND 
STR_TO_DATE(Gestion_acepto.fecha_acepto,'%d/%m/%Y') >= '2022-08-11 00:00:00' 
ORDER BY STR_TO_DATE(Gestion_acepto.fecha_acepto,'%d/%m/%Y') , Gestion_acepto.hora_acepto  
 inicia:13:19:31
hoy_actual:2022-08-10 13:19:31
 BUSCAR SIGUIENTE:2
NUEVA FECHA:2022-08-12 13:19:31 MIN:2022-08-12 00:00:00 -MAX:2022-08-12 23:59:59
SELECT primaryk, `codigo`,`coordenadas`, `nombre_completo`,fecha_acepto,hora_acepto,id_tipo_gestion FROM `DatosClientes` 
LEFT JOIN Gestion_acepto ON Gestion_acepto.codigo_cliente = DatosClientes.codigo WHERE 
STR_TO_DATE(Gestion_acepto.fecha_acepto,'%d/%m/%Y') <= '2022-08-12 23:59:59' AND 
STR_TO_DATE(Gestion_acepto.fecha_acepto,'%d/%m/%Y') >= '2022-08-12 00:00:00' 
ORDER BY STR_TO_DATE(Gestion_acepto.fecha_acepto,'%d/%m/%Y') , Gestion_acepto.hora_acepto  
 inicia:13:19:33
hoy_actual:2022-08-10 13:19:33
 BUSCAR SIGUIENTE:3
NUEVA FECHA:2022-08-13 13:19:33 MIN:2022-08-13 00:00:00 -MAX:2022-08-13 23:59:59
SELECT primaryk, `codigo`,`coordenadas`, `nombre_completo`,fecha_acepto,hora_acepto,id_tipo_gestion FROM `DatosClientes` 
LEFT JOIN Gestion_acepto ON Gestion_acepto.codigo_cliente = DatosClientes.codigo WHERE 
STR_TO_DATE(Gestion_acepto.fecha_acepto,'%d/%m/%Y') <= '2022-08-13 23:59:59' AND 
STR_TO_DATE(Gestion_acepto.fecha_acepto,'%d/%m/%Y') >= '2022-08-13 00:00:00' 
ORDER BY STR_TO_DATE(Gestion_acepto.fecha_acepto,'%d/%m/%Y') , Gestion_acepto.hora_acepto  
 inicia:13:19:35
hoy_actual:2022-08-10 13:19:35
 BUSCAR SIGUIENTE:4
NUEVA FECHA:2022-08-14 13:19:35 MIN:2022-08-14 00:00:00 -MAX:2022-08-14 23:59:59
SELECT primaryk, `codigo`,`coordenadas`, `nombre_completo`,fecha_acepto,hora_acepto,id_tipo_gestion FROM `DatosClientes` 
LEFT JOIN Gestion_acepto ON Gestion_acepto.codigo_cliente = DatosClientes.codigo WHERE 
STR_TO_DATE(Gestion_acepto.fecha_acepto,'%d/%m/%Y') <= '2022-08-14 23:59:59' AND 
STR_TO_DATE(Gestion_acepto.fecha_acepto,'%d/%m/%Y') >= '2022-08-14 00:00:00' 
ORDER BY STR_TO_DATE(Gestion_acepto.fecha_acepto,'%d/%m/%Y') , Gestion_acepto.hora_acepto  
 inicia:13:19:36
hoy_actual:2022-08-10 13:19:36
 BUSCAR SIGUIENTE:5
NUEVA FECHA:2022-08-15 13:19:36 MIN:2022-08-15 00:00:00 -MAX:2022-08-15 23:59:59
SELECT primaryk, `codigo`,`coordenadas`, `nombre_completo`,fecha_acepto,hora_acepto,id_tipo_gestion FROM `DatosClientes` 
LEFT JOIN Gestion_acepto ON Gestion_acepto.codigo_cliente = DatosClientes.codigo WHERE 
STR_TO_DATE(Gestion_acepto.fecha_acepto,'%d/%m/%Y') <= '2022-08-15 23:59:59' AND 
STR_TO_DATE(Gestion_acepto.fecha_acepto,'%d/%m/%Y') >= '2022-08-15 00:00:00' 
ORDER BY STR_TO_DATE(Gestion_acepto.fecha_acepto,'%d/%m/%Y') , Gestion_acepto.hora_acepto  
 inicia:13:19:38
hoy_actual:2022-08-10 13:19:38
 BUSCAR SIGUIENTE:6
NUEVA FECHA:2022-08-16 13:19:38 MIN:2022-08-16 00:00:00 -MAX:2022-08-16 23:59:59
SELECT primaryk, `codigo`,`coordenadas`, `nombre_completo`,fecha_acepto,hora_acepto,id_tipo_gestion FROM `DatosClientes` 
LEFT JOIN Gestion_acepto ON Gestion_acepto.codigo_cliente = DatosClientes.codigo WHERE 
STR_TO_DATE(Gestion_acepto.fecha_acepto,'%d/%m/%Y') <= '2022-08-16 23:59:59' AND 
STR_TO_DATE(Gestion_acepto.fecha_acepto,'%d/%m/%Y') >= '2022-08-16 00:00:00' 
ORDER BY STR_TO_DATE(Gestion_acepto.fecha_acepto,'%d/%m/%Y') , Gestion_acepto.hora_acepto  
 inicia:13:19:40
hoy_actual:2022-08-10 13:19:40
 BUSCAR SIGUIENTE:7
NUEVA FECHA:2022-08-17 13:19:40 MIN:2022-08-17 00:00:00 -MAX:2022-08-17 23:59:59
SELECT primaryk, `codigo`,`coordenadas`, `nombre_completo`,fecha_acepto,hora_acepto,id_tipo_gestion FROM `DatosClientes` 
LEFT JOIN Gestion_acepto ON Gestion_acepto.codigo_cliente = DatosClientes.codigo WHERE 
STR_TO_DATE(Gestion_acepto.fecha_acepto,'%d/%m/%Y') <= '2022-08-17 23:59:59' AND 
STR_TO_DATE(Gestion_acepto.fecha_acepto,'%d/%m/%Y') >= '2022-08-17 00:00:00' 
ORDER BY STR_TO_DATE(Gestion_acepto.fecha_acepto,'%d/%m/%Y') , Gestion_acepto.hora_acepto  
 inicia:13:19:42
hoy_actual:2022-08-10 13:19:42
 BUSCAR SIGUIENTE:8
NUEVA FECHA:2022-08-18 13:19:42 MIN:2022-08-18 00:00:00 -MAX:2022-08-18 23:59:59
SELECT primaryk, `codigo`,`coordenadas`, `nombre_completo`,fecha_acepto,hora_acepto,id_tipo_gestion FROM `DatosClientes` 
LEFT JOIN Gestion_acepto ON Gestion_acepto.codigo_cliente = DatosClientes.codigo WHERE 
STR_TO_DATE(Gestion_acepto.fecha_acepto,'%d/%m/%Y') <= '2022-08-18 23:59:59' AND 
STR_TO_DATE(Gestion_acepto.fecha_acepto,'%d/%m/%Y') >= '2022-08-18 00:00:00' 
ORDER BY STR_TO_DATE(Gestion_acepto.fecha_acepto,'%d/%m/%Y') , Gestion_acepto.hora_acepto  
 inicia:13:36:46
hoy_actual:2022-08-10 13:36:46
 BUSCAR SIGUIENTE:8
NUEVA FECHA:2022-08-18 13:36:46 MIN:2022-08-18 00:00:00 -MAX:2022-08-18 23:59:59
SELECT primaryk, `codigo`,`coordenadas`, `nombre_completo`,fecha_acepto,hora_acepto,id_tipo_gestion FROM `DatosClientes` 
LEFT JOIN Gestion_acepto ON Gestion_acepto.codigo_cliente = DatosClientes.codigo WHERE 
STR_TO_DATE(Gestion_acepto.fecha_acepto,'%d/%m/%Y') <= '2022-08-18 23:59:59' AND 
STR_TO_DATE(Gestion_acepto.fecha_acepto,'%d/%m/%Y') >= '2022-08-18 00:00:00' 
ORDER BY STR_TO_DATE(Gestion_acepto.fecha_acepto,'%d/%m/%Y') , Gestion_acepto.hora_acepto  
