 inicia:18:23:26
hoy_actual:2023-12-29 18:23:26
SELECT primaryk, `codigo`,`coordenadas`, `nombre_completo`,fecha_acepto,hora_acepto,id_tipo_gestion FROM `DatosClientes` 
LEFT JOIN Gestion_acepto ON Gestion_acepto.codigo_cliente = DatosClientes.codigo WHERE 
STR_TO_DATE(Gestion_acepto.fecha_acepto,'%d/%m/%Y') <= '2023-12-29 23:59:59' AND 
STR_TO_DATE(Gestion_acepto.fecha_acepto,'%d/%m/%Y') >= '2023-12-29 00:00:00' AND DatosClientes.inactivo=0
ORDER BY STR_TO_DATE(Gestion_acepto.fecha_acepto,'%d/%m/%Y') , Gestion_acepto.hora_acepto  
 inicia:18:23:27
hoy_actual:2023-12-29 18:23:27
 BUSCAR SIGUIENTE:1
NUEVA FECHA:2023-12-30 18:23:27 MIN:2023-12-30 00:00:00 -MAX:2023-12-30 23:59:59
SELECT primaryk, `codigo`,`coordenadas`, `nombre_completo`,fecha_acepto,hora_acepto,id_tipo_gestion FROM `DatosClientes` 
LEFT JOIN Gestion_acepto ON Gestion_acepto.codigo_cliente = DatosClientes.codigo WHERE 
STR_TO_DATE(Gestion_acepto.fecha_acepto,'%d/%m/%Y') <= '2023-12-30 23:59:59' AND 
STR_TO_DATE(Gestion_acepto.fecha_acepto,'%d/%m/%Y') >= '2023-12-30 00:00:00' AND DatosClientes.inactivo=0
ORDER BY STR_TO_DATE(Gestion_acepto.fecha_acepto,'%d/%m/%Y') , Gestion_acepto.hora_acepto  
 inicia:18:23:28
hoy_actual:2023-12-29 18:23:28
 BUSCAR SIGUIENTE:2
NUEVA FECHA:2023-12-31 18:23:28 MIN:2023-12-31 00:00:00 -MAX:2023-12-31 23:59:59
SELECT primaryk, `codigo`,`coordenadas`, `nombre_completo`,fecha_acepto,hora_acepto,id_tipo_gestion FROM `DatosClientes` 
LEFT JOIN Gestion_acepto ON Gestion_acepto.codigo_cliente = DatosClientes.codigo WHERE 
STR_TO_DATE(Gestion_acepto.fecha_acepto,'%d/%m/%Y') <= '2023-12-31 23:59:59' AND 
STR_TO_DATE(Gestion_acepto.fecha_acepto,'%d/%m/%Y') >= '2023-12-31 00:00:00' AND DatosClientes.inactivo=0
ORDER BY STR_TO_DATE(Gestion_acepto.fecha_acepto,'%d/%m/%Y') , Gestion_acepto.hora_acepto  
 inicia:18:23:29
hoy_actual:2023-12-29 18:23:29
 BUSCAR SIGUIENTE:3
NUEVA FECHA:2024-01-01 18:23:29 MIN:2024-01-01 00:00:00 -MAX:2024-01-01 23:59:59
SELECT primaryk, `codigo`,`coordenadas`, `nombre_completo`,fecha_acepto,hora_acepto,id_tipo_gestion FROM `DatosClientes` 
LEFT JOIN Gestion_acepto ON Gestion_acepto.codigo_cliente = DatosClientes.codigo WHERE 
STR_TO_DATE(Gestion_acepto.fecha_acepto,'%d/%m/%Y') <= '2024-01-01 23:59:59' AND 
STR_TO_DATE(Gestion_acepto.fecha_acepto,'%d/%m/%Y') >= '2024-01-01 00:00:00' AND DatosClientes.inactivo=0
ORDER BY STR_TO_DATE(Gestion_acepto.fecha_acepto,'%d/%m/%Y') , Gestion_acepto.hora_acepto  
 inicia:18:23:30
hoy_actual:2023-12-29 18:23:30
 BUSCAR SIGUIENTE:4
NUEVA FECHA:2024-01-02 18:23:30 MIN:2024-01-02 00:00:00 -MAX:2024-01-02 23:59:59
SELECT primaryk, `codigo`,`coordenadas`, `nombre_completo`,fecha_acepto,hora_acepto,id_tipo_gestion FROM `DatosClientes` 
LEFT JOIN Gestion_acepto ON Gestion_acepto.codigo_cliente = DatosClientes.codigo WHERE 
STR_TO_DATE(Gestion_acepto.fecha_acepto,'%d/%m/%Y') <= '2024-01-02 23:59:59' AND 
STR_TO_DATE(Gestion_acepto.fecha_acepto,'%d/%m/%Y') >= '2024-01-02 00:00:00' AND DatosClientes.inactivo=0
ORDER BY STR_TO_DATE(Gestion_acepto.fecha_acepto,'%d/%m/%Y') , Gestion_acepto.hora_acepto  
 inicia:18:23:31
hoy_actual:2023-12-29 18:23:31
 BUSCAR SIGUIENTE:5
NUEVA FECHA:2024-01-03 18:23:31 MIN:2024-01-03 00:00:00 -MAX:2024-01-03 23:59:59
SELECT primaryk, `codigo`,`coordenadas`, `nombre_completo`,fecha_acepto,hora_acepto,id_tipo_gestion FROM `DatosClientes` 
LEFT JOIN Gestion_acepto ON Gestion_acepto.codigo_cliente = DatosClientes.codigo WHERE 
STR_TO_DATE(Gestion_acepto.fecha_acepto,'%d/%m/%Y') <= '2024-01-03 23:59:59' AND 
STR_TO_DATE(Gestion_acepto.fecha_acepto,'%d/%m/%Y') >= '2024-01-03 00:00:00' AND DatosClientes.inactivo=0
ORDER BY STR_TO_DATE(Gestion_acepto.fecha_acepto,'%d/%m/%Y') , Gestion_acepto.hora_acepto  
 inicia:18:23:32
hoy_actual:2023-12-29 18:23:32
 BUSCAR SIGUIENTE:6
NUEVA FECHA:2024-01-04 18:23:32 MIN:2024-01-04 00:00:00 -MAX:2024-01-04 23:59:59
SELECT primaryk, `codigo`,`coordenadas`, `nombre_completo`,fecha_acepto,hora_acepto,id_tipo_gestion FROM `DatosClientes` 
LEFT JOIN Gestion_acepto ON Gestion_acepto.codigo_cliente = DatosClientes.codigo WHERE 
STR_TO_DATE(Gestion_acepto.fecha_acepto,'%d/%m/%Y') <= '2024-01-04 23:59:59' AND 
STR_TO_DATE(Gestion_acepto.fecha_acepto,'%d/%m/%Y') >= '2024-01-04 00:00:00' AND DatosClientes.inactivo=0
ORDER BY STR_TO_DATE(Gestion_acepto.fecha_acepto,'%d/%m/%Y') , Gestion_acepto.hora_acepto  
 inicia:18:23:33
hoy_actual:2023-12-29 18:23:33
 BUSCAR SIGUIENTE:7
NUEVA FECHA:2024-01-05 18:23:33 MIN:2024-01-05 00:00:00 -MAX:2024-01-05 23:59:59
SELECT primaryk, `codigo`,`coordenadas`, `nombre_completo`,fecha_acepto,hora_acepto,id_tipo_gestion FROM `DatosClientes` 
LEFT JOIN Gestion_acepto ON Gestion_acepto.codigo_cliente = DatosClientes.codigo WHERE 
STR_TO_DATE(Gestion_acepto.fecha_acepto,'%d/%m/%Y') <= '2024-01-05 23:59:59' AND 
STR_TO_DATE(Gestion_acepto.fecha_acepto,'%d/%m/%Y') >= '2024-01-05 00:00:00' AND DatosClientes.inactivo=0
ORDER BY STR_TO_DATE(Gestion_acepto.fecha_acepto,'%d/%m/%Y') , Gestion_acepto.hora_acepto  
 inicia:18:23:34
hoy_actual:2023-12-29 18:23:34
 BUSCAR SIGUIENTE:8
NUEVA FECHA:2024-01-06 18:23:34 MIN:2024-01-06 00:00:00 -MAX:2024-01-06 23:59:59
SELECT primaryk, `codigo`,`coordenadas`, `nombre_completo`,fecha_acepto,hora_acepto,id_tipo_gestion FROM `DatosClientes` 
LEFT JOIN Gestion_acepto ON Gestion_acepto.codigo_cliente = DatosClientes.codigo WHERE 
STR_TO_DATE(Gestion_acepto.fecha_acepto,'%d/%m/%Y') <= '2024-01-06 23:59:59' AND 
STR_TO_DATE(Gestion_acepto.fecha_acepto,'%d/%m/%Y') >= '2024-01-06 00:00:00' AND DatosClientes.inactivo=0
ORDER BY STR_TO_DATE(Gestion_acepto.fecha_acepto,'%d/%m/%Y') , Gestion_acepto.hora_acepto  
