 inicia:08:26:12
hoy_actual:2021-09-23 08:26:12
SELECT primaryk, `codigo`,`coordenadas`, `nombre_completo`,fecha_acepto,hora_acepto,id_tipo_gestion FROM `DatosClientes` 
LEFT JOIN Gestion_acepto ON Gestion_acepto.codigo_cliente = DatosClientes.codigo WHERE 
STR_TO_DATE(Gestion_acepto.fecha_acepto,'%d/%m/%Y') <= '2021-09-23 23:59:59' AND 
STR_TO_DATE(Gestion_acepto.fecha_acepto,'%d/%m/%Y') >= '2021-09-23 00:00:00' 
ORDER BY STR_TO_DATE(Gestion_acepto.fecha_acepto,'%d/%m/%Y') , Gestion_acepto.hora_acepto  
 inicia:08:31:56
hoy_actual:2021-09-23 08:31:56
SELECT primaryk, `codigo`,`coordenadas`, `nombre_completo`,fecha_acepto,hora_acepto,id_tipo_gestion FROM `DatosClientes` 
LEFT JOIN Gestion_acepto ON Gestion_acepto.codigo_cliente = DatosClientes.codigo WHERE 
STR_TO_DATE(Gestion_acepto.fecha_acepto,'%d/%m/%Y') <= '2021-09-23 23:59:59' AND 
STR_TO_DATE(Gestion_acepto.fecha_acepto,'%d/%m/%Y') >= '2021-09-23 00:00:00' 
ORDER BY STR_TO_DATE(Gestion_acepto.fecha_acepto,'%d/%m/%Y') , Gestion_acepto.hora_acepto  
 inicia:08:36:27
hoy_actual:2021-09-23 08:36:27
SELECT primaryk, `codigo`,`coordenadas`, `nombre_completo`,fecha_acepto,hora_acepto,id_tipo_gestion FROM `DatosClientes` 
LEFT JOIN Gestion_acepto ON Gestion_acepto.codigo_cliente = DatosClientes.codigo WHERE 
STR_TO_DATE(Gestion_acepto.fecha_acepto,'%d/%m/%Y') <= '2021-09-23 23:59:59' AND 
STR_TO_DATE(Gestion_acepto.fecha_acepto,'%d/%m/%Y') >= '2021-09-23 00:00:00' 
ORDER BY STR_TO_DATE(Gestion_acepto.fecha_acepto,'%d/%m/%Y') , Gestion_acepto.hora_acepto  
 inicia:08:47:20
hoy_actual:2021-09-23 08:47:20
SELECT primaryk, `codigo`,`coordenadas`, `nombre_completo`,fecha_acepto,hora_acepto,id_tipo_gestion FROM `DatosClientes` 
LEFT JOIN Gestion_acepto ON Gestion_acepto.codigo_cliente = DatosClientes.codigo WHERE 
STR_TO_DATE(Gestion_acepto.fecha_acepto,'%d/%m/%Y') <= '2021-09-23 23:59:59' AND 
STR_TO_DATE(Gestion_acepto.fecha_acepto,'%d/%m/%Y') >= '2021-09-23 00:00:00' 
ORDER BY STR_TO_DATE(Gestion_acepto.fecha_acepto,'%d/%m/%Y') , Gestion_acepto.hora_acepto  
 inicia:08:56:18
hoy_actual:2021-09-23 08:56:18
SELECT primaryk, `codigo`,`coordenadas`, `nombre_completo`,fecha_acepto,hora_acepto,id_tipo_gestion FROM `DatosClientes` 
LEFT JOIN Gestion_acepto ON Gestion_acepto.codigo_cliente = DatosClientes.codigo WHERE 
STR_TO_DATE(Gestion_acepto.fecha_acepto,'%d/%m/%Y') <= '2021-09-23 23:59:59' AND 
STR_TO_DATE(Gestion_acepto.fecha_acepto,'%d/%m/%Y') >= '2021-09-23 00:00:00' 
ORDER BY STR_TO_DATE(Gestion_acepto.fecha_acepto,'%d/%m/%Y') , Gestion_acepto.hora_acepto  
 inicia:09:04:55
hoy_actual:2021-09-23 09:04:55
SELECT primaryk, `codigo`,`coordenadas`, `nombre_completo`,fecha_acepto,hora_acepto,id_tipo_gestion FROM `DatosClientes` 
LEFT JOIN Gestion_acepto ON Gestion_acepto.codigo_cliente = DatosClientes.codigo WHERE 
STR_TO_DATE(Gestion_acepto.fecha_acepto,'%d/%m/%Y') <= '2021-09-23 23:59:59' AND 
STR_TO_DATE(Gestion_acepto.fecha_acepto,'%d/%m/%Y') >= '2021-09-23 00:00:00' 
ORDER BY STR_TO_DATE(Gestion_acepto.fecha_acepto,'%d/%m/%Y') , Gestion_acepto.hora_acepto  
 inicia:09:12:25
hoy_actual:2021-09-23 09:12:25
SELECT primaryk, `codigo`,`coordenadas`, `nombre_completo`,fecha_acepto,hora_acepto,id_tipo_gestion FROM `DatosClientes` 
LEFT JOIN Gestion_acepto ON Gestion_acepto.codigo_cliente = DatosClientes.codigo WHERE 
STR_TO_DATE(Gestion_acepto.fecha_acepto,'%d/%m/%Y') <= '2021-09-23 23:59:59' AND 
STR_TO_DATE(Gestion_acepto.fecha_acepto,'%d/%m/%Y') >= '2021-09-23 00:00:00' 
ORDER BY STR_TO_DATE(Gestion_acepto.fecha_acepto,'%d/%m/%Y') , Gestion_acepto.hora_acepto  
 inicia:09:17:46
hoy_actual:2021-09-23 09:17:46
SELECT primaryk, `codigo`,`coordenadas`, `nombre_completo`,fecha_acepto,hora_acepto,id_tipo_gestion FROM `DatosClientes` 
LEFT JOIN Gestion_acepto ON Gestion_acepto.codigo_cliente = DatosClientes.codigo WHERE 
STR_TO_DATE(Gestion_acepto.fecha_acepto,'%d/%m/%Y') <= '2021-09-23 23:59:59' AND 
STR_TO_DATE(Gestion_acepto.fecha_acepto,'%d/%m/%Y') >= '2021-09-23 00:00:00' 
ORDER BY STR_TO_DATE(Gestion_acepto.fecha_acepto,'%d/%m/%Y') , Gestion_acepto.hora_acepto  
 inicia:09:25:55
hoy_actual:2021-09-23 09:25:55
SELECT primaryk, `codigo`,`coordenadas`, `nombre_completo`,fecha_acepto,hora_acepto,id_tipo_gestion FROM `DatosClientes` 
LEFT JOIN Gestion_acepto ON Gestion_acepto.codigo_cliente = DatosClientes.codigo WHERE 
STR_TO_DATE(Gestion_acepto.fecha_acepto,'%d/%m/%Y') <= '2021-09-23 23:59:59' AND 
STR_TO_DATE(Gestion_acepto.fecha_acepto,'%d/%m/%Y') >= '2021-09-23 00:00:00' 
ORDER BY STR_TO_DATE(Gestion_acepto.fecha_acepto,'%d/%m/%Y') , Gestion_acepto.hora_acepto  
 inicia:09:26:12
hoy_actual:2021-09-23 09:26:12
SELECT primaryk, `codigo`,`coordenadas`, `nombre_completo`,fecha_acepto,hora_acepto,id_tipo_gestion FROM `DatosClientes` 
LEFT JOIN Gestion_acepto ON Gestion_acepto.codigo_cliente = DatosClientes.codigo WHERE 
STR_TO_DATE(Gestion_acepto.fecha_acepto,'%d/%m/%Y') <= '2021-09-23 23:59:59' AND 
STR_TO_DATE(Gestion_acepto.fecha_acepto,'%d/%m/%Y') >= '2021-09-23 00:00:00' 
ORDER BY STR_TO_DATE(Gestion_acepto.fecha_acepto,'%d/%m/%Y') , Gestion_acepto.hora_acepto  
 inicia:09:31:56
hoy_actual:2021-09-23 09:31:56
SELECT primaryk, `codigo`,`coordenadas`, `nombre_completo`,fecha_acepto,hora_acepto,id_tipo_gestion FROM `DatosClientes` 
LEFT JOIN Gestion_acepto ON Gestion_acepto.codigo_cliente = DatosClientes.codigo WHERE 
STR_TO_DATE(Gestion_acepto.fecha_acepto,'%d/%m/%Y') <= '2021-09-23 23:59:59' AND 
STR_TO_DATE(Gestion_acepto.fecha_acepto,'%d/%m/%Y') >= '2021-09-23 00:00:00' 
ORDER BY STR_TO_DATE(Gestion_acepto.fecha_acepto,'%d/%m/%Y') , Gestion_acepto.hora_acepto  
 inicia:09:34:03
hoy_actual:2021-09-23 09:34:03
SELECT primaryk, `codigo`,`coordenadas`, `nombre_completo`,fecha_acepto,hora_acepto,id_tipo_gestion FROM `DatosClientes` 
LEFT JOIN Gestion_acepto ON Gestion_acepto.codigo_cliente = DatosClientes.codigo WHERE 
STR_TO_DATE(Gestion_acepto.fecha_acepto,'%d/%m/%Y') <= '2021-09-23 23:59:59' AND 
STR_TO_DATE(Gestion_acepto.fecha_acepto,'%d/%m/%Y') >= '2021-09-23 00:00:00' 
ORDER BY STR_TO_DATE(Gestion_acepto.fecha_acepto,'%d/%m/%Y') , Gestion_acepto.hora_acepto  
 inicia:09:35:18
hoy_actual:2021-09-23 09:35:18
SELECT primaryk, `codigo`,`coordenadas`, `nombre_completo`,fecha_acepto,hora_acepto,id_tipo_gestion FROM `DatosClientes` 
LEFT JOIN Gestion_acepto ON Gestion_acepto.codigo_cliente = DatosClientes.codigo WHERE 
STR_TO_DATE(Gestion_acepto.fecha_acepto,'%d/%m/%Y') <= '2021-09-23 23:59:59' AND 
STR_TO_DATE(Gestion_acepto.fecha_acepto,'%d/%m/%Y') >= '2021-09-23 00:00:00' 
ORDER BY STR_TO_DATE(Gestion_acepto.fecha_acepto,'%d/%m/%Y') , Gestion_acepto.hora_acepto  
 inicia:09:38:47
hoy_actual:2021-09-23 09:38:47
SELECT primaryk, `codigo`,`coordenadas`, `nombre_completo`,fecha_acepto,hora_acepto,id_tipo_gestion FROM `DatosClientes` 
LEFT JOIN Gestion_acepto ON Gestion_acepto.codigo_cliente = DatosClientes.codigo WHERE 
STR_TO_DATE(Gestion_acepto.fecha_acepto,'%d/%m/%Y') <= '2021-09-23 23:59:59' AND 
STR_TO_DATE(Gestion_acepto.fecha_acepto,'%d/%m/%Y') >= '2021-09-23 00:00:00' 
ORDER BY STR_TO_DATE(Gestion_acepto.fecha_acepto,'%d/%m/%Y') , Gestion_acepto.hora_acepto  
 inicia:09:41:26
hoy_actual:2021-09-23 09:41:26
SELECT primaryk, `codigo`,`coordenadas`, `nombre_completo`,fecha_acepto,hora_acepto,id_tipo_gestion FROM `DatosClientes` 
LEFT JOIN Gestion_acepto ON Gestion_acepto.codigo_cliente = DatosClientes.codigo WHERE 
STR_TO_DATE(Gestion_acepto.fecha_acepto,'%d/%m/%Y') <= '2021-09-23 23:59:59' AND 
STR_TO_DATE(Gestion_acepto.fecha_acepto,'%d/%m/%Y') >= '2021-09-23 00:00:00' 
ORDER BY STR_TO_DATE(Gestion_acepto.fecha_acepto,'%d/%m/%Y') , Gestion_acepto.hora_acepto  
 inicia:09:49:21
hoy_actual:2021-09-23 09:49:21
SELECT primaryk, `codigo`,`coordenadas`, `nombre_completo`,fecha_acepto,hora_acepto,id_tipo_gestion FROM `DatosClientes` 
LEFT JOIN Gestion_acepto ON Gestion_acepto.codigo_cliente = DatosClientes.codigo WHERE 
STR_TO_DATE(Gestion_acepto.fecha_acepto,'%d/%m/%Y') <= '2021-09-23 23:59:59' AND 
STR_TO_DATE(Gestion_acepto.fecha_acepto,'%d/%m/%Y') >= '2021-09-23 00:00:00' 
ORDER BY STR_TO_DATE(Gestion_acepto.fecha_acepto,'%d/%m/%Y') , Gestion_acepto.hora_acepto  
 inicia:10:08:25
hoy_actual:2021-09-23 10:08:25
SELECT primaryk, `codigo`,`coordenadas`, `nombre_completo`,fecha_acepto,hora_acepto,id_tipo_gestion FROM `DatosClientes` 
LEFT JOIN Gestion_acepto ON Gestion_acepto.codigo_cliente = DatosClientes.codigo WHERE 
STR_TO_DATE(Gestion_acepto.fecha_acepto,'%d/%m/%Y') <= '2021-09-23 23:59:59' AND 
STR_TO_DATE(Gestion_acepto.fecha_acepto,'%d/%m/%Y') >= '2021-09-23 00:00:00' 
ORDER BY STR_TO_DATE(Gestion_acepto.fecha_acepto,'%d/%m/%Y') , Gestion_acepto.hora_acepto  
 inicia:10:18:02
hoy_actual:2021-09-23 10:18:02
SELECT primaryk, `codigo`,`coordenadas`, `nombre_completo`,fecha_acepto,hora_acepto,id_tipo_gestion FROM `DatosClientes` 
LEFT JOIN Gestion_acepto ON Gestion_acepto.codigo_cliente = DatosClientes.codigo WHERE 
STR_TO_DATE(Gestion_acepto.fecha_acepto,'%d/%m/%Y') <= '2021-09-23 23:59:59' AND 
STR_TO_DATE(Gestion_acepto.fecha_acepto,'%d/%m/%Y') >= '2021-09-23 00:00:00' 
ORDER BY STR_TO_DATE(Gestion_acepto.fecha_acepto,'%d/%m/%Y') , Gestion_acepto.hora_acepto  
 inicia:10:21:31
hoy_actual:2021-09-23 10:21:31
SELECT primaryk, `codigo`,`coordenadas`, `nombre_completo`,fecha_acepto,hora_acepto,id_tipo_gestion FROM `DatosClientes` 
LEFT JOIN Gestion_acepto ON Gestion_acepto.codigo_cliente = DatosClientes.codigo WHERE 
STR_TO_DATE(Gestion_acepto.fecha_acepto,'%d/%m/%Y') <= '2021-09-23 23:59:59' AND 
STR_TO_DATE(Gestion_acepto.fecha_acepto,'%d/%m/%Y') >= '2021-09-23 00:00:00' 
ORDER BY STR_TO_DATE(Gestion_acepto.fecha_acepto,'%d/%m/%Y') , Gestion_acepto.hora_acepto  
 inicia:10:30:39
hoy_actual:2021-09-23 10:30:39
SELECT primaryk, `codigo`,`coordenadas`, `nombre_completo`,fecha_acepto,hora_acepto,id_tipo_gestion FROM `DatosClientes` 
LEFT JOIN Gestion_acepto ON Gestion_acepto.codigo_cliente = DatosClientes.codigo WHERE 
STR_TO_DATE(Gestion_acepto.fecha_acepto,'%d/%m/%Y') <= '2021-09-23 23:59:59' AND 
STR_TO_DATE(Gestion_acepto.fecha_acepto,'%d/%m/%Y') >= '2021-09-23 00:00:00' 
ORDER BY STR_TO_DATE(Gestion_acepto.fecha_acepto,'%d/%m/%Y') , Gestion_acepto.hora_acepto  
 inicia:10:35:19
hoy_actual:2021-09-23 10:35:19
SELECT primaryk, `codigo`,`coordenadas`, `nombre_completo`,fecha_acepto,hora_acepto,id_tipo_gestion FROM `DatosClientes` 
LEFT JOIN Gestion_acepto ON Gestion_acepto.codigo_cliente = DatosClientes.codigo WHERE 
STR_TO_DATE(Gestion_acepto.fecha_acepto,'%d/%m/%Y') <= '2021-09-23 23:59:59' AND 
STR_TO_DATE(Gestion_acepto.fecha_acepto,'%d/%m/%Y') >= '2021-09-23 00:00:00' 
ORDER BY STR_TO_DATE(Gestion_acepto.fecha_acepto,'%d/%m/%Y') , Gestion_acepto.hora_acepto  
 inicia:10:38:48
hoy_actual:2021-09-23 10:38:48
SELECT primaryk, `codigo`,`coordenadas`, `nombre_completo`,fecha_acepto,hora_acepto,id_tipo_gestion FROM `DatosClientes` 
LEFT JOIN Gestion_acepto ON Gestion_acepto.codigo_cliente = DatosClientes.codigo WHERE 
STR_TO_DATE(Gestion_acepto.fecha_acepto,'%d/%m/%Y') <= '2021-09-23 23:59:59' AND 
STR_TO_DATE(Gestion_acepto.fecha_acepto,'%d/%m/%Y') >= '2021-09-23 00:00:00' 
ORDER BY STR_TO_DATE(Gestion_acepto.fecha_acepto,'%d/%m/%Y') , Gestion_acepto.hora_acepto  
 inicia:10:41:27
hoy_actual:2021-09-23 10:41:27
SELECT primaryk, `codigo`,`coordenadas`, `nombre_completo`,fecha_acepto,hora_acepto,id_tipo_gestion FROM `DatosClientes` 
LEFT JOIN Gestion_acepto ON Gestion_acepto.codigo_cliente = DatosClientes.codigo WHERE 
STR_TO_DATE(Gestion_acepto.fecha_acepto,'%d/%m/%Y') <= '2021-09-23 23:59:59' AND 
STR_TO_DATE(Gestion_acepto.fecha_acepto,'%d/%m/%Y') >= '2021-09-23 00:00:00' 
ORDER BY STR_TO_DATE(Gestion_acepto.fecha_acepto,'%d/%m/%Y') , Gestion_acepto.hora_acepto  
 inicia:10:49:21
hoy_actual:2021-09-23 10:49:21
SELECT primaryk, `codigo`,`coordenadas`, `nombre_completo`,fecha_acepto,hora_acepto,id_tipo_gestion FROM `DatosClientes` 
LEFT JOIN Gestion_acepto ON Gestion_acepto.codigo_cliente = DatosClientes.codigo WHERE 
STR_TO_DATE(Gestion_acepto.fecha_acepto,'%d/%m/%Y') <= '2021-09-23 23:59:59' AND 
STR_TO_DATE(Gestion_acepto.fecha_acepto,'%d/%m/%Y') >= '2021-09-23 00:00:00' 
ORDER BY STR_TO_DATE(Gestion_acepto.fecha_acepto,'%d/%m/%Y') , Gestion_acepto.hora_acepto  
 inicia:10:54:05
hoy_actual:2021-09-23 10:54:05
SELECT primaryk, `codigo`,`coordenadas`, `nombre_completo`,fecha_acepto,hora_acepto,id_tipo_gestion FROM `DatosClientes` 
LEFT JOIN Gestion_acepto ON Gestion_acepto.codigo_cliente = DatosClientes.codigo WHERE 
STR_TO_DATE(Gestion_acepto.fecha_acepto,'%d/%m/%Y') <= '2021-09-23 23:59:59' AND 
STR_TO_DATE(Gestion_acepto.fecha_acepto,'%d/%m/%Y') >= '2021-09-23 00:00:00' 
ORDER BY STR_TO_DATE(Gestion_acepto.fecha_acepto,'%d/%m/%Y') , Gestion_acepto.hora_acepto  
 inicia:10:57:02
hoy_actual:2021-09-23 10:57:02
SELECT primaryk, `codigo`,`coordenadas`, `nombre_completo`,fecha_acepto,hora_acepto,id_tipo_gestion FROM `DatosClientes` 
LEFT JOIN Gestion_acepto ON Gestion_acepto.codigo_cliente = DatosClientes.codigo WHERE 
STR_TO_DATE(Gestion_acepto.fecha_acepto,'%d/%m/%Y') <= '2021-09-23 23:59:59' AND 
STR_TO_DATE(Gestion_acepto.fecha_acepto,'%d/%m/%Y') >= '2021-09-23 00:00:00' 
ORDER BY STR_TO_DATE(Gestion_acepto.fecha_acepto,'%d/%m/%Y') , Gestion_acepto.hora_acepto  
 inicia:11:02:03
hoy_actual:2021-09-23 11:02:03
SELECT primaryk, `codigo`,`coordenadas`, `nombre_completo`,fecha_acepto,hora_acepto,id_tipo_gestion FROM `DatosClientes` 
LEFT JOIN Gestion_acepto ON Gestion_acepto.codigo_cliente = DatosClientes.codigo WHERE 
STR_TO_DATE(Gestion_acepto.fecha_acepto,'%d/%m/%Y') <= '2021-09-23 23:59:59' AND 
STR_TO_DATE(Gestion_acepto.fecha_acepto,'%d/%m/%Y') >= '2021-09-23 00:00:00' 
ORDER BY STR_TO_DATE(Gestion_acepto.fecha_acepto,'%d/%m/%Y') , Gestion_acepto.hora_acepto  
 inicia:11:08:26
hoy_actual:2021-09-23 11:08:26
SELECT primaryk, `codigo`,`coordenadas`, `nombre_completo`,fecha_acepto,hora_acepto,id_tipo_gestion FROM `DatosClientes` 
LEFT JOIN Gestion_acepto ON Gestion_acepto.codigo_cliente = DatosClientes.codigo WHERE 
STR_TO_DATE(Gestion_acepto.fecha_acepto,'%d/%m/%Y') <= '2021-09-23 23:59:59' AND 
STR_TO_DATE(Gestion_acepto.fecha_acepto,'%d/%m/%Y') >= '2021-09-23 00:00:00' 
ORDER BY STR_TO_DATE(Gestion_acepto.fecha_acepto,'%d/%m/%Y') , Gestion_acepto.hora_acepto  
 inicia:11:18:03
hoy_actual:2021-09-23 11:18:03
SELECT primaryk, `codigo`,`coordenadas`, `nombre_completo`,fecha_acepto,hora_acepto,id_tipo_gestion FROM `DatosClientes` 
LEFT JOIN Gestion_acepto ON Gestion_acepto.codigo_cliente = DatosClientes.codigo WHERE 
STR_TO_DATE(Gestion_acepto.fecha_acepto,'%d/%m/%Y') <= '2021-09-23 23:59:59' AND 
STR_TO_DATE(Gestion_acepto.fecha_acepto,'%d/%m/%Y') >= '2021-09-23 00:00:00' 
ORDER BY STR_TO_DATE(Gestion_acepto.fecha_acepto,'%d/%m/%Y') , Gestion_acepto.hora_acepto  
 inicia:11:21:32
hoy_actual:2021-09-23 11:21:32
SELECT primaryk, `codigo`,`coordenadas`, `nombre_completo`,fecha_acepto,hora_acepto,id_tipo_gestion FROM `DatosClientes` 
LEFT JOIN Gestion_acepto ON Gestion_acepto.codigo_cliente = DatosClientes.codigo WHERE 
STR_TO_DATE(Gestion_acepto.fecha_acepto,'%d/%m/%Y') <= '2021-09-23 23:59:59' AND 
STR_TO_DATE(Gestion_acepto.fecha_acepto,'%d/%m/%Y') >= '2021-09-23 00:00:00' 
ORDER BY STR_TO_DATE(Gestion_acepto.fecha_acepto,'%d/%m/%Y') , Gestion_acepto.hora_acepto  
 inicia:13:14:06
hoy_actual:2021-09-23 13:14:06
SELECT primaryk, `codigo`,`coordenadas`, `nombre_completo`,fecha_acepto,hora_acepto,id_tipo_gestion FROM `DatosClientes` 
LEFT JOIN Gestion_acepto ON Gestion_acepto.codigo_cliente = DatosClientes.codigo WHERE 
STR_TO_DATE(Gestion_acepto.fecha_acepto,'%d/%m/%Y') <= '2021-09-23 23:59:59' AND 
STR_TO_DATE(Gestion_acepto.fecha_acepto,'%d/%m/%Y') >= '2021-09-23 00:00:00' 
ORDER BY STR_TO_DATE(Gestion_acepto.fecha_acepto,'%d/%m/%Y') , Gestion_acepto.hora_acepto  
 inicia:13:18:27
hoy_actual:2021-09-23 13:18:27
SELECT primaryk, `codigo`,`coordenadas`, `nombre_completo`,fecha_acepto,hora_acepto,id_tipo_gestion FROM `DatosClientes` 
LEFT JOIN Gestion_acepto ON Gestion_acepto.codigo_cliente = DatosClientes.codigo WHERE 
STR_TO_DATE(Gestion_acepto.fecha_acepto,'%d/%m/%Y') <= '2021-09-23 23:59:59' AND 
STR_TO_DATE(Gestion_acepto.fecha_acepto,'%d/%m/%Y') >= '2021-09-23 00:00:00' 
ORDER BY STR_TO_DATE(Gestion_acepto.fecha_acepto,'%d/%m/%Y') , Gestion_acepto.hora_acepto  
 inicia:13:25:20
hoy_actual:2021-09-23 13:25:20
SELECT primaryk, `codigo`,`coordenadas`, `nombre_completo`,fecha_acepto,hora_acepto,id_tipo_gestion FROM `DatosClientes` 
LEFT JOIN Gestion_acepto ON Gestion_acepto.codigo_cliente = DatosClientes.codigo WHERE 
STR_TO_DATE(Gestion_acepto.fecha_acepto,'%d/%m/%Y') <= '2021-09-23 23:59:59' AND 
STR_TO_DATE(Gestion_acepto.fecha_acepto,'%d/%m/%Y') >= '2021-09-23 00:00:00' 
ORDER BY STR_TO_DATE(Gestion_acepto.fecha_acepto,'%d/%m/%Y') , Gestion_acepto.hora_acepto  
 inicia:13:25:22
hoy_actual:2021-09-23 13:25:22
SELECT primaryk, `codigo`,`coordenadas`, `nombre_completo`,fecha_acepto,hora_acepto,id_tipo_gestion FROM `DatosClientes` 
LEFT JOIN Gestion_acepto ON Gestion_acepto.codigo_cliente = DatosClientes.codigo WHERE 
STR_TO_DATE(Gestion_acepto.fecha_acepto,'%d/%m/%Y') <= '2021-09-23 23:59:59' AND 
STR_TO_DATE(Gestion_acepto.fecha_acepto,'%d/%m/%Y') >= '2021-09-23 00:00:00' 
ORDER BY STR_TO_DATE(Gestion_acepto.fecha_acepto,'%d/%m/%Y') , Gestion_acepto.hora_acepto  
 inicia:13:25:25
hoy_actual:2021-09-23 13:25:25
SELECT primaryk, `codigo`,`coordenadas`, `nombre_completo`,fecha_acepto,hora_acepto,id_tipo_gestion FROM `DatosClientes` 
LEFT JOIN Gestion_acepto ON Gestion_acepto.codigo_cliente = DatosClientes.codigo WHERE 
STR_TO_DATE(Gestion_acepto.fecha_acepto,'%d/%m/%Y') <= '2021-09-23 23:59:59' AND 
STR_TO_DATE(Gestion_acepto.fecha_acepto,'%d/%m/%Y') >= '2021-09-23 00:00:00' 
ORDER BY STR_TO_DATE(Gestion_acepto.fecha_acepto,'%d/%m/%Y') , Gestion_acepto.hora_acepto  
 inicia:13:30:03
hoy_actual:2021-09-23 13:30:03
SELECT primaryk, `codigo`,`coordenadas`, `nombre_completo`,fecha_acepto,hora_acepto,id_tipo_gestion FROM `DatosClientes` 
LEFT JOIN Gestion_acepto ON Gestion_acepto.codigo_cliente = DatosClientes.codigo WHERE 
STR_TO_DATE(Gestion_acepto.fecha_acepto,'%d/%m/%Y') <= '2021-09-23 23:59:59' AND 
STR_TO_DATE(Gestion_acepto.fecha_acepto,'%d/%m/%Y') >= '2021-09-23 00:00:00' 
ORDER BY STR_TO_DATE(Gestion_acepto.fecha_acepto,'%d/%m/%Y') , Gestion_acepto.hora_acepto  
 inicia:13:30:09
hoy_actual:2021-09-23 13:30:09
SELECT primaryk, `codigo`,`coordenadas`, `nombre_completo`,fecha_acepto,hora_acepto,id_tipo_gestion FROM `DatosClientes` 
LEFT JOIN Gestion_acepto ON Gestion_acepto.codigo_cliente = DatosClientes.codigo WHERE 
STR_TO_DATE(Gestion_acepto.fecha_acepto,'%d/%m/%Y') <= '2021-09-23 23:59:59' AND 
STR_TO_DATE(Gestion_acepto.fecha_acepto,'%d/%m/%Y') >= '2021-09-23 00:00:00' 
ORDER BY STR_TO_DATE(Gestion_acepto.fecha_acepto,'%d/%m/%Y') , Gestion_acepto.hora_acepto  
 inicia:13:37:00
hoy_actual:2021-09-23 13:37:00
SELECT primaryk, `codigo`,`coordenadas`, `nombre_completo`,fecha_acepto,hora_acepto,id_tipo_gestion FROM `DatosClientes` 
LEFT JOIN Gestion_acepto ON Gestion_acepto.codigo_cliente = DatosClientes.codigo WHERE 
STR_TO_DATE(Gestion_acepto.fecha_acepto,'%d/%m/%Y') <= '2021-09-23 23:59:59' AND 
STR_TO_DATE(Gestion_acepto.fecha_acepto,'%d/%m/%Y') >= '2021-09-23 00:00:00' 
ORDER BY STR_TO_DATE(Gestion_acepto.fecha_acepto,'%d/%m/%Y') , Gestion_acepto.hora_acepto  
 inicia:13:39:17
hoy_actual:2021-09-23 13:39:17
SELECT primaryk, `codigo`,`coordenadas`, `nombre_completo`,fecha_acepto,hora_acepto,id_tipo_gestion FROM `DatosClientes` 
LEFT JOIN Gestion_acepto ON Gestion_acepto.codigo_cliente = DatosClientes.codigo WHERE 
STR_TO_DATE(Gestion_acepto.fecha_acepto,'%d/%m/%Y') <= '2021-09-23 23:59:59' AND 
STR_TO_DATE(Gestion_acepto.fecha_acepto,'%d/%m/%Y') >= '2021-09-23 00:00:00' 
ORDER BY STR_TO_DATE(Gestion_acepto.fecha_acepto,'%d/%m/%Y') , Gestion_acepto.hora_acepto  
