 inicia:08:44:08
hoy_actual:2022-07-14 08:44:08
SELECT primaryk, `codigo`,`coordenadas`, `nombre_completo`,fecha_acepto,hora_acepto,id_tipo_gestion FROM `DatosClientes` 
LEFT JOIN Gestion_acepto ON Gestion_acepto.codigo_cliente = DatosClientes.codigo WHERE 
STR_TO_DATE(Gestion_acepto.fecha_acepto,'%d/%m/%Y') <= '2022-07-14 23:59:59' AND 
STR_TO_DATE(Gestion_acepto.fecha_acepto,'%d/%m/%Y') >= '2022-07-14 00:00:00' 
ORDER BY STR_TO_DATE(Gestion_acepto.fecha_acepto,'%d/%m/%Y') , Gestion_acepto.hora_acepto  
 inicia:08:44:10
hoy_actual:2022-07-14 08:44:10
 BUSCAR SIGUIENTE:1
NUEVA FECHA:2022-07-15 08:44:10 MIN:2022-07-15 00:00:00 -MAX:2022-07-15 23:59:59
SELECT primaryk, `codigo`,`coordenadas`, `nombre_completo`,fecha_acepto,hora_acepto,id_tipo_gestion FROM `DatosClientes` 
LEFT JOIN Gestion_acepto ON Gestion_acepto.codigo_cliente = DatosClientes.codigo WHERE 
STR_TO_DATE(Gestion_acepto.fecha_acepto,'%d/%m/%Y') <= '2022-07-15 23:59:59' AND 
STR_TO_DATE(Gestion_acepto.fecha_acepto,'%d/%m/%Y') >= '2022-07-15 00:00:00' 
ORDER BY STR_TO_DATE(Gestion_acepto.fecha_acepto,'%d/%m/%Y') , Gestion_acepto.hora_acepto  
 inicia:08:44:11
hoy_actual:2022-07-14 08:44:11
 BUSCAR SIGUIENTE:2
NUEVA FECHA:2022-07-16 08:44:11 MIN:2022-07-16 00:00:00 -MAX:2022-07-16 23:59:59
SELECT primaryk, `codigo`,`coordenadas`, `nombre_completo`,fecha_acepto,hora_acepto,id_tipo_gestion FROM `DatosClientes` 
LEFT JOIN Gestion_acepto ON Gestion_acepto.codigo_cliente = DatosClientes.codigo WHERE 
STR_TO_DATE(Gestion_acepto.fecha_acepto,'%d/%m/%Y') <= '2022-07-16 23:59:59' AND 
STR_TO_DATE(Gestion_acepto.fecha_acepto,'%d/%m/%Y') >= '2022-07-16 00:00:00' 
ORDER BY STR_TO_DATE(Gestion_acepto.fecha_acepto,'%d/%m/%Y') , Gestion_acepto.hora_acepto  
 inicia:08:44:13
hoy_actual:2022-07-14 08:44:13
 BUSCAR SIGUIENTE:3
NUEVA FECHA:2022-07-17 08:44:13 MIN:2022-07-17 00:00:00 -MAX:2022-07-17 23:59:59
SELECT primaryk, `codigo`,`coordenadas`, `nombre_completo`,fecha_acepto,hora_acepto,id_tipo_gestion FROM `DatosClientes` 
LEFT JOIN Gestion_acepto ON Gestion_acepto.codigo_cliente = DatosClientes.codigo WHERE 
STR_TO_DATE(Gestion_acepto.fecha_acepto,'%d/%m/%Y') <= '2022-07-17 23:59:59' AND 
STR_TO_DATE(Gestion_acepto.fecha_acepto,'%d/%m/%Y') >= '2022-07-17 00:00:00' 
ORDER BY STR_TO_DATE(Gestion_acepto.fecha_acepto,'%d/%m/%Y') , Gestion_acepto.hora_acepto  
 inicia:08:44:15
hoy_actual:2022-07-14 08:44:15
 BUSCAR SIGUIENTE:4
NUEVA FECHA:2022-07-18 08:44:15 MIN:2022-07-18 00:00:00 -MAX:2022-07-18 23:59:59
SELECT primaryk, `codigo`,`coordenadas`, `nombre_completo`,fecha_acepto,hora_acepto,id_tipo_gestion FROM `DatosClientes` 
LEFT JOIN Gestion_acepto ON Gestion_acepto.codigo_cliente = DatosClientes.codigo WHERE 
STR_TO_DATE(Gestion_acepto.fecha_acepto,'%d/%m/%Y') <= '2022-07-18 23:59:59' AND 
STR_TO_DATE(Gestion_acepto.fecha_acepto,'%d/%m/%Y') >= '2022-07-18 00:00:00' 
ORDER BY STR_TO_DATE(Gestion_acepto.fecha_acepto,'%d/%m/%Y') , Gestion_acepto.hora_acepto  
 inicia:08:44:17
hoy_actual:2022-07-14 08:44:17
 BUSCAR SIGUIENTE:5
NUEVA FECHA:2022-07-19 08:44:17 MIN:2022-07-19 00:00:00 -MAX:2022-07-19 23:59:59
SELECT primaryk, `codigo`,`coordenadas`, `nombre_completo`,fecha_acepto,hora_acepto,id_tipo_gestion FROM `DatosClientes` 
LEFT JOIN Gestion_acepto ON Gestion_acepto.codigo_cliente = DatosClientes.codigo WHERE 
STR_TO_DATE(Gestion_acepto.fecha_acepto,'%d/%m/%Y') <= '2022-07-19 23:59:59' AND 
STR_TO_DATE(Gestion_acepto.fecha_acepto,'%d/%m/%Y') >= '2022-07-19 00:00:00' 
ORDER BY STR_TO_DATE(Gestion_acepto.fecha_acepto,'%d/%m/%Y') , Gestion_acepto.hora_acepto  
 inicia:08:44:19
hoy_actual:2022-07-14 08:44:19
 BUSCAR SIGUIENTE:6
NUEVA FECHA:2022-07-20 08:44:19 MIN:2022-07-20 00:00:00 -MAX:2022-07-20 23:59:59
SELECT primaryk, `codigo`,`coordenadas`, `nombre_completo`,fecha_acepto,hora_acepto,id_tipo_gestion FROM `DatosClientes` 
LEFT JOIN Gestion_acepto ON Gestion_acepto.codigo_cliente = DatosClientes.codigo WHERE 
STR_TO_DATE(Gestion_acepto.fecha_acepto,'%d/%m/%Y') <= '2022-07-20 23:59:59' AND 
STR_TO_DATE(Gestion_acepto.fecha_acepto,'%d/%m/%Y') >= '2022-07-20 00:00:00' 
ORDER BY STR_TO_DATE(Gestion_acepto.fecha_acepto,'%d/%m/%Y') , Gestion_acepto.hora_acepto  
 inicia:08:44:21
hoy_actual:2022-07-14 08:44:21
 BUSCAR SIGUIENTE:7
NUEVA FECHA:2022-07-21 08:44:21 MIN:2022-07-21 00:00:00 -MAX:2022-07-21 23:59:59
SELECT primaryk, `codigo`,`coordenadas`, `nombre_completo`,fecha_acepto,hora_acepto,id_tipo_gestion FROM `DatosClientes` 
LEFT JOIN Gestion_acepto ON Gestion_acepto.codigo_cliente = DatosClientes.codigo WHERE 
STR_TO_DATE(Gestion_acepto.fecha_acepto,'%d/%m/%Y') <= '2022-07-21 23:59:59' AND 
STR_TO_DATE(Gestion_acepto.fecha_acepto,'%d/%m/%Y') >= '2022-07-21 00:00:00' 
ORDER BY STR_TO_DATE(Gestion_acepto.fecha_acepto,'%d/%m/%Y') , Gestion_acepto.hora_acepto  
 inicia:08:44:23
hoy_actual:2022-07-14 08:44:23
 BUSCAR SIGUIENTE:8
NUEVA FECHA:2022-07-22 08:44:23 MIN:2022-07-22 00:00:00 -MAX:2022-07-22 23:59:59
SELECT primaryk, `codigo`,`coordenadas`, `nombre_completo`,fecha_acepto,hora_acepto,id_tipo_gestion FROM `DatosClientes` 
LEFT JOIN Gestion_acepto ON Gestion_acepto.codigo_cliente = DatosClientes.codigo WHERE 
STR_TO_DATE(Gestion_acepto.fecha_acepto,'%d/%m/%Y') <= '2022-07-22 23:59:59' AND 
STR_TO_DATE(Gestion_acepto.fecha_acepto,'%d/%m/%Y') >= '2022-07-22 00:00:00' 
ORDER BY STR_TO_DATE(Gestion_acepto.fecha_acepto,'%d/%m/%Y') , Gestion_acepto.hora_acepto  
 inicia:08:44:40
hoy_actual:2022-07-14 08:44:40
SELECT primaryk, `codigo`,`coordenadas`, `nombre_completo`,fecha_acepto,hora_acepto,id_tipo_gestion FROM `DatosClientes` 
LEFT JOIN Gestion_acepto ON Gestion_acepto.codigo_cliente = DatosClientes.codigo WHERE 
STR_TO_DATE(Gestion_acepto.fecha_acepto,'%d/%m/%Y') <= '2022-07-14 23:59:59' AND 
STR_TO_DATE(Gestion_acepto.fecha_acepto,'%d/%m/%Y') >= '2022-07-14 00:00:00' 
ORDER BY STR_TO_DATE(Gestion_acepto.fecha_acepto,'%d/%m/%Y') , Gestion_acepto.hora_acepto  
 inicia:08:44:42
hoy_actual:2022-07-14 08:44:42
 BUSCAR SIGUIENTE:1
NUEVA FECHA:2022-07-15 08:44:42 MIN:2022-07-15 00:00:00 -MAX:2022-07-15 23:59:59
SELECT primaryk, `codigo`,`coordenadas`, `nombre_completo`,fecha_acepto,hora_acepto,id_tipo_gestion FROM `DatosClientes` 
LEFT JOIN Gestion_acepto ON Gestion_acepto.codigo_cliente = DatosClientes.codigo WHERE 
STR_TO_DATE(Gestion_acepto.fecha_acepto,'%d/%m/%Y') <= '2022-07-15 23:59:59' AND 
STR_TO_DATE(Gestion_acepto.fecha_acepto,'%d/%m/%Y') >= '2022-07-15 00:00:00' 
ORDER BY STR_TO_DATE(Gestion_acepto.fecha_acepto,'%d/%m/%Y') , Gestion_acepto.hora_acepto  
 inicia:08:44:44
hoy_actual:2022-07-14 08:44:44
 BUSCAR SIGUIENTE:2
NUEVA FECHA:2022-07-16 08:44:44 MIN:2022-07-16 00:00:00 -MAX:2022-07-16 23:59:59
SELECT primaryk, `codigo`,`coordenadas`, `nombre_completo`,fecha_acepto,hora_acepto,id_tipo_gestion FROM `DatosClientes` 
LEFT JOIN Gestion_acepto ON Gestion_acepto.codigo_cliente = DatosClientes.codigo WHERE 
STR_TO_DATE(Gestion_acepto.fecha_acepto,'%d/%m/%Y') <= '2022-07-16 23:59:59' AND 
STR_TO_DATE(Gestion_acepto.fecha_acepto,'%d/%m/%Y') >= '2022-07-16 00:00:00' 
ORDER BY STR_TO_DATE(Gestion_acepto.fecha_acepto,'%d/%m/%Y') , Gestion_acepto.hora_acepto  
 inicia:08:44:46
hoy_actual:2022-07-14 08:44:46
 BUSCAR SIGUIENTE:3
NUEVA FECHA:2022-07-17 08:44:46 MIN:2022-07-17 00:00:00 -MAX:2022-07-17 23:59:59
SELECT primaryk, `codigo`,`coordenadas`, `nombre_completo`,fecha_acepto,hora_acepto,id_tipo_gestion FROM `DatosClientes` 
LEFT JOIN Gestion_acepto ON Gestion_acepto.codigo_cliente = DatosClientes.codigo WHERE 
STR_TO_DATE(Gestion_acepto.fecha_acepto,'%d/%m/%Y') <= '2022-07-17 23:59:59' AND 
STR_TO_DATE(Gestion_acepto.fecha_acepto,'%d/%m/%Y') >= '2022-07-17 00:00:00' 
ORDER BY STR_TO_DATE(Gestion_acepto.fecha_acepto,'%d/%m/%Y') , Gestion_acepto.hora_acepto  
 inicia:08:44:47
hoy_actual:2022-07-14 08:44:47
 BUSCAR SIGUIENTE:4
NUEVA FECHA:2022-07-18 08:44:47 MIN:2022-07-18 00:00:00 -MAX:2022-07-18 23:59:59
SELECT primaryk, `codigo`,`coordenadas`, `nombre_completo`,fecha_acepto,hora_acepto,id_tipo_gestion FROM `DatosClientes` 
LEFT JOIN Gestion_acepto ON Gestion_acepto.codigo_cliente = DatosClientes.codigo WHERE 
STR_TO_DATE(Gestion_acepto.fecha_acepto,'%d/%m/%Y') <= '2022-07-18 23:59:59' AND 
STR_TO_DATE(Gestion_acepto.fecha_acepto,'%d/%m/%Y') >= '2022-07-18 00:00:00' 
ORDER BY STR_TO_DATE(Gestion_acepto.fecha_acepto,'%d/%m/%Y') , Gestion_acepto.hora_acepto  
 inicia:08:44:49
hoy_actual:2022-07-14 08:44:49
 BUSCAR SIGUIENTE:5
NUEVA FECHA:2022-07-19 08:44:49 MIN:2022-07-19 00:00:00 -MAX:2022-07-19 23:59:59
SELECT primaryk, `codigo`,`coordenadas`, `nombre_completo`,fecha_acepto,hora_acepto,id_tipo_gestion FROM `DatosClientes` 
LEFT JOIN Gestion_acepto ON Gestion_acepto.codigo_cliente = DatosClientes.codigo WHERE 
STR_TO_DATE(Gestion_acepto.fecha_acepto,'%d/%m/%Y') <= '2022-07-19 23:59:59' AND 
STR_TO_DATE(Gestion_acepto.fecha_acepto,'%d/%m/%Y') >= '2022-07-19 00:00:00' 
ORDER BY STR_TO_DATE(Gestion_acepto.fecha_acepto,'%d/%m/%Y') , Gestion_acepto.hora_acepto  
 inicia:08:44:51
hoy_actual:2022-07-14 08:44:51
 BUSCAR SIGUIENTE:6
NUEVA FECHA:2022-07-20 08:44:51 MIN:2022-07-20 00:00:00 -MAX:2022-07-20 23:59:59
SELECT primaryk, `codigo`,`coordenadas`, `nombre_completo`,fecha_acepto,hora_acepto,id_tipo_gestion FROM `DatosClientes` 
LEFT JOIN Gestion_acepto ON Gestion_acepto.codigo_cliente = DatosClientes.codigo WHERE 
STR_TO_DATE(Gestion_acepto.fecha_acepto,'%d/%m/%Y') <= '2022-07-20 23:59:59' AND 
STR_TO_DATE(Gestion_acepto.fecha_acepto,'%d/%m/%Y') >= '2022-07-20 00:00:00' 
ORDER BY STR_TO_DATE(Gestion_acepto.fecha_acepto,'%d/%m/%Y') , Gestion_acepto.hora_acepto  
 inicia:08:44:53
hoy_actual:2022-07-14 08:44:53
 BUSCAR SIGUIENTE:7
NUEVA FECHA:2022-07-21 08:44:53 MIN:2022-07-21 00:00:00 -MAX:2022-07-21 23:59:59
SELECT primaryk, `codigo`,`coordenadas`, `nombre_completo`,fecha_acepto,hora_acepto,id_tipo_gestion FROM `DatosClientes` 
LEFT JOIN Gestion_acepto ON Gestion_acepto.codigo_cliente = DatosClientes.codigo WHERE 
STR_TO_DATE(Gestion_acepto.fecha_acepto,'%d/%m/%Y') <= '2022-07-21 23:59:59' AND 
STR_TO_DATE(Gestion_acepto.fecha_acepto,'%d/%m/%Y') >= '2022-07-21 00:00:00' 
ORDER BY STR_TO_DATE(Gestion_acepto.fecha_acepto,'%d/%m/%Y') , Gestion_acepto.hora_acepto  
 inicia:08:44:55
hoy_actual:2022-07-14 08:44:55
 BUSCAR SIGUIENTE:8
NUEVA FECHA:2022-07-22 08:44:55 MIN:2022-07-22 00:00:00 -MAX:2022-07-22 23:59:59
SELECT primaryk, `codigo`,`coordenadas`, `nombre_completo`,fecha_acepto,hora_acepto,id_tipo_gestion FROM `DatosClientes` 
LEFT JOIN Gestion_acepto ON Gestion_acepto.codigo_cliente = DatosClientes.codigo WHERE 
STR_TO_DATE(Gestion_acepto.fecha_acepto,'%d/%m/%Y') <= '2022-07-22 23:59:59' AND 
STR_TO_DATE(Gestion_acepto.fecha_acepto,'%d/%m/%Y') >= '2022-07-22 00:00:00' 
ORDER BY STR_TO_DATE(Gestion_acepto.fecha_acepto,'%d/%m/%Y') , Gestion_acepto.hora_acepto  
 inicia:08:56:44
hoy_actual:2022-07-14 08:56:44
SELECT primaryk, `codigo`,`coordenadas`, `nombre_completo`,fecha_acepto,hora_acepto,id_tipo_gestion FROM `DatosClientes` 
LEFT JOIN Gestion_acepto ON Gestion_acepto.codigo_cliente = DatosClientes.codigo WHERE 
STR_TO_DATE(Gestion_acepto.fecha_acepto,'%d/%m/%Y') <= '2022-07-14 23:59:59' AND 
STR_TO_DATE(Gestion_acepto.fecha_acepto,'%d/%m/%Y') >= '2022-07-14 00:00:00' 
ORDER BY STR_TO_DATE(Gestion_acepto.fecha_acepto,'%d/%m/%Y') , Gestion_acepto.hora_acepto  
 inicia:08:58:00
hoy_actual:2022-07-14 08:58:00
SELECT primaryk, `codigo`,`coordenadas`, `nombre_completo`,fecha_acepto,hora_acepto,id_tipo_gestion FROM `DatosClientes` 
LEFT JOIN Gestion_acepto ON Gestion_acepto.codigo_cliente = DatosClientes.codigo WHERE 
STR_TO_DATE(Gestion_acepto.fecha_acepto,'%d/%m/%Y') <= '2022-07-14 23:59:59' AND 
STR_TO_DATE(Gestion_acepto.fecha_acepto,'%d/%m/%Y') >= '2022-07-14 00:00:00' 
ORDER BY STR_TO_DATE(Gestion_acepto.fecha_acepto,'%d/%m/%Y') , Gestion_acepto.hora_acepto  
 inicia:09:01:46
hoy_actual:2022-07-14 09:01:46
SELECT primaryk, `codigo`,`coordenadas`, `nombre_completo`,fecha_acepto,hora_acepto,id_tipo_gestion FROM `DatosClientes` 
LEFT JOIN Gestion_acepto ON Gestion_acepto.codigo_cliente = DatosClientes.codigo WHERE 
STR_TO_DATE(Gestion_acepto.fecha_acepto,'%d/%m/%Y') <= '2022-07-14 23:59:59' AND 
STR_TO_DATE(Gestion_acepto.fecha_acepto,'%d/%m/%Y') >= '2022-07-14 00:00:00' 
ORDER BY STR_TO_DATE(Gestion_acepto.fecha_acepto,'%d/%m/%Y') , Gestion_acepto.hora_acepto  
 inicia:09:13:39
hoy_actual:2022-07-14 09:13:39
SELECT primaryk, `codigo`,`coordenadas`, `nombre_completo`,fecha_acepto,hora_acepto,id_tipo_gestion FROM `DatosClientes` 
LEFT JOIN Gestion_acepto ON Gestion_acepto.codigo_cliente = DatosClientes.codigo WHERE 
STR_TO_DATE(Gestion_acepto.fecha_acepto,'%d/%m/%Y') <= '2022-07-14 23:59:59' AND 
STR_TO_DATE(Gestion_acepto.fecha_acepto,'%d/%m/%Y') >= '2022-07-14 00:00:00' 
ORDER BY STR_TO_DATE(Gestion_acepto.fecha_acepto,'%d/%m/%Y') , Gestion_acepto.hora_acepto  
 inicia:09:14:16
hoy_actual:2022-07-14 09:14:16
SELECT primaryk, `codigo`,`coordenadas`, `nombre_completo`,fecha_acepto,hora_acepto,id_tipo_gestion FROM `DatosClientes` 
LEFT JOIN Gestion_acepto ON Gestion_acepto.codigo_cliente = DatosClientes.codigo WHERE 
STR_TO_DATE(Gestion_acepto.fecha_acepto,'%d/%m/%Y') <= '2022-07-14 23:59:59' AND 
STR_TO_DATE(Gestion_acepto.fecha_acepto,'%d/%m/%Y') >= '2022-07-14 00:00:00' 
ORDER BY STR_TO_DATE(Gestion_acepto.fecha_acepto,'%d/%m/%Y') , Gestion_acepto.hora_acepto  
 inicia:09:14:38
hoy_actual:2022-07-14 09:14:38
SELECT primaryk, `codigo`,`coordenadas`, `nombre_completo`,fecha_acepto,hora_acepto,id_tipo_gestion FROM `DatosClientes` 
LEFT JOIN Gestion_acepto ON Gestion_acepto.codigo_cliente = DatosClientes.codigo WHERE 
STR_TO_DATE(Gestion_acepto.fecha_acepto,'%d/%m/%Y') <= '2022-07-14 23:59:59' AND 
STR_TO_DATE(Gestion_acepto.fecha_acepto,'%d/%m/%Y') >= '2022-07-14 00:00:00' 
ORDER BY STR_TO_DATE(Gestion_acepto.fecha_acepto,'%d/%m/%Y') , Gestion_acepto.hora_acepto  
 inicia:09:15:54
hoy_actual:2022-07-14 09:15:54
SELECT primaryk, `codigo`,`coordenadas`, `nombre_completo`,fecha_acepto,hora_acepto,id_tipo_gestion FROM `DatosClientes` 
LEFT JOIN Gestion_acepto ON Gestion_acepto.codigo_cliente = DatosClientes.codigo WHERE 
STR_TO_DATE(Gestion_acepto.fecha_acepto,'%d/%m/%Y') <= '2022-07-14 23:59:59' AND 
STR_TO_DATE(Gestion_acepto.fecha_acepto,'%d/%m/%Y') >= '2022-07-14 00:00:00' 
ORDER BY STR_TO_DATE(Gestion_acepto.fecha_acepto,'%d/%m/%Y') , Gestion_acepto.hora_acepto  
 inicia:09:16:37
hoy_actual:2022-07-14 09:16:37
SELECT primaryk, `codigo`,`coordenadas`, `nombre_completo`,fecha_acepto,hora_acepto,id_tipo_gestion FROM `DatosClientes` 
LEFT JOIN Gestion_acepto ON Gestion_acepto.codigo_cliente = DatosClientes.codigo WHERE 
STR_TO_DATE(Gestion_acepto.fecha_acepto,'%d/%m/%Y') <= '2022-07-14 23:59:59' AND 
STR_TO_DATE(Gestion_acepto.fecha_acepto,'%d/%m/%Y') >= '2022-07-14 00:00:00' 
ORDER BY STR_TO_DATE(Gestion_acepto.fecha_acepto,'%d/%m/%Y') , Gestion_acepto.hora_acepto  
 inicia:09:16:59
hoy_actual:2022-07-14 09:16:59
SELECT primaryk, `codigo`,`coordenadas`, `nombre_completo`,fecha_acepto,hora_acepto,id_tipo_gestion FROM `DatosClientes` 
LEFT JOIN Gestion_acepto ON Gestion_acepto.codigo_cliente = DatosClientes.codigo WHERE 
STR_TO_DATE(Gestion_acepto.fecha_acepto,'%d/%m/%Y') <= '2022-07-14 23:59:59' AND 
STR_TO_DATE(Gestion_acepto.fecha_acepto,'%d/%m/%Y') >= '2022-07-14 00:00:00' 
ORDER BY STR_TO_DATE(Gestion_acepto.fecha_acepto,'%d/%m/%Y') , Gestion_acepto.hora_acepto  
 inicia:09:47:06
hoy_actual:2022-07-14 09:47:06
SELECT primaryk, `codigo`,`coordenadas`, `nombre_completo`,fecha_acepto,hora_acepto,id_tipo_gestion FROM `DatosClientes` 
LEFT JOIN Gestion_acepto ON Gestion_acepto.codigo_cliente = DatosClientes.codigo WHERE 
STR_TO_DATE(Gestion_acepto.fecha_acepto,'%d/%m/%Y') <= '2022-07-14 23:59:59' AND 
STR_TO_DATE(Gestion_acepto.fecha_acepto,'%d/%m/%Y') >= '2022-07-14 00:00:00' 
ORDER BY STR_TO_DATE(Gestion_acepto.fecha_acepto,'%d/%m/%Y') , Gestion_acepto.hora_acepto  
 inicia:09:56:31
hoy_actual:2022-07-14 09:56:31
SELECT primaryk, `codigo`,`coordenadas`, `nombre_completo`,fecha_acepto,hora_acepto,id_tipo_gestion FROM `DatosClientes` 
LEFT JOIN Gestion_acepto ON Gestion_acepto.codigo_cliente = DatosClientes.codigo WHERE 
STR_TO_DATE(Gestion_acepto.fecha_acepto,'%d/%m/%Y') <= '2022-07-14 23:59:59' AND 
STR_TO_DATE(Gestion_acepto.fecha_acepto,'%d/%m/%Y') >= '2022-07-14 00:00:00' 
ORDER BY STR_TO_DATE(Gestion_acepto.fecha_acepto,'%d/%m/%Y') , Gestion_acepto.hora_acepto  
 inicia:10:13:38
hoy_actual:2022-07-14 10:13:38
SELECT primaryk, `codigo`,`coordenadas`, `nombre_completo`,fecha_acepto,hora_acepto,id_tipo_gestion FROM `DatosClientes` 
LEFT JOIN Gestion_acepto ON Gestion_acepto.codigo_cliente = DatosClientes.codigo WHERE 
STR_TO_DATE(Gestion_acepto.fecha_acepto,'%d/%m/%Y') <= '2022-07-14 23:59:59' AND 
STR_TO_DATE(Gestion_acepto.fecha_acepto,'%d/%m/%Y') >= '2022-07-14 00:00:00' 
ORDER BY STR_TO_DATE(Gestion_acepto.fecha_acepto,'%d/%m/%Y') , Gestion_acepto.hora_acepto  
 inicia:10:58:43
hoy_actual:2022-07-14 10:58:43
SELECT primaryk, `codigo`,`coordenadas`, `nombre_completo`,fecha_acepto,hora_acepto,id_tipo_gestion FROM `DatosClientes` 
LEFT JOIN Gestion_acepto ON Gestion_acepto.codigo_cliente = DatosClientes.codigo WHERE 
STR_TO_DATE(Gestion_acepto.fecha_acepto,'%d/%m/%Y') <= '2022-07-14 23:59:59' AND 
STR_TO_DATE(Gestion_acepto.fecha_acepto,'%d/%m/%Y') >= '2022-07-14 00:00:00' 
ORDER BY STR_TO_DATE(Gestion_acepto.fecha_acepto,'%d/%m/%Y') , Gestion_acepto.hora_acepto  
