--------2021-08-26 20:20:28-------------
operador:5-cliente:01574LDORM000048-tiempo:00:00:34-tipo:1
--correcto
--------2021-08-26 20:21:30-------------
operador:5-cliente:04129PDRIM000107-tiempo:00:00:21-tipo:1
--correcto
--------2021-08-26 20:23:19-------------
operador:5-cliente:04129PDRIM00F114-tiempo:00:00:43-tipo:1
--correcto
--------2021-08-26 20:30:38-------------
operador:5-cliente:07238LSOLM000A001-tiempo:00:00:34-tipo:2
--correcto
--------2021-08-26 20:36:30-------------
operador:5-cliente:11027FRIOM018014-tiempo:00:00:32-tipo:2
--correcto
--------2021-08-26 20:41:26-------------
operador:5-cliente:09056CCRIM003001-tiempo:00:00:00-tipo:10
--correcto
--------2021-08-26 20:45:53-------------
operador:5-cliente:01574LDORM00E001-tiempo:00:00:00-tipo:5
--correcto
--------2021-08-26 20:47:37-------------
operador:5-cliente:08076TESOM00H003-tiempo:00:00:00-tipo:5
--correcto
--------2021-08-26 20:54:35-------------
operador:5-cliente:01574LDORM000017-tiempo:00:00:00-tipo:2
--correcto
--------2021-08-26 21:02:03-------------
operador:5-cliente:03552PMALM00C003-tiempo:00:00:00-tipo:1
--correcto
--------2021-08-26 21:02:48-------------
operador:5-cliente:03552PMALM00C003-tiempo:00:00:00-tipo:5
--correcto
--------2021-08-26 21:04:05-------------
operador:5-cliente:00254LPUNM00C001-tiempo:00:00:00-tipo:1
--correcto
--------2021-08-26 21:04:56-------------
operador:5-cliente:00254LPUNC00200N-tiempo:00:00:00-tipo:1
--correcto
