--------2021-09-23 08:31:55-------------
operador:3-cliente:04129PDRIM00C0143-tiempo:00:05:42-tipo:1
--correcto
--------2021-09-23 08:36:27-------------
operador:3-cliente:04129PDRIM00F113-tiempo:00:04:28-tipo:8
--correcto
--------2021-09-23 08:47:20-------------
operador:3-cliente:04129PDRIM00F112-tiempo:00:10:52-tipo:8
--correcto
--------2021-09-23 08:56:19-------------
operador:3-cliente:04129PDRIM00E104-tiempo:00:08:54-tipo:1
--correcto
--------2021-09-23 09:04:55-------------
operador:3-cliente:04129PDRIM0F0100-tiempo:00:08:31-tipo:1
--correcto
--------2021-09-23 09:12:27-------------
operador:3-cliente:08210LDSOM00J005-tiempo:00:07:27-tipo:7
--correcto
--------2021-09-23 09:17:46-------------
operador:3-cliente:07238LSOLM00V012-tiempo:00:05:14-tipo:1
--correcto
--------2021-09-23 09:25:55-------------
operador:3-cliente:03483CDRIM003032-tiempo:00:08:06-tipo:1
--correcto
--------2021-09-23 09:34:03-------------
operador:3-cliente:03578PORRM002000-tiempo:00:02:05-tipo:1
--correcto
--------2021-09-23 09:38:49-------------
operador:3-cliente:03552PMALM00A004-tiempo:00:03:27-tipo:7
--correcto
--------2021-09-23 09:41:26-------------
operador:3-cliente:03552PMALM00C003-tiempo:00:02:37-tipo:1
--correcto
--------2021-09-23 09:49:21-------------
operador:3-cliente:08919RDBAM000157-tiempo:00:07:47-tipo:8
--correcto
--------2021-09-23 10:08:25-------------
operador:3-cliente:08919RDBAM000157-tiempo:00:13:24-tipo:1
--correcto
--------2021-09-23 10:18:02-------------
operador:3-cliente:08919RDBAM000149-tiempo:00:09:35-tipo:7
--correcto
--------2021-09-23 10:21:32-------------
operador:3-cliente:04302EDRIM000013-tiempo:00:03:25-tipo:8
--correcto
--------2021-09-23 10:30:36-------------
operador:3-cliente:08919RDBAM000212-tiempo:00:09:01-tipo:2
--correcto
--------2021-09-23 10:54:05-------------
operador:3-cliente:08919RDBAM000163-tiempo:00:23:27-tipo:5
--correcto
--------2021-09-23 10:57:02-------------
operador:3-cliente:08919RDBAM000173-tiempo:00:02:52-tipo:1
--correcto
--------2021-09-23 11:02:04-------------
operador:3-cliente:08919RDBAM00N179-tiempo:00:04:59-tipo:7
--correcto
