--------2022-12-21 16:43:56-------------
operador:8-cliente:07850VSOLM00L009-tiempo:00:01:21-tipo:2
--correcto
--------2022-12-21 16:44:32-------------
operador:8-cliente:01378LRIBM00F020-tiempo:00:00:36-tipo:9
--correcto
--------2022-12-21 16:44:33-------------
operador:8-cliente:01378LRIBM00F020-tiempo:00:00:00-tipo:9
--correcto
--------2022-12-21 16:46:21-------------
operador:8-cliente:08210LDSOM00E019-tiempo:00:01:47-tipo:2
--correcto
--------2022-12-21 17:05:50-------------
operador:8-cliente:00938ISSOM000016-tiempo:00:16:44-tipo:10
--correcto
--------2022-12-21 17:06:29-------------
operador:8-cliente:01378LRIBM00F020-tiempo:00:00:37-tipo:2
--correcto
--------2022-12-21 17:16:37-------------
operador:8-cliente:00938ISSOM000019-tiempo:00:10:03-tipo:10
--correcto
