--------2022-12-05 17:14:36-------------
operador:2-cliente:00500ENRIM00E022-tiempo:00:00:16-tipo:2
--correcto
--------2022-12-05 17:16:11-------------
operador:2-cliente:07850VSOLM00J003-tiempo:00:01:30-tipo:5
--correcto
--------2022-12-05 17:16:42-------------
operador:2-cliente:07850VSOLM00B002-tiempo:00:00:12-tipo:7
--correcto
--------2022-12-05 17:17:50-------------
operador:2-cliente:07850VSOLM000009-tiempo:00:00:25-tipo:1
--correcto
--------2022-12-05 17:18:58-------------
operador:2-cliente:07850VSOLM00F003-tiempo:00:00:47-tipo:8
--correcto
--------2022-12-05 17:19:31-------------
operador:2-cliente:00500ENRIM0K1009-tiempo:00:00:33-tipo:8
--correcto
--------2022-12-05 17:20:47-------------
operador:2-cliente:00500ENRIM0R1036-tiempo:00:01:16-tipo:2
--correcto
--------2022-12-05 17:21:01-------------
operador:2-cliente:00500ENRIM0A1009-tiempo:00:00:14-tipo:3
--correcto
--------2022-12-05 17:21:14-------------
operador:2-cliente:00500ENRIM0W1013-tiempo:00:00:12-tipo:6
--correcto
--------2022-12-05 17:21:25-------------
operador:2-cliente:00500ENRIM0F1046-tiempo:00:00:12-tipo:7
--correcto
--------2022-12-05 17:21:43-------------
operador:2-cliente:00500ENRIM008041-tiempo:00:00:17-tipo:5
--correcto
--------2022-12-05 17:22:20-------------
operador:2-cliente:00500ENRIM0R1036-tiempo:00:00:38-tipo:5
--correcto
--------2022-12-05 17:24:37-------------
operador:2-cliente:00500ENRIM0G1027-tiempo:00:02:12-tipo:2
--correcto
--------2022-12-05 17:24:47-------------
operador:2-cliente:00500ENRIM00H002-tiempo:00:00:10-tipo:1
--correcto
--------2022-12-05 17:24:58-------------
operador:2-cliente:00500ENRIC006BAB-tiempo:00:00:11-tipo:6
--correcto
--------2022-12-05 17:25:20-------------
operador:2-cliente:00500ENRIM0Y1013-tiempo:00:00:23-tipo:5
--correcto
--------2022-12-05 17:26:01-------------
operador:2-cliente:00500ENRIM0I2010-tiempo:00:00:13-tipo:8
--correcto
--------2022-12-05 17:26:20-------------
operador:2-cliente:00500ENRIM0000007-tiempo:00:00:15-tipo:1
--correcto
--------2022-12-05 17:26:32-------------
operador:2-cliente:00500ENRIM0N1013-tiempo:00:00:07-tipo:8
--correcto
--------2022-12-05 17:26:41-------------
operador:2-cliente:00500ENRIC006000-tiempo:00:00:07-tipo:1
--correcto
--------2022-12-05 17:26:55-------------
operador:2-cliente:00500ENRIM0N1013-tiempo:00:00:07-tipo:8
--correcto
--------2022-12-05 17:27:12-------------
operador:2-cliente:00500ENRIM00F006-tiempo:00:00:14-tipo:5
--correcto
--------2022-12-05 17:27:24-------------
operador:2-cliente:00500ENRIC07A034-tiempo:00:00:08-tipo:8
--correcto
--------2022-12-05 17:27:35-------------
operador:2-cliente:00500ENRIC007RIO-tiempo:00:00:06-tipo:8
--correcto
--------2022-12-05 17:29:02-------------
operador:2-cliente:00500ENRIM0I2010-tiempo:00:00:55-tipo:2
--correcto
--------2022-12-05 17:30:56-------------
operador:2-cliente:07850VSOLM00N017-tiempo:00:00:36-tipo:6
--correcto
--------2022-12-05 17:31:05-------------
operador:2-cliente:07850VSOLM00E016-tiempo:00:00:05-tipo:8
--correcto
