fecha:2023-04-20 15:34:28
SELECT * FROM `gestiones_dia` WHERE `id_operador`=2 AND  DATE(fecha_ultima) = '2023-04-20' 
sin fecha
no tiene fecha insertar
 INSERT INTO gestiones_dia (id_operador, gestiones) VALUES (2,0)
error:Duplicate entry '2' for key 'PRIMARY'
fecha:2023-04-20 15:35:11
SELECT * FROM `gestiones_dia` WHERE `id_operador`=2 AND  DATE(fecha_ultima) = '2023-04-20' 
sin fecha
no tiene fecha insertar
 INSERT INTO gestiones_dia (id_operador, gestiones) VALUES (2,0)
error:Duplicate entry '2' for key 'PRIMARY'
fecha:2023-04-20 15:35:46
SELECT * FROM `gestiones_dia` WHERE `id_operador`=2 AND  DATE(fecha_ultima) = '2023-04-20' 
sin fecha
no tiene fecha insertar
 INSERT INTO gestiones_dia (id_operador, gestiones) VALUES (2,0)
error:Duplicate entry '2' for key 'PRIMARY'
fecha:2023-04-20 15:36:15
SELECT * FROM `gestiones_dia` WHERE `id_operador`=2 AND  DATE(fecha_ultima) = '2023-04-20' 
sin fecha
no tiene fecha insertar
 INSERT INTO gestiones_dia (id_operador, gestiones) VALUES (2,0)
error:Duplicate entry '2' for key 'PRIMARY'
fecha:2023-04-20 15:37:02
SELECT * FROM `gestiones_dia` WHERE `id_operador`=2 AND  DATE(fecha_ultima) = '2023-04-20' 
sin fecha
no tiene fecha insertar
 INSERT INTO gestiones_dia (id_operador, gestiones) VALUES (2,0)
error:Duplicate entry '2' for key 'PRIMARY'
fecha:2023-04-20 15:37:23
SELECT * FROM `gestiones_dia` WHERE `id_operador`=2 AND  DATE(fecha_ultima) = '2023-04-20' 
sin fecha
no tiene fecha insertar
 INSERT INTO gestiones_dia (id_operador, gestiones) VALUES (2,0)
error:Duplicate entry '2' for key 'PRIMARY'
fecha:2023-04-20 15:37:47
SELECT * FROM `gestiones_dia` WHERE `id_operador`=2 AND  DATE(fecha_ultima) = '2023-04-20' 
sin fecha
no tiene fecha insertar
 INSERT INTO gestiones_dia (id_operador, gestiones) VALUES (2,0)
error:Duplicate entry '2' for key 'PRIMARY'
fecha:2023-04-20 15:38:13
SELECT * FROM `gestiones_dia` WHERE `id_operador`=2 AND  DATE(fecha_ultima) = '2023-04-20' 
sin fecha
no tiene fecha insertar
 INSERT INTO gestiones_dia (id_operador, gestiones) VALUES (2,0)
error:Duplicate entry '2' for key 'PRIMARY'
fecha:2023-04-20 15:38:51
SELECT * FROM `gestiones_dia` WHERE `id_operador`=2 AND  DATE(fecha_ultima) = '2023-04-20' 
sin fecha
no tiene fecha insertar
 INSERT INTO gestiones_dia (id_operador, gestiones) VALUES (2,0)
error:Duplicate entry '2' for key 'PRIMARY'
fecha:2023-04-20 15:42:35
SELECT * FROM `gestiones_dia` WHERE `id_operador`=2 AND  DATE(fecha_ultima) = '2023-04-20' 
sin fecha
no tiene fecha insertar
 INSERT INTO gestiones_dia (id_operador, gestiones) VALUES (2,0)
error:Duplicate entry '2' for key 'PRIMARY'
fecha:2023-04-20 15:42:58
SELECT * FROM `gestiones_dia` WHERE `id_operador`=2 AND  DATE(fecha_ultima) = '2023-04-20' 
sin fecha
no tiene fecha insertar
 INSERT INTO gestiones_dia (id_operador, gestiones) VALUES (2,0)
error:Duplicate entry '2' for key 'PRIMARY'
fecha:2023-04-20 15:43:45
SELECT * FROM `gestiones_dia` WHERE `id_operador`=2 AND  DATE(fecha_ultima) = '2023-04-20' 
sin fecha
no tiene fecha insertar
 INSERT INTO gestiones_dia (id_operador, gestiones) VALUES (2,0)
error:Duplicate entry '2' for key 'PRIMARY'
fecha:2023-04-20 15:44:51
SELECT * FROM `gestiones_dia` WHERE `id_operador`=2 AND  DATE(fecha_ultima) = '2023-04-20' 
sin fecha
no tiene fecha insertar
 INSERT INTO gestiones_dia (id_operador, gestiones) VALUES (2,0)
error:Duplicate entry '2' for key 'PRIMARY'
fecha:2023-04-20 15:46:20
SELECT * FROM `gestiones_dia` WHERE `id_operador`=2 AND  DATE(fecha_ultima) = '2023-04-20' 
sin fecha
no tiene fecha insertar
 INSERT INTO gestiones_dia (id_operador, gestiones) VALUES (2,0)
error:Duplicate entry '2' for key 'PRIMARY'
fecha:2023-04-20 15:47:34
SELECT * FROM `gestiones_dia` WHERE `id_operador`=2 AND  DATE(fecha_ultima) = '2023-04-20' 
sin fecha
no tiene fecha insertar
 INSERT INTO gestiones_dia (id_operador, gestiones) VALUES (2,0)
error:Duplicate entry '2' for key 'PRIMARY'
fecha:2023-04-20 15:47:59
SELECT * FROM `gestiones_dia` WHERE `id_operador`=2 AND  DATE(fecha_ultima) = '2023-04-20' 
sin fecha
no tiene fecha insertar
 INSERT INTO gestiones_dia (id_operador, gestiones) VALUES (2,0)
error:Duplicate entry '2' for key 'PRIMARY'
fecha:2023-04-20 15:48:34
SELECT * FROM `gestiones_dia` WHERE `id_operador`=2 AND  DATE(fecha_ultima) = '2023-04-20' 
sin fecha
no tiene fecha insertar
 INSERT INTO gestiones_dia (id_operador, gestiones) VALUES (2,0)
error:Duplicate entry '2' for key 'PRIMARY'
fecha:2023-04-20 15:49:04
SELECT * FROM `gestiones_dia` WHERE `id_operador`=2 AND  DATE(fecha_ultima) = '2023-04-20' 
sin fecha
no tiene fecha insertar
 INSERT INTO gestiones_dia (id_operador, gestiones) VALUES (2,0)
error:Duplicate entry '2' for key 'PRIMARY'
fecha:2023-04-20 15:50:04
SELECT * FROM `gestiones_dia` WHERE `id_operador`=2 AND  DATE(fecha_ultima) = '2023-04-20' 
sin fecha
no tiene fecha insertar
 INSERT INTO gestiones_dia (id_operador, gestiones) VALUES (2,0)
error:Duplicate entry '2' for key 'PRIMARY'
fecha:2023-04-20 15:52:58
SELECT * FROM `gestiones_dia` WHERE `id_operador`=12 AND  DATE(fecha_ultima) = '2023-04-20' 
sin fecha
no tiene fecha insertar
 INSERT INTO gestiones_dia (id_operador, gestiones) VALUES (12,0)
fecha:2023-04-20 15:55:42
SELECT * FROM `gestiones_dia` WHERE `id_operador`=5 AND  DATE(fecha_ultima) = '2023-04-20' 
sin fecha
no tiene fecha insertar
 INSERT INTO gestiones_dia (id_operador, gestiones) VALUES (5,0)
error:Duplicate entry '5' for key 'PRIMARY'
fecha:2023-04-20 15:56:35
SELECT * FROM `gestiones_dia` WHERE `id_operador`=5 AND  DATE(fecha_ultima) = '2023-04-20' 
sin fecha
no tiene fecha insertar
 INSERT INTO gestiones_dia (id_operador, gestiones) VALUES (5,0)
error:Duplicate entry '5' for key 'PRIMARY'
fecha:2023-04-20 15:57:18
SELECT * FROM `gestiones_dia` WHERE `id_operador`=5 AND  DATE(fecha_ultima) = '2023-04-20' 
sin fecha
no tiene fecha insertar
 INSERT INTO gestiones_dia (id_operador, gestiones) VALUES (5,0)
error:Duplicate entry '5' for key 'PRIMARY'
fecha:2023-04-20 15:58:07
SELECT * FROM `gestiones_dia` WHERE `id_operador`=5 AND  DATE(fecha_ultima) = '2023-04-20' 
sin fecha
no tiene fecha insertar
 INSERT INTO gestiones_dia (id_operador, gestiones) VALUES (5,0)
error:Duplicate entry '5' for key 'PRIMARY'
fecha:2023-04-20 15:59:01
SELECT * FROM `gestiones_dia` WHERE `id_operador`=5 AND  DATE(fecha_ultima) = '2023-04-20' 
sin fecha
no tiene fecha insertar
 INSERT INTO gestiones_dia (id_operador, gestiones) VALUES (5,0)
error:Duplicate entry '5' for key 'PRIMARY'
fecha:2023-04-20 15:59:53
SELECT * FROM `gestiones_dia` WHERE `id_operador`=5 AND  DATE(fecha_ultima) = '2023-04-20' 
sin fecha
no tiene fecha insertar
 INSERT INTO gestiones_dia (id_operador, gestiones) VALUES (5,0)
error:Duplicate entry '5' for key 'PRIMARY'
fecha:2023-04-20 16:00:35
SELECT * FROM `gestiones_dia` WHERE `id_operador`=5 AND  DATE(fecha_ultima) = '2023-04-20' 
sin fecha
no tiene fecha insertar
 INSERT INTO gestiones_dia (id_operador, gestiones) VALUES (5,0)
error:Duplicate entry '5' for key 'PRIMARY'
fecha:2023-04-20 16:01:19
SELECT * FROM `gestiones_dia` WHERE `id_operador`=5 AND  DATE(fecha_ultima) = '2023-04-20' 
sin fecha
no tiene fecha insertar
 INSERT INTO gestiones_dia (id_operador, gestiones) VALUES (5,0)
error:Duplicate entry '5' for key 'PRIMARY'
fecha:2023-04-20 16:02:25
SELECT * FROM `gestiones_dia` WHERE `id_operador`=5 AND  DATE(fecha_ultima) = '2023-04-20' 
sin fecha
no tiene fecha insertar
 INSERT INTO gestiones_dia (id_operador, gestiones) VALUES (5,0)
error:Duplicate entry '5' for key 'PRIMARY'
fecha:2023-04-20 16:03:06
SELECT * FROM `gestiones_dia` WHERE `id_operador`=5 AND  DATE(fecha_ultima) = '2023-04-20' 
sin fecha
no tiene fecha insertar
 INSERT INTO gestiones_dia (id_operador, gestiones) VALUES (5,0)
error:Duplicate entry '5' for key 'PRIMARY'
fecha:2023-04-20 16:03:46
SELECT * FROM `gestiones_dia` WHERE `id_operador`=5 AND  DATE(fecha_ultima) = '2023-04-20' 
sin fecha
no tiene fecha insertar
 INSERT INTO gestiones_dia (id_operador, gestiones) VALUES (5,0)
error:Duplicate entry '5' for key 'PRIMARY'
fecha:2023-04-20 16:04:56
SELECT * FROM `gestiones_dia` WHERE `id_operador`=5 AND  DATE(fecha_ultima) = '2023-04-20' 
sin fecha
no tiene fecha insertar
 INSERT INTO gestiones_dia (id_operador, gestiones) VALUES (5,0)
error:Duplicate entry '5' for key 'PRIMARY'
fecha:2023-04-20 16:05:42
SELECT * FROM `gestiones_dia` WHERE `id_operador`=5 AND  DATE(fecha_ultima) = '2023-04-20' 
sin fecha
no tiene fecha insertar
 INSERT INTO gestiones_dia (id_operador, gestiones) VALUES (5,0)
error:Duplicate entry '5' for key 'PRIMARY'
fecha:2023-04-20 16:07:14
SELECT * FROM `gestiones_dia` WHERE `id_operador`=5 AND  DATE(fecha_ultima) = '2023-04-20' 
sin fecha
no tiene fecha insertar
 INSERT INTO gestiones_dia (id_operador, gestiones) VALUES (5,0)
error:Duplicate entry '5' for key 'PRIMARY'
fecha:2023-04-20 16:08:18
SELECT * FROM `gestiones_dia` WHERE `id_operador`=5 AND  DATE(fecha_ultima) = '2023-04-20' 
sin fecha
no tiene fecha insertar
 INSERT INTO gestiones_dia (id_operador, gestiones) VALUES (5,0)
error:Duplicate entry '5' for key 'PRIMARY'
fecha:2023-04-20 16:10:04
SELECT * FROM `gestiones_dia` WHERE `id_operador`=12 AND  DATE(fecha_ultima) = '2023-04-20' 
2023-04-20 15:52:58
si tiene fecha
fecha:2023-04-20 16:10:19
SELECT * FROM `gestiones_dia` WHERE `id_operador`=5 AND  DATE(fecha_ultima) = '2023-04-20' 
sin fecha
no tiene fecha insertar
 INSERT INTO gestiones_dia (id_operador, gestiones) VALUES (5,0)
error:Duplicate entry '5' for key 'PRIMARY'
fecha:2023-04-20 16:11:36
SELECT * FROM `gestiones_dia` WHERE `id_operador`=5 AND  DATE(fecha_ultima) = '2023-04-20' 
sin fecha
no tiene fecha insertar
 INSERT INTO gestiones_dia (id_operador, gestiones) VALUES (5,0)
error:Duplicate entry '5' for key 'PRIMARY'
fecha:2023-04-20 16:11:59
SELECT * FROM `gestiones_dia` WHERE `id_operador`=12 AND  DATE(fecha_ultima) = '2023-04-20' 
2023-04-20 16:10:04
si tiene fecha
fecha:2023-04-20 16:12:20
SELECT * FROM `gestiones_dia` WHERE `id_operador`=5 AND  DATE(fecha_ultima) = '2023-04-20' 
sin fecha
no tiene fecha insertar
 INSERT INTO gestiones_dia (id_operador, gestiones) VALUES (5,0)
error:Duplicate entry '5' for key 'PRIMARY'
fecha:2023-04-20 16:13:05
SELECT * FROM `gestiones_dia` WHERE `id_operador`=12 AND  DATE(fecha_ultima) = '2023-04-20' 
2023-04-20 16:11:59
si tiene fecha
fecha:2023-04-20 16:13:37
SELECT * FROM `gestiones_dia` WHERE `id_operador`=5 AND  DATE(fecha_ultima) = '2023-04-20' 
sin fecha
no tiene fecha insertar
 INSERT INTO gestiones_dia (id_operador, gestiones) VALUES (5,0)
error:Duplicate entry '5' for key 'PRIMARY'
fecha:2023-04-20 16:13:48
SELECT * FROM `gestiones_dia` WHERE `id_operador`=12 AND  DATE(fecha_ultima) = '2023-04-20' 
2023-04-20 16:13:05
si tiene fecha
fecha:2023-04-20 16:14:16
SELECT * FROM `gestiones_dia` WHERE `id_operador`=5 AND  DATE(fecha_ultima) = '2023-04-20' 
sin fecha
no tiene fecha insertar
 INSERT INTO gestiones_dia (id_operador, gestiones) VALUES (5,0)
error:Duplicate entry '5' for key 'PRIMARY'
fecha:2023-04-20 16:15:09
SELECT * FROM `gestiones_dia` WHERE `id_operador`=5 AND  DATE(fecha_ultima) = '2023-04-20' 
sin fecha
no tiene fecha insertar
 INSERT INTO gestiones_dia (id_operador, gestiones) VALUES (5,0)
error:Duplicate entry '5' for key 'PRIMARY'
fecha:2023-04-20 16:15:44
SELECT * FROM `gestiones_dia` WHERE `id_operador`=12 AND  DATE(fecha_ultima) = '2023-04-20' 
2023-04-20 16:13:48
si tiene fecha
fecha:2023-04-20 16:15:53
SELECT * FROM `gestiones_dia` WHERE `id_operador`=5 AND  DATE(fecha_ultima) = '2023-04-20' 
sin fecha
no tiene fecha insertar
 INSERT INTO gestiones_dia (id_operador, gestiones) VALUES (5,0)
error:Duplicate entry '5' for key 'PRIMARY'
fecha:2023-04-20 16:19:07
SELECT * FROM `gestiones_dia` WHERE `id_operador`=5 AND  DATE(fecha_ultima) = '2023-04-20' 
sin fecha
no tiene fecha insertar
 INSERT INTO gestiones_dia (id_operador, gestiones) VALUES (5,0)
error:Duplicate entry '5' for key 'PRIMARY'
fecha:2023-04-20 16:20:32
SELECT * FROM `gestiones_dia` WHERE `id_operador`=12 AND  DATE(fecha_ultima) = '2023-04-20' 
2023-04-20 16:15:44
si tiene fecha
fecha:2023-04-20 16:21:04
SELECT * FROM `gestiones_dia` WHERE `id_operador`=5 AND  DATE(fecha_ultima) = '2023-04-20' 
sin fecha
no tiene fecha insertar
 INSERT INTO gestiones_dia (id_operador, gestiones) VALUES (5,0)
error:Duplicate entry '5' for key 'PRIMARY'
fecha:2023-04-20 16:23:35
SELECT * FROM `gestiones_dia` WHERE `id_operador`=12 AND  DATE(fecha_ultima) = '2023-04-20' 
2023-04-20 16:20:32
si tiene fecha
fecha:2023-04-20 16:23:49
SELECT * FROM `gestiones_dia` WHERE `id_operador`=5 AND  DATE(fecha_ultima) = '2023-04-20' 
sin fecha
no tiene fecha insertar
 INSERT INTO gestiones_dia (id_operador, gestiones) VALUES (5,0)
error:Duplicate entry '5' for key 'PRIMARY'
fecha:2023-04-20 16:24:43
SELECT * FROM `gestiones_dia` WHERE `id_operador`=5 AND  DATE(fecha_ultima) = '2023-04-20' 
sin fecha
no tiene fecha insertar
 INSERT INTO gestiones_dia (id_operador, gestiones) VALUES (5,0)
error:Duplicate entry '5' for key 'PRIMARY'
fecha:2023-04-20 16:26:17
SELECT * FROM `gestiones_dia` WHERE `id_operador`=5 AND  DATE(fecha_ultima) = '2023-04-20' 
sin fecha
no tiene fecha insertar
 INSERT INTO gestiones_dia (id_operador, gestiones) VALUES (5,0)
error:Duplicate entry '5' for key 'PRIMARY'
fecha:2023-04-20 16:27:59
SELECT * FROM `gestiones_dia` WHERE `id_operador`=5 AND  DATE(fecha_ultima) = '2023-04-20' 
sin fecha
no tiene fecha insertar
 INSERT INTO gestiones_dia (id_operador, gestiones) VALUES (5,0)
error:Duplicate entry '5' for key 'PRIMARY'
fecha:2023-04-20 16:29:05
SELECT * FROM `gestiones_dia` WHERE `id_operador`=5 AND  DATE(fecha_ultima) = '2023-04-20' 
sin fecha
no tiene fecha insertar
 INSERT INTO gestiones_dia (id_operador, gestiones) VALUES (5,0)
error:Duplicate entry '5' for key 'PRIMARY'
fecha:2023-04-20 16:29:46
SELECT * FROM `gestiones_dia` WHERE `id_operador`=5 AND  DATE(fecha_ultima) = '2023-04-20' 
sin fecha
no tiene fecha insertar
 INSERT INTO gestiones_dia (id_operador, gestiones) VALUES (5,0)
error:Duplicate entry '5' for key 'PRIMARY'
fecha:2023-04-20 16:30:11
SELECT * FROM `gestiones_dia` WHERE `id_operador`=12 AND  DATE(fecha_ultima) = '2023-04-20' 
2023-04-20 16:23:35
si tiene fecha
fecha:2023-04-20 16:30:24
SELECT * FROM `gestiones_dia` WHERE `id_operador`=5 AND  DATE(fecha_ultima) = '2023-04-20' 
sin fecha
no tiene fecha insertar
 INSERT INTO gestiones_dia (id_operador, gestiones) VALUES (5,0)
error:Duplicate entry '5' for key 'PRIMARY'
fecha:2023-04-20 16:31:31
SELECT * FROM `gestiones_dia` WHERE `id_operador`=12 AND  DATE(fecha_ultima) = '2023-04-20' 
2023-04-20 16:30:11
si tiene fecha
fecha:2023-04-20 16:32:38
SELECT * FROM `gestiones_dia` WHERE `id_operador`=12 AND  DATE(fecha_ultima) = '2023-04-20' 
2023-04-20 16:31:31
si tiene fecha
fecha:2023-04-20 16:33:22
SELECT * FROM `gestiones_dia` WHERE `id_operador`=12 AND  DATE(fecha_ultima) = '2023-04-20' 
2023-04-20 16:32:38
si tiene fecha
fecha:2023-04-20 16:35:18
SELECT * FROM `gestiones_dia` WHERE `id_operador`=12 AND  DATE(fecha_ultima) = '2023-04-20' 
2023-04-20 16:33:22
si tiene fecha
fecha:2023-04-20 16:37:01
SELECT * FROM `gestiones_dia` WHERE `id_operador`=12 AND  DATE(fecha_ultima) = '2023-04-20' 
2023-04-20 16:35:18
si tiene fecha
fecha:2023-04-20 16:38:48
SELECT * FROM `gestiones_dia` WHERE `id_operador`=12 AND  DATE(fecha_ultima) = '2023-04-20' 
2023-04-20 16:37:01
si tiene fecha
fecha:2023-04-20 16:39:31
SELECT * FROM `gestiones_dia` WHERE `id_operador`=12 AND  DATE(fecha_ultima) = '2023-04-20' 
2023-04-20 16:38:48
si tiene fecha
fecha:2023-04-20 16:41:05
SELECT * FROM `gestiones_dia` WHERE `id_operador`=12 AND  DATE(fecha_ultima) = '2023-04-20' 
2023-04-20 16:39:31
si tiene fecha
fecha:2023-04-20 16:41:34
SELECT * FROM `gestiones_dia` WHERE `id_operador`=12 AND  DATE(fecha_ultima) = '2023-04-20' 
2023-04-20 16:41:05
si tiene fecha
fecha:2023-04-20 16:42:24
SELECT * FROM `gestiones_dia` WHERE `id_operador`=12 AND  DATE(fecha_ultima) = '2023-04-20' 
2023-04-20 16:41:34
si tiene fecha
fecha:2023-04-20 16:44:49
SELECT * FROM `gestiones_dia` WHERE `id_operador`=12 AND  DATE(fecha_ultima) = '2023-04-20' 
2023-04-20 16:42:24
si tiene fecha
fecha:2023-04-20 16:47:56
SELECT * FROM `gestiones_dia` WHERE `id_operador`=12 AND  DATE(fecha_ultima) = '2023-04-20' 
2023-04-20 16:44:49
si tiene fecha
fecha:2023-04-20 16:49:05
SELECT * FROM `gestiones_dia` WHERE `id_operador`=12 AND  DATE(fecha_ultima) = '2023-04-20' 
2023-04-20 16:47:56
si tiene fecha
fecha:2023-04-20 16:49:55
SELECT * FROM `gestiones_dia` WHERE `id_operador`=12 AND  DATE(fecha_ultima) = '2023-04-20' 
2023-04-20 16:49:05
si tiene fecha
fecha:2023-04-20 16:51:47
SELECT * FROM `gestiones_dia` WHERE `id_operador`=12 AND  DATE(fecha_ultima) = '2023-04-20' 
2023-04-20 16:49:55
si tiene fecha
fecha:2023-04-20 16:53:11
SELECT * FROM `gestiones_dia` WHERE `id_operador`=12 AND  DATE(fecha_ultima) = '2023-04-20' 
2023-04-20 16:51:47
si tiene fecha
fecha:2023-04-20 16:53:52
SELECT * FROM `gestiones_dia` WHERE `id_operador`=12 AND  DATE(fecha_ultima) = '2023-04-20' 
2023-04-20 16:53:11
si tiene fecha
fecha:2023-04-20 16:54:35
SELECT * FROM `gestiones_dia` WHERE `id_operador`=12 AND  DATE(fecha_ultima) = '2023-04-20' 
2023-04-20 16:53:53
si tiene fecha
fecha:2023-04-20 16:55:20
SELECT * FROM `gestiones_dia` WHERE `id_operador`=12 AND  DATE(fecha_ultima) = '2023-04-20' 
2023-04-20 16:54:35
si tiene fecha
fecha:2023-04-20 16:55:49
SELECT * FROM `gestiones_dia` WHERE `id_operador`=12 AND  DATE(fecha_ultima) = '2023-04-20' 
2023-04-20 16:55:20
si tiene fecha
fecha:2023-04-20 16:56:58
SELECT * FROM `gestiones_dia` WHERE `id_operador`=12 AND  DATE(fecha_ultima) = '2023-04-20' 
2023-04-20 16:55:49
si tiene fecha
fecha:2023-04-20 16:57:48
SELECT * FROM `gestiones_dia` WHERE `id_operador`=12 AND  DATE(fecha_ultima) = '2023-04-20' 
2023-04-20 16:56:58
si tiene fecha
fecha:2023-04-20 16:58:17
SELECT * FROM `gestiones_dia` WHERE `id_operador`=12 AND  DATE(fecha_ultima) = '2023-04-20' 
2023-04-20 16:57:48
si tiene fecha
fecha:2023-04-20 16:58:54
SELECT * FROM `gestiones_dia` WHERE `id_operador`=12 AND  DATE(fecha_ultima) = '2023-04-20' 
2023-04-20 16:58:17
si tiene fecha
fecha:2023-04-20 16:59:29
SELECT * FROM `gestiones_dia` WHERE `id_operador`=12 AND  DATE(fecha_ultima) = '2023-04-20' 
2023-04-20 16:58:54
si tiene fecha
fecha:2023-04-20 17:00:09
SELECT * FROM `gestiones_dia` WHERE `id_operador`=12 AND  DATE(fecha_ultima) = '2023-04-20' 
2023-04-20 16:59:29
si tiene fecha
fecha:2023-04-20 17:00:43
SELECT * FROM `gestiones_dia` WHERE `id_operador`=12 AND  DATE(fecha_ultima) = '2023-04-20' 
2023-04-20 17:00:09
si tiene fecha
fecha:2023-04-20 17:01:27
SELECT * FROM `gestiones_dia` WHERE `id_operador`=12 AND  DATE(fecha_ultima) = '2023-04-20' 
2023-04-20 17:00:43
si tiene fecha
fecha:2023-04-20 17:02:10
SELECT * FROM `gestiones_dia` WHERE `id_operador`=12 AND  DATE(fecha_ultima) = '2023-04-20' 
2023-04-20 17:01:27
si tiene fecha
fecha:2023-04-20 17:10:20
SELECT * FROM `gestiones_dia` WHERE `id_operador`=12 AND  DATE(fecha_ultima) = '2023-04-20' 
2023-04-20 17:02:10
si tiene fecha
fecha:2023-04-20 17:21:39
SELECT * FROM `gestiones_dia` WHERE `id_operador`=12 AND  DATE(fecha_ultima) = '2023-04-20' 
2023-04-20 17:10:20
si tiene fecha
fecha:2023-04-20 17:29:43
SELECT * FROM `gestiones_dia` WHERE `id_operador`=12 AND  DATE(fecha_ultima) = '2023-04-20' 
2023-04-20 17:21:39
si tiene fecha
fecha:2023-04-20 17:33:30
SELECT * FROM `gestiones_dia` WHERE `id_operador`=12 AND  DATE(fecha_ultima) = '2023-04-20' 
2023-04-20 17:29:43
si tiene fecha
fecha:2023-04-20 17:34:03
SELECT * FROM `gestiones_dia` WHERE `id_operador`=12 AND  DATE(fecha_ultima) = '2023-04-20' 
2023-04-20 17:33:30
si tiene fecha
fecha:2023-04-20 17:35:03
SELECT * FROM `gestiones_dia` WHERE `id_operador`=12 AND  DATE(fecha_ultima) = '2023-04-20' 
2023-04-20 17:34:03
si tiene fecha
fecha:2023-04-20 17:36:03
SELECT * FROM `gestiones_dia` WHERE `id_operador`=12 AND  DATE(fecha_ultima) = '2023-04-20' 
2023-04-20 17:35:03
si tiene fecha
fecha:2023-04-20 17:36:31
SELECT * FROM `gestiones_dia` WHERE `id_operador`=12 AND  DATE(fecha_ultima) = '2023-04-20' 
2023-04-20 17:36:03
si tiene fecha
fecha:2023-04-20 17:38:35
SELECT * FROM `gestiones_dia` WHERE `id_operador`=12 AND  DATE(fecha_ultima) = '2023-04-20' 
2023-04-20 17:36:31
si tiene fecha
fecha:2023-04-20 17:39:22
SELECT * FROM `gestiones_dia` WHERE `id_operador`=12 AND  DATE(fecha_ultima) = '2023-04-20' 
2023-04-20 17:38:35
si tiene fecha
fecha:2023-04-20 17:40:15
SELECT * FROM `gestiones_dia` WHERE `id_operador`=12 AND  DATE(fecha_ultima) = '2023-04-20' 
2023-04-20 17:39:22
si tiene fecha
