fecha:2022-12-05 17:14:38
SELECT * FROM `gestiones_dia` WHERE `id_operador`=2 AND  DATE(fecha_ultima) = '2022-12-05' 
sin fecha
no tiene fecha insertar
 INSERT INTO gestiones_dia (id_operador, gestiones) VALUES (2,0)
error:Duplicate entry '2' for key 'PRIMARY'
fecha:2022-12-05 17:16:11
SELECT * FROM `gestiones_dia` WHERE `id_operador`=2 AND  DATE(fecha_ultima) = '2022-12-05' 
sin fecha
no tiene fecha insertar
 INSERT INTO gestiones_dia (id_operador, gestiones) VALUES (2,0)
error:Duplicate entry '2' for key 'PRIMARY'
fecha:2022-12-05 17:16:42
SELECT * FROM `gestiones_dia` WHERE `id_operador`=2 AND  DATE(fecha_ultima) = '2022-12-05' 
sin fecha
no tiene fecha insertar
 INSERT INTO gestiones_dia (id_operador, gestiones) VALUES (2,0)
error:Duplicate entry '2' for key 'PRIMARY'
fecha:2022-12-05 17:17:50
SELECT * FROM `gestiones_dia` WHERE `id_operador`=2 AND  DATE(fecha_ultima) = '2022-12-05' 
sin fecha
no tiene fecha insertar
 INSERT INTO gestiones_dia (id_operador, gestiones) VALUES (2,0)
error:Duplicate entry '2' for key 'PRIMARY'
fecha:2022-12-05 17:18:58
SELECT * FROM `gestiones_dia` WHERE `id_operador`=2 AND  DATE(fecha_ultima) = '2022-12-05' 
sin fecha
no tiene fecha insertar
 INSERT INTO gestiones_dia (id_operador, gestiones) VALUES (2,0)
error:Duplicate entry '2' for key 'PRIMARY'
fecha:2022-12-05 17:19:31
SELECT * FROM `gestiones_dia` WHERE `id_operador`=2 AND  DATE(fecha_ultima) = '2022-12-05' 
sin fecha
no tiene fecha insertar
 INSERT INTO gestiones_dia (id_operador, gestiones) VALUES (2,0)
error:Duplicate entry '2' for key 'PRIMARY'
fecha:2022-12-05 17:20:48
SELECT * FROM `gestiones_dia` WHERE `id_operador`=2 AND  DATE(fecha_ultima) = '2022-12-05' 
sin fecha
no tiene fecha insertar
 INSERT INTO gestiones_dia (id_operador, gestiones) VALUES (2,0)
error:Duplicate entry '2' for key 'PRIMARY'
fecha:2022-12-05 17:21:01
SELECT * FROM `gestiones_dia` WHERE `id_operador`=2 AND  DATE(fecha_ultima) = '2022-12-05' 
sin fecha
no tiene fecha insertar
 INSERT INTO gestiones_dia (id_operador, gestiones) VALUES (2,0)
error:Duplicate entry '2' for key 'PRIMARY'
fecha:2022-12-05 17:21:14
SELECT * FROM `gestiones_dia` WHERE `id_operador`=2 AND  DATE(fecha_ultima) = '2022-12-05' 
sin fecha
no tiene fecha insertar
 INSERT INTO gestiones_dia (id_operador, gestiones) VALUES (2,0)
error:Duplicate entry '2' for key 'PRIMARY'
fecha:2022-12-05 17:21:25
SELECT * FROM `gestiones_dia` WHERE `id_operador`=2 AND  DATE(fecha_ultima) = '2022-12-05' 
sin fecha
no tiene fecha insertar
 INSERT INTO gestiones_dia (id_operador, gestiones) VALUES (2,0)
error:Duplicate entry '2' for key 'PRIMARY'
fecha:2022-12-05 17:21:43
SELECT * FROM `gestiones_dia` WHERE `id_operador`=2 AND  DATE(fecha_ultima) = '2022-12-05' 
sin fecha
no tiene fecha insertar
 INSERT INTO gestiones_dia (id_operador, gestiones) VALUES (2,0)
error:Duplicate entry '2' for key 'PRIMARY'
fecha:2022-12-05 17:22:20
SELECT * FROM `gestiones_dia` WHERE `id_operador`=2 AND  DATE(fecha_ultima) = '2022-12-05' 
sin fecha
no tiene fecha insertar
 INSERT INTO gestiones_dia (id_operador, gestiones) VALUES (2,0)
error:Duplicate entry '2' for key 'PRIMARY'
fecha:2022-12-05 17:24:38
SELECT * FROM `gestiones_dia` WHERE `id_operador`=2 AND  DATE(fecha_ultima) = '2022-12-05' 
sin fecha
no tiene fecha insertar
 INSERT INTO gestiones_dia (id_operador, gestiones) VALUES (2,0)
error:Duplicate entry '2' for key 'PRIMARY'
fecha:2022-12-05 17:24:47
SELECT * FROM `gestiones_dia` WHERE `id_operador`=2 AND  DATE(fecha_ultima) = '2022-12-05' 
sin fecha
no tiene fecha insertar
 INSERT INTO gestiones_dia (id_operador, gestiones) VALUES (2,0)
error:Duplicate entry '2' for key 'PRIMARY'
fecha:2022-12-05 17:24:58
SELECT * FROM `gestiones_dia` WHERE `id_operador`=2 AND  DATE(fecha_ultima) = '2022-12-05' 
sin fecha
no tiene fecha insertar
 INSERT INTO gestiones_dia (id_operador, gestiones) VALUES (2,0)
error:Duplicate entry '2' for key 'PRIMARY'
fecha:2022-12-05 17:25:20
SELECT * FROM `gestiones_dia` WHERE `id_operador`=2 AND  DATE(fecha_ultima) = '2022-12-05' 
sin fecha
no tiene fecha insertar
 INSERT INTO gestiones_dia (id_operador, gestiones) VALUES (2,0)
error:Duplicate entry '2' for key 'PRIMARY'
fecha:2022-12-05 17:25:34
SELECT * FROM `gestiones_dia` WHERE `id_operador`=2 AND  DATE(fecha_ultima) = '2022-12-05' 
sin fecha
no tiene fecha insertar
 INSERT INTO gestiones_dia (id_operador, gestiones) VALUES (2,0)
error:Duplicate entry '2' for key 'PRIMARY'
fecha:2022-12-05 17:26:01
SELECT * FROM `gestiones_dia` WHERE `id_operador`=2 AND  DATE(fecha_ultima) = '2022-12-05' 
sin fecha
no tiene fecha insertar
 INSERT INTO gestiones_dia (id_operador, gestiones) VALUES (2,0)
error:Duplicate entry '2' for key 'PRIMARY'
fecha:2022-12-05 17:26:20
SELECT * FROM `gestiones_dia` WHERE `id_operador`=2 AND  DATE(fecha_ultima) = '2022-12-05' 
sin fecha
no tiene fecha insertar
 INSERT INTO gestiones_dia (id_operador, gestiones) VALUES (2,0)
error:Duplicate entry '2' for key 'PRIMARY'
fecha:2022-12-05 17:26:32
SELECT * FROM `gestiones_dia` WHERE `id_operador`=2 AND  DATE(fecha_ultima) = '2022-12-05' 
sin fecha
no tiene fecha insertar
 INSERT INTO gestiones_dia (id_operador, gestiones) VALUES (2,0)
error:Duplicate entry '2' for key 'PRIMARY'
fecha:2022-12-05 17:26:41
SELECT * FROM `gestiones_dia` WHERE `id_operador`=2 AND  DATE(fecha_ultima) = '2022-12-05' 
sin fecha
no tiene fecha insertar
 INSERT INTO gestiones_dia (id_operador, gestiones) VALUES (2,0)
error:Duplicate entry '2' for key 'PRIMARY'
fecha:2022-12-05 17:26:55
SELECT * FROM `gestiones_dia` WHERE `id_operador`=2 AND  DATE(fecha_ultima) = '2022-12-05' 
sin fecha
no tiene fecha insertar
 INSERT INTO gestiones_dia (id_operador, gestiones) VALUES (2,0)
error:Duplicate entry '2' for key 'PRIMARY'
fecha:2022-12-05 17:27:12
SELECT * FROM `gestiones_dia` WHERE `id_operador`=2 AND  DATE(fecha_ultima) = '2022-12-05' 
sin fecha
no tiene fecha insertar
 INSERT INTO gestiones_dia (id_operador, gestiones) VALUES (2,0)
error:Duplicate entry '2' for key 'PRIMARY'
fecha:2022-12-05 17:27:24
SELECT * FROM `gestiones_dia` WHERE `id_operador`=2 AND  DATE(fecha_ultima) = '2022-12-05' 
sin fecha
no tiene fecha insertar
 INSERT INTO gestiones_dia (id_operador, gestiones) VALUES (2,0)
error:Duplicate entry '2' for key 'PRIMARY'
fecha:2022-12-05 17:27:35
SELECT * FROM `gestiones_dia` WHERE `id_operador`=2 AND  DATE(fecha_ultima) = '2022-12-05' 
sin fecha
no tiene fecha insertar
 INSERT INTO gestiones_dia (id_operador, gestiones) VALUES (2,0)
error:Duplicate entry '2' for key 'PRIMARY'
fecha:2022-12-05 17:29:03
SELECT * FROM `gestiones_dia` WHERE `id_operador`=2 AND  DATE(fecha_ultima) = '2022-12-05' 
sin fecha
no tiene fecha insertar
 INSERT INTO gestiones_dia (id_operador, gestiones) VALUES (2,0)
error:Duplicate entry '2' for key 'PRIMARY'
fecha:2022-12-05 17:30:56
SELECT * FROM `gestiones_dia` WHERE `id_operador`=2 AND  DATE(fecha_ultima) = '2022-12-05' 
sin fecha
no tiene fecha insertar
 INSERT INTO gestiones_dia (id_operador, gestiones) VALUES (2,0)
error:Duplicate entry '2' for key 'PRIMARY'
fecha:2022-12-05 17:31:05
SELECT * FROM `gestiones_dia` WHERE `id_operador`=2 AND  DATE(fecha_ultima) = '2022-12-05' 
sin fecha
no tiene fecha insertar
 INSERT INTO gestiones_dia (id_operador, gestiones) VALUES (2,0)
error:Duplicate entry '2' for key 'PRIMARY'
