--------2021-02-01 16:25:22-------------
operador:5-cliente:08000PRUEBZM2201010-tiempo:00:01:00-tipo:2
--correcto
--------2021-02-01 16:37:18-------------
operador:5-cliente:02481TERRM0000006-tiempo:00:00:53-tipo:2
--correcto
--------2021-02-01 16:44:16-------------
operador:5-cliente:02481TERRM0000006-tiempo:00:00:31-tipo:2
--correcto
--------2021-02-01 16:53:39-------------
operador:5-cliente:08000PRUEBZM2201010-tiempo:00:00:28-tipo:2
--correcto
--------2021-02-01 16:57:03-------------
operador:5-cliente:02481TERRM0000006-tiempo:00:00:30-tipo:2
--correcto
--------2021-02-01 17:11:18-------------
operador:5-cliente:08000PRUEBZM2201010-tiempo:00:00:31-tipo:2
--correcto
--------2021-02-01 21:21:59-------------
operador:5-cliente:04129PDRIM000103-tiempo:00:01:04-tipo:2
--correcto
