--------2021-09-21 00:22:40-------------
operador:5-cliente:04533GTENM00J013-tiempo:00:00:41-tipo:2
--correcto
--------2021-09-21 00:43:13-------------
operador:5-cliente:07000PUAZM00E018-tiempo:00:00:48-tipo:2
--correcto
--------2021-09-21 00:43:51-------------
operador:5-cliente:07000PUAZM133019-tiempo:00:00:37-tipo:9
--correcto
--------2021-09-21 00:44:25-------------
operador:5-cliente:07000PUAZM0E2034-tiempo:00:00:32-tipo:2
--correcto
--------2021-09-21 17:35:49-------------
operador:5-cliente:04533GTENM00M011-tiempo:00:05:00-tipo:1
--correcto
--------2021-09-21 17:36:25-------------
operador:5-cliente:04533GTENM00B007-tiempo:00:00:29-tipo:8
--correcto
--------2021-09-21 17:36:57-------------
operador:5-cliente:04533GTENM000160-tiempo:00:00:24-tipo:1
--correcto
--------2021-09-21 17:37:32-------------
operador:5-cliente:04533GTENM00C00D-tiempo:00:00:30-tipo:2
--correcto
--------2021-09-21 17:37:36-------------
operador:5-cliente:04533GTENM00C00D-tiempo:00:00:00-tipo:2
--correcto
--------2021-09-21 17:38:13-------------
operador:5-cliente:03900LPIRM000023-tiempo:00:00:32-tipo:10
--correcto
--------2021-09-21 17:39:19-------------
operador:5-cliente:04186SDRIM038013-tiempo:00:00:56-tipo:9
--correcto
--------2021-09-21 17:40:04-------------
operador:5-cliente:08210LDSOM00E011-tiempo:00:00:43-tipo:2
--correcto
--------2021-09-21 21:14:20-------------
operador:5-cliente:08210LDSOM00L023-tiempo:00:00:34-tipo:1
--correcto
--------2021-09-21 21:17:34-------------
operador:3-cliente:08210LDSOM00L038-tiempo:00:06:34-tipo:1
--correcto
--------2021-09-21 21:32:51-------------
operador:5-cliente:07238LSOLM000F004-tiempo:00:02:15-tipo:5
--correcto
--------2021-09-21 21:34:16-------------
operador:3-cliente:08210LDSOM00J005-tiempo:00:04:37-tipo:1
--correcto
--------2021-09-21 21:35:01-------------
operador:3-cliente:08210LDSOM00N013-tiempo:00:00:41-tipo:2
--correcto
--------2021-09-21 21:35:14-------------
operador:5-cliente:07238LSOLM00V012-tiempo:00:01:40-tipo:1
--correcto
--------2021-09-21 21:35:31-------------
operador:3-cliente:08210LDSOM00I010-tiempo:00:00:28-tipo:1
--correcto
--------2021-09-21 21:35:32-------------
operador:5-cliente:04129PDRIM00A105-tiempo:00:00:15-tipo:1
--correcto
--------2021-09-21 21:35:57-------------
operador:5-cliente:04129PDRIM000105-tiempo:00:00:23-tipo:1
--correcto
--------2021-09-21 21:59:10-------------
operador:3-cliente:04129PDRIM000127-tiempo:00:04:03-tipo:2
--correcto
--------2021-09-21 21:59:21-------------
operador:5-cliente:04129PDRIM00C0143-tiempo:00:03:40-tipo:1
--correcto
--------2021-09-21 21:59:47-------------
operador:3-cliente:04129PDRIM000111-tiempo:00:00:36-tipo:8
--correcto
--------2021-09-21 21:59:53-------------
operador:5-cliente:04129PDRIM00F113-tiempo:00:00:28-tipo:1
--correcto
--------2021-09-21 22:00:09-------------
operador:3-cliente:04129PDRIM000103-tiempo:00:00:20-tipo:10
--correcto
--------2021-09-21 22:00:15-------------
operador:5-cliente:04129PDRIM00F112-tiempo:00:00:19-tipo:1
--correcto
--------2021-09-21 22:00:36-------------
operador:3-cliente:04129PDRIM000106-tiempo:00:00:25-tipo:9
--correcto
--------2021-09-21 22:00:41-------------
operador:5-cliente:04129PDRIM00E104-tiempo:00:00:24-tipo:2
--correcto
--------2021-09-21 22:01:06-------------
operador:5-cliente:04129PDRIM0F0100-tiempo:00:00:25-tipo:10
--correcto
--------2021-09-21 22:01:07-------------
operador:3-cliente:04129PDRIM001106-tiempo:00:00:30-tipo:1
--correcto
