--------2021-09-10 00:00:38-------------
operador:5-cliente:NO_MOSTRAR-tiempo:00:00:41-tipo:8
--correcto
--------2021-09-10 00:03:20-------------
operador:5-cliente:NO_MOSTRAR-tiempo:00:00:25-tipo:8
--correcto
--------2021-09-10 00:07:25-------------
operador:5-cliente:NO_MOSTRAR-tiempo:00:00:17-tipo:8
--correcto
--------2021-09-10 00:09:06-------------
operador:5-cliente:NO_MOSTRAR-tiempo:00:00:18-tipo:8
--correcto
--------2021-09-10 22:00:47-------------
operador:5-cliente:03900LPIRM000023-tiempo:00:02:05-tipo:1
--correcto
--------2021-09-10 22:02:14-------------
operador:5-cliente:04129PDRIM00F114-tiempo:00:00:38-tipo:1
--correcto
--------2021-09-10 22:07:11-------------
operador:5-cliente:05002ALMEM000017-tiempo:00:00:23-tipo:2
--correcto
--------2021-09-10 22:14:50-------------
operador:5-cliente:09056CCRIM003001-tiempo:00:00:23-tipo:1
--correcto
--------2021-09-10 22:15:20-------------
operador:5-cliente:02477VEROM007003-tiempo:00:00:23-tipo:3
--correcto
--------2021-09-10 22:23:50-------------
operador:5-cliente:NO_MOSTRAR-tiempo:00:00:16-tipo:3
--correcto
--------2021-09-10 22:32:47-------------
operador:5-cliente:NO_MOSTRAR-tiempo:00:00:10-tipo:3
--correcto
--------2021-09-10 22:44:37-------------
operador:5-cliente:NO_MOSTRAR-tiempo:00:00:11-tipo:3
--correcto
--------2021-09-10 22:54:20-------------
operador:5-cliente:NO_MOSTRAR-tiempo:00:00:16-tipo:3
--correcto
--------2021-09-10 23:02:14-------------
operador:5-cliente:09056CCRIM003001-tiempo:00:00:39-tipo:5
--correcto
--------2021-09-10 23:03:09-------------
operador:5-cliente:01574LDORM000017-tiempo:00:00:37-tipo:6
--correcto
--------2021-09-10 23:05:25-------------
operador:5-cliente:00254LPUNM00C001-tiempo:00:00:32-tipo:5
--correcto
--------2021-09-10 23:13:12-------------
operador:5-cliente:08076TESOM00H003-tiempo:00:01:13-tipo:5
--correcto
--------2021-09-10 23:14:10-------------
operador:5-cliente:01574LDORM000048-tiempo:00:00:40-tipo:5
--correcto
--------2021-09-10 23:26:23-------------
operador:5-cliente:10025EDRIM00A034-tiempo:00:03:51-tipo:1
--correcto
--------2021-09-10 23:26:57-------------
operador:5-cliente:04533GTENM000160-tiempo:00:00:31-tipo:8
--correcto
--------2021-09-10 23:27:22-------------
operador:5-cliente:04535GTENM00B004-tiempo:00:00:24-tipo:1
--correcto
--------2021-09-10 23:27:41-------------
operador:5-cliente:04533GTENM00C00D-tiempo:00:00:16-tipo:3
--correcto
--------2021-09-10 23:32:25-------------
operador:5-cliente:09359VAPAM000069-tiempo:00:01:18-tipo:9
--correcto
--------2021-09-10 23:33:08-------------
operador:5-cliente:GTENM00D003-tiempo:00:02:20-tipo:2
--correcto
--------2021-09-10 23:38:05-------------
operador:5-cliente:GTENM00D003-tiempo:00:00:42-tipo:2
--correcto
--------2021-09-10 23:40:20-------------
operador:5-cliente:GTENM00D003-tiempo:00:00:29-tipo:2
--correcto
--------2021-09-10 23:41:35-------------
operador:5-cliente:07238LSOLM00V012-tiempo:00:01:06-tipo:2
--correcto
