--------2021-08-20 00:04:43-------------
operador:5-cliente:08076TESOM00R008-tiempo:00:00:15-tipo:2
--correcto
--------2021-08-20 00:06:47-------------
operador:5-cliente:08076TESOM00R008-tiempo:00:02:03-tipo:1
--correcto
--------2021-08-20 00:09:50-------------
operador:5-cliente:00938ISSOM000038-tiempo:00:03:01-tipo:8
--correcto
--------2021-08-20 00:16:56-------------
operador:5-cliente:00938ISSOM000038-tiempo:00:00:31-tipo:8
--correcto
--------2021-08-20 00:17:24-------------
operador:3-cliente:08076TESOM00A013-tiempo:00:00:39-tipo:2
--correcto
--------2021-08-20 00:18:27-------------
operador:3-cliente:08076TESOM00A013-tiempo:00:00:50-tipo:2
--correcto
--------2021-08-20 00:20:40-------------
operador:5-cliente:01150PADRM000010-tiempo:00:00:25-tipo:2
--correcto
--------2021-08-20 00:23:12-------------
operador:5-cliente:00938ISSOM000038-tiempo:00:05:38-tipo:10
--correcto
--------2021-08-20 00:24:21-------------
operador:5-cliente:00938ISSOM000038-tiempo:00:01:02-tipo:8
--correcto
--------2021-08-20 00:25:10-------------
operador:5-cliente:00938ISSOM000038-tiempo:00:00:14-tipo:8
--correcto
--------2021-08-20 00:26:51-------------
operador:3-cliente:01574LDORM000036-tiempo:00:00:25-tipo:9
--correcto
--------2021-08-20 00:28:25-------------
operador:3-cliente:01574LDORM000036-tiempo:00:01:02-tipo:9
--correcto
--------2021-08-20 00:31:09-------------
operador:3-cliente:01574LDORM000036-tiempo:00:01:01-tipo:9
--correcto
--------2021-08-20 00:32:46-------------
operador:3-cliente:01574LDORM000036-tiempo:00:00:11-tipo:9
--correcto
--------2021-08-20 00:33:37-------------
operador:3-cliente:01574LDORM000036-tiempo:00:00:36-tipo:9
--correcto
--------2021-08-20 00:35:05-------------
operador:3-cliente:01574LDORM000036-tiempo:00:00:54-tipo:9
--correcto
--------2021-08-20 12:34:48-------------
operador:3-cliente:08076TESOM00L09A-tiempo:00:00:02-tipo:2
--correcto
--------2021-08-20 12:40:57-------------
operador:3-cliente:08076TESOM00G005-tiempo:00:00:06-tipo:2
--correcto
--------2021-08-20 12:42:20-------------
operador:3-cliente:08076TESOM00G005-tiempo:00:01:17-tipo:2
--correcto
--------2021-08-20 12:43:20-------------
operador:3-cliente:08076TESOM00G005-tiempo:00:01:00-tipo:2
--correcto
--------2021-08-20 12:44:40-------------
operador:3-cliente:08076TESOM00G005-tiempo:00:00:42-tipo:2
--correcto
--------2021-08-20 12:49:30-------------
operador:3-cliente:08076TESOM00G005-tiempo:00:02:43-tipo:2
--correcto
--------2021-08-20 12:50:25-------------
operador:3-cliente:08076TESOM00G005-tiempo:00:00:38-tipo:2
--correcto
--------2021-08-20 12:51:58-------------
operador:3-cliente:08076TESOM000007-tiempo:00:01:21-tipo:9
--correcto
--------2021-08-20 12:58:33-------------
operador:3-cliente:08076TESOM00A014-tiempo:00:00:25-tipo:10
--correcto
--------2021-08-20 13:01:14-------------
operador:3-cliente:08076TESOM00A035-tiempo:00:01:57-tipo:2
--correcto
--------2021-08-20 13:02:11-------------
operador:3-cliente:08076TESOM0I0015-tiempo:00:00:50-tipo:9
--correcto
--------2021-08-20 13:05:33-------------
operador:3-cliente:07850VSOLM00C004-tiempo:00:02:31-tipo:10
--correcto
--------2021-08-20 13:29:45-------------
operador:3-cliente:01574LDORM00000-tiempo:00:02:48-tipo:9
--correcto
--------2021-08-20 20:20:45-------------
operador:3-cliente:00450MADEM000002-tiempo:00:00:00-tipo:10
--correcto
