fecha:2022-08-09 00:00:41
SELECT * FROM `gestiones_dia` WHERE `id_operador`=5 AND  DATE(fecha_ultima) = '2022-08-09' 
sin fecha
no tiene fecha insertar
 INSERT INTO gestiones_dia (id_operador, gestiones) VALUES (5,0)
error:Duplicate entry '5' for key 'PRIMARY'
fecha:2022-08-09 12:31:39
SELECT * FROM `gestiones_dia` WHERE `id_operador`=5 AND  DATE(fecha_ultima) = '2022-08-09' 
sin fecha
no tiene fecha insertar
 INSERT INTO gestiones_dia (id_operador, gestiones) VALUES (5,0)
error:Duplicate entry '5' for key 'PRIMARY'
fecha:2022-08-09 12:35:34
SELECT * FROM `gestiones_dia` WHERE `id_operador`=5 AND  DATE(fecha_ultima) = '2022-08-09' 
sin fecha
no tiene fecha insertar
 INSERT INTO gestiones_dia (id_operador, gestiones) VALUES (5,0)
error:Duplicate entry '5' for key 'PRIMARY'
fecha:2022-08-09 12:49:57
SELECT * FROM `gestiones_dia` WHERE `id_operador`=5 AND  DATE(fecha_ultima) = '2022-08-09' 
sin fecha
no tiene fecha insertar
 INSERT INTO gestiones_dia (id_operador, gestiones) VALUES (5,0)
error:Duplicate entry '5' for key 'PRIMARY'
