--------2022-10-31 01:16:50-------------
operador:5-cliente:07850VSOLM00L009-tiempo:00:00:19-tipo:8
--correcto
--------2022-10-31 12:51:09-------------
operador:5-cliente:00500ENRIM0000000-tiempo:00:00:24-tipo:10
--correcto
--------2022-10-31 14:10:18-------------
operador:5-cliente:00500ENRIM00J116-tiempo:00:00:41-tipo:1
--correcto
--------2022-10-31 14:57:45-------------
operador:5-cliente:00500ENRIM00J116-tiempo:00:00:17-tipo:8
--correcto
--------2022-10-31 15:02:44-------------
operador:5-cliente:00500ENRI0M00G05-tiempo:00:01:50-tipo:8
--correcto
--------2022-10-31 15:16:24-------------
operador:5-cliente:02355BIBLM0D0009-tiempo:00:03:15-tipo:8
--correcto
--------2022-10-31 15:24:35-------------
operador:5-cliente:00500ENRIM0D1103-tiempo:00:00:14-tipo:8
--correcto
--------2022-10-31 15:28:27-------------
operador:5-cliente:00500ENRIM00E032-tiempo:00:00:23-tipo:8
--correcto
--------2022-10-31 15:33:30-------------
operador:5-cliente:00500ENRIC155001-tiempo:00:00:15-tipo:8
--correcto
--------2022-10-31 15:39:39-------------
operador:5-cliente:00500ENRIM0R1013-tiempo:00:00:14-tipo:8
--correcto
--------2022-10-31 15:48:26-------------
operador:5-cliente:00500ENRIM00D009-tiempo:00:00:14-tipo:8
--correcto
--------2022-10-31 16:24:10-------------
operador:5-cliente:00500ENRIM0R1016-tiempo:00:00:15-tipo:8
--correcto
--------2022-10-31 16:37:23-------------
operador:5-cliente:00500ENRIM00B004-tiempo:00:00:25-tipo:8
--correcto
--------2022-10-31 16:39:32-------------
operador:5-cliente:00500ENRIM0K1008-tiempo:00:00:15-tipo:8
--correcto
