--------2022-11-21 04:00:49-------------
operador:5-cliente:07850VSOLM00D012-tiempo:00:00:31-tipo:2
--correcto
--------2022-11-21 08:21:38-------------
operador:5-cliente:-tiempo:00:00:00-tipo:2
--correcto
--------2022-11-21 08:21:50-------------
operador:5-cliente:-tiempo:00:00:00-tipo:2
--correcto
--------2022-11-21 08:22:03-------------
operador:5-cliente:-tiempo:00:00:00-tipo:2
--correcto
--------2022-11-21 08:22:45-------------
operador:5-cliente:-tiempo:00:00:00-tipo:2
--correcto
--------2022-11-21 08:25:23-------------
operador:5-cliente:-tiempo:00:00:00-tipo:2
--correcto
--------2022-11-21 08:25:31-------------
operador:5-cliente:-tiempo:00:00:00-tipo:2
--correcto
--------2022-11-21 08:26:35-------------
operador:5-cliente:07850VSOLM00D012-tiempo:00:00:32-tipo:2
--correcto
--------2022-11-21 08:27:01-------------
operador:5-cliente:07850VSOLM00B004-tiempo:00:00:23-tipo:2
--correcto
--------2022-11-21 08:28:02-------------
operador:5-cliente:07850VSOLM00F001-tiempo:00:00:46-tipo:2
--correcto
--------2022-11-21 08:30:01-------------
operador:5-cliente:07850VSOLM00GF008-tiempo:00:00:24-tipo:2
--correcto
--------2022-11-21 08:37:50-------------
operador:5-cliente:07850VSOLM00B008-tiempo:00:03:58-tipo:2
--correcto
--------2022-11-21 08:41:23-------------
operador:5-cliente:-tiempo:00:00:00-tipo:2
--correcto
--------2022-11-21 08:41:31-------------
operador:5-cliente:-tiempo:00:00:00-tipo:2
--correcto
--------2022-11-21 08:41:44-------------
operador:5-cliente:-tiempo:00:00:00-tipo:2
--correcto
--------2022-11-21 08:41:54-------------
operador:5-cliente:-tiempo:00:00:00-tipo:2
--correcto
--------2022-11-21 08:42:14-------------
operador:5-cliente:-tiempo:00:00:00-tipo:2
--correcto
--------2022-11-21 08:42:32-------------
operador:5-cliente:-tiempo:00:00:00-tipo:2
--correcto
--------2022-11-21 08:43:00-------------
operador:5-cliente:-tiempo:00:00:00-tipo:2
--correcto
--------2022-11-21 08:43:06-------------
operador:5-cliente:-tiempo:00:00:00-tipo:2
--correcto
--------2022-11-21 08:44:37-------------
operador:5-cliente:-tiempo:00:00:00-tipo:2
--correcto
--------2022-11-21 08:44:47-------------
operador:5-cliente:-tiempo:00:00:00-tipo:2
--correcto
--------2022-11-21 08:44:50-------------
operador:5-cliente:-tiempo:00:00:00-tipo:2
--correcto
--------2022-11-21 08:44:59-------------
operador:5-cliente:-tiempo:00:00:00-tipo:2
--correcto
--------2022-11-21 08:49:40-------------
operador:5-cliente:07850VSOLM00E008-tiempo:00:00:54-tipo:2
--correcto
--------2022-11-21 08:51:13-------------
operador:5-cliente:07850VSOLM00F016-tiempo:00:01:07-tipo:2
--correcto
--------2022-11-21 09:18:31-------------
operador:5-cliente:07850VSOLM00E01B-tiempo:00:00:00-tipo:2
--correcto
--------2022-11-21 09:26:24-------------
operador:5-cliente:07850VSOLM00H007-tiempo:00:00:24-tipo:2
--correcto
--------2022-11-21 09:30:04-------------
operador:5-cliente:07850VSOLM000012-tiempo:00:00:00-tipo:2
--correcto
--------2022-11-21 09:46:26-------------
operador:5-cliente:07850VSOLM00N023-tiempo:00:00:00-tipo:9
--correcto
--------2022-11-21 10:19:59-------------
operador:5-cliente:07850VSOLM00F011-tiempo:00:00:00-tipo:8
--correcto
--------2022-11-21 10:21:05-------------
operador:5-cliente:07850VSOLM00L13B-tiempo:00:00:00-tipo:8
--correcto
--------2022-11-21 10:22:18-------------
operador:5-cliente:07850VSOLM00J016-tiempo:00:00:00-tipo:2
--correcto
--------2022-11-21 10:28:26-------------
operador:5-cliente:07850VSOLM00C010-tiempo:00:00:00-tipo:8
--correcto
--------2022-11-21 10:39:02-------------
operador:5-cliente:07850VSOLM000007-tiempo:00:00:00-tipo:1
--correcto
--------2022-11-21 10:39:53-------------
operador:5-cliente:07850VSOLM00E015-tiempo:00:00:30-tipo:8
--correcto
--------2022-11-21 10:54:15-------------
operador:5-cliente:07850VSOLM00N027-tiempo:00:00:00-tipo:2
--correcto
--------2022-11-21 19:16:36-------------
operador:5-cliente:07850VSOLM00L007-tiempo:00:00:00-tipo:2
--correcto
--------2022-11-21 19:17:27-------------
operador:5-cliente:07850VSOLM00I014-tiempo:00:00:00-tipo:8
--correcto
--------2022-11-21 19:18:59-------------
operador:5-cliente:07850VSOLM00E007-tiempo:00:00:00-tipo:2
--correcto
--------2022-11-21 19:34:04-------------
operador:5-cliente:07850VSOLM00K013-tiempo:00:04:09-tipo:2
--correcto
--------2022-11-21 19:37:43-------------
operador:5-cliente:04129PDRIM00E107-tiempo:00:00:23-tipo:2
--correcto
