
---------fecha:2021-09-07 21:26:55-------
get datos anteriores:SELECT ga.fecha_acepto, ga.hora_acepto, tg.descripcion AS gestion  
    FROM `Gestion_acepto` AS ga JOIN tipos_gestion AS tg ON ga.id_tipo_gestion = tg.id WHERE  `primaryk`='1189'
sin err 1
tiene dataFecha anterior:07/09/2021 Hora anterior:10:40:00\nmodificado por :andyfer\nEDITAD
actualizado coment
UPDATE  `Gestion_acepto` SET  `hora_acepto` = '10:40:00', `fecha_acepto` = '09/09/2021' WHERE primaryk = '1189'

---------fecha:2021-09-07 21:27:36-------
get datos anteriores:SELECT ga.fecha_acepto, ga.hora_acepto, tg.descripcion AS gestion  
    FROM `Gestion_acepto` AS ga JOIN tipos_gestion AS tg ON ga.id_tipo_gestion = tg.id WHERE  `primaryk`='1176'
sin err 1
tiene dataFecha anterior:07/09/2021 Hora anterior:08:00:00\nmodificado por :andyfer\nEDITADO
actualizado coment
UPDATE  `Gestion_acepto` SET  `hora_acepto` = '08:00:00', `fecha_acepto` = '10/09/2021' WHERE primaryk = '1176'

---------fecha:2021-09-07 21:29:00-------
get datos anteriores:SELECT ga.fecha_acepto, ga.hora_acepto, tg.descripcion AS gestion  
    FROM `Gestion_acepto` AS ga JOIN tipos_gestion AS tg ON ga.id_tipo_gestion = tg.id WHERE  `primaryk`='1194'
sin err 1
tiene dataFecha anterior:08/09/2021 Hora anterior:11:00:00\nmodificado por :andyfer\nED
actualizado coment
UPDATE  `Gestion_acepto` SET  `hora_acepto` = '11:00:00', `fecha_acepto` = '12/09/2021' WHERE primaryk = '1194'

---------fecha:2021-09-07 21:31:36-------
get datos anteriores:SELECT ga.fecha_acepto, ga.hora_acepto, tg.descripcion AS gestion  
    FROM `Gestion_acepto` AS ga JOIN tipos_gestion AS tg ON ga.id_tipo_gestion = tg.id WHERE  `primaryk`='1184'
sin err 1
tiene dataFecha anterior:06/09/2021 Hora anterior:09:01:00\nmodificado por :andyfer\nED
actualizado coment
UPDATE  `Gestion_acepto` SET  `hora_acepto` = '09:01:00', `fecha_acepto` = '12/09/2021' WHERE primaryk = '1184'

---------fecha:2021-09-07 21:43:02-------
get datos anteriores:SELECT ga.fecha_acepto, ga.hora_acepto, tg.descripcion AS gestion  
    FROM `Gestion_acepto` AS ga JOIN tipos_gestion AS tg ON ga.id_tipo_gestion = tg.id WHERE  `primaryk`='1196'
sin err 1
tiene dataFecha anterior:11/09/2021 Hora anterior:08:00:00\nmodificado por :andyfer\ndsddd
actualizado coment
UPDATE  `Gestion_acepto` SET  `hora_acepto` = '08:00:00', `fecha_acepto` = '12/09/2021' WHERE primaryk = '1196'

---------fecha:2021-09-07 21:45:40-------
get datos anteriores:SELECT ga.fecha_acepto, ga.hora_acepto, tg.descripcion AS gestion  
    FROM `Gestion_acepto` AS ga JOIN tipos_gestion AS tg ON ga.id_tipo_gestion = tg.id WHERE  `primaryk`='1197'
sin err 1
tiene dataFecha anterior:11/09/2021 Hora anterior:08:00:00\nmodificado por :andyfer\n
actualizado coment
UPDATE  `Gestion_acepto` SET  `hora_acepto` = '11:00:00', `fecha_acepto` = '10/09/2021' WHERE primaryk = '1197'

---------fecha:2021-09-07 22:01:03-------
get datos anteriores:SELECT ga.fecha_acepto, ga.hora_acepto, tg.descripcion AS gestion  
    FROM `Gestion_acepto` AS ga JOIN tipos_gestion AS tg ON ga.id_tipo_gestion = tg.id WHERE  `primaryk`='1195'
sin err 1
tiene dataFecha anterior:09/09/2021 Hora anterior:09:05:00\nmodificado por :andyfer\nssssss
actualizado coment
UPDATE  `Gestion_acepto` SET  `hora_acepto` = '11:20:00', `fecha_acepto` = '12/09/2021' WHERE primaryk = '1195'

---------fecha:2021-09-07 22:07:04-------
get datos anteriores:SELECT ga.fecha_acepto, ga.hora_acepto, tg.descripcion AS gestion  
    FROM `Gestion_acepto` AS ga JOIN tipos_gestion AS tg ON ga.id_tipo_gestion = tg.id WHERE  `primaryk`='1197'
sin err 1
tiene dataFecha anterior:10/09/2021 Hora anterior:11:00:00\nmodificado por :andyfer\nsdfd
actualizado coment
UPDATE  `Gestion_acepto` SET  `hora_acepto` = '11:40:00', `fecha_acepto` = '12/09/2021' WHERE primaryk = '1197'

---------fecha:2021-09-07 22:09:09-------
get datos anteriores:SELECT ga.fecha_acepto, ga.hora_acepto, tg.descripcion AS gestion  
    FROM `Gestion_acepto` AS ga JOIN tipos_gestion AS tg ON ga.id_tipo_gestion = tg.id WHERE  `primaryk`='1176'
sin err 1
tiene dataFecha anterior:10/09/2021 Hora anterior:08:00:00\nmodificado por :andyfer\nprueba 
actualizado coment
UPDATE  `Gestion_acepto` SET  `hora_acepto` = '10:00:00', `fecha_acepto` = '11/09/2021' WHERE primaryk = '1176'
