 inicia:17:05:40
hoy_actual:2022-09-13 17:05:40
SELECT primaryk, `codigo`,`coordenadas`, `nombre_completo`,fecha_acepto,hora_acepto,id_tipo_gestion FROM `DatosClientes` 
LEFT JOIN Gestion_acepto ON Gestion_acepto.codigo_cliente = DatosClientes.codigo WHERE 
STR_TO_DATE(Gestion_acepto.fecha_acepto,'%d/%m/%Y') <= '2022-09-13 23:59:59' AND 
STR_TO_DATE(Gestion_acepto.fecha_acepto,'%d/%m/%Y') >= '2022-09-13 00:00:00' AND DatosClientes.inactivo=0
ORDER BY STR_TO_DATE(Gestion_acepto.fecha_acepto,'%d/%m/%Y') , Gestion_acepto.hora_acepto  
 inicia:17:05:42
hoy_actual:2022-09-13 17:05:42
 BUSCAR SIGUIENTE:1
NUEVA FECHA:2022-09-14 17:05:42 MIN:2022-09-14 00:00:00 -MAX:2022-09-14 23:59:59
SELECT primaryk, `codigo`,`coordenadas`, `nombre_completo`,fecha_acepto,hora_acepto,id_tipo_gestion FROM `DatosClientes` 
LEFT JOIN Gestion_acepto ON Gestion_acepto.codigo_cliente = DatosClientes.codigo WHERE 
STR_TO_DATE(Gestion_acepto.fecha_acepto,'%d/%m/%Y') <= '2022-09-14 23:59:59' AND 
STR_TO_DATE(Gestion_acepto.fecha_acepto,'%d/%m/%Y') >= '2022-09-14 00:00:00' AND DatosClientes.inactivo=0
ORDER BY STR_TO_DATE(Gestion_acepto.fecha_acepto,'%d/%m/%Y') , Gestion_acepto.hora_acepto  
 inicia:17:05:45
hoy_actual:2022-09-13 17:05:45
 BUSCAR SIGUIENTE:2
NUEVA FECHA:2022-09-15 17:05:45 MIN:2022-09-15 00:00:00 -MAX:2022-09-15 23:59:59
SELECT primaryk, `codigo`,`coordenadas`, `nombre_completo`,fecha_acepto,hora_acepto,id_tipo_gestion FROM `DatosClientes` 
LEFT JOIN Gestion_acepto ON Gestion_acepto.codigo_cliente = DatosClientes.codigo WHERE 
STR_TO_DATE(Gestion_acepto.fecha_acepto,'%d/%m/%Y') <= '2022-09-15 23:59:59' AND 
STR_TO_DATE(Gestion_acepto.fecha_acepto,'%d/%m/%Y') >= '2022-09-15 00:00:00' AND DatosClientes.inactivo=0
ORDER BY STR_TO_DATE(Gestion_acepto.fecha_acepto,'%d/%m/%Y') , Gestion_acepto.hora_acepto  
 inicia:17:05:47
hoy_actual:2022-09-13 17:05:47
 BUSCAR SIGUIENTE:3
NUEVA FECHA:2022-09-16 17:05:47 MIN:2022-09-16 00:00:00 -MAX:2022-09-16 23:59:59
SELECT primaryk, `codigo`,`coordenadas`, `nombre_completo`,fecha_acepto,hora_acepto,id_tipo_gestion FROM `DatosClientes` 
LEFT JOIN Gestion_acepto ON Gestion_acepto.codigo_cliente = DatosClientes.codigo WHERE 
STR_TO_DATE(Gestion_acepto.fecha_acepto,'%d/%m/%Y') <= '2022-09-16 23:59:59' AND 
STR_TO_DATE(Gestion_acepto.fecha_acepto,'%d/%m/%Y') >= '2022-09-16 00:00:00' AND DatosClientes.inactivo=0
ORDER BY STR_TO_DATE(Gestion_acepto.fecha_acepto,'%d/%m/%Y') , Gestion_acepto.hora_acepto  
 inicia:17:05:48
hoy_actual:2022-09-13 17:05:48
 BUSCAR SIGUIENTE:4
NUEVA FECHA:2022-09-17 17:05:48 MIN:2022-09-17 00:00:00 -MAX:2022-09-17 23:59:59
SELECT primaryk, `codigo`,`coordenadas`, `nombre_completo`,fecha_acepto,hora_acepto,id_tipo_gestion FROM `DatosClientes` 
LEFT JOIN Gestion_acepto ON Gestion_acepto.codigo_cliente = DatosClientes.codigo WHERE 
STR_TO_DATE(Gestion_acepto.fecha_acepto,'%d/%m/%Y') <= '2022-09-17 23:59:59' AND 
STR_TO_DATE(Gestion_acepto.fecha_acepto,'%d/%m/%Y') >= '2022-09-17 00:00:00' AND DatosClientes.inactivo=0
ORDER BY STR_TO_DATE(Gestion_acepto.fecha_acepto,'%d/%m/%Y') , Gestion_acepto.hora_acepto  
 inicia:17:05:52
hoy_actual:2022-09-13 17:05:52
 BUSCAR SIGUIENTE:5
NUEVA FECHA:2022-09-18 17:05:52 MIN:2022-09-18 00:00:00 -MAX:2022-09-18 23:59:59
SELECT primaryk, `codigo`,`coordenadas`, `nombre_completo`,fecha_acepto,hora_acepto,id_tipo_gestion FROM `DatosClientes` 
LEFT JOIN Gestion_acepto ON Gestion_acepto.codigo_cliente = DatosClientes.codigo WHERE 
STR_TO_DATE(Gestion_acepto.fecha_acepto,'%d/%m/%Y') <= '2022-09-18 23:59:59' AND 
STR_TO_DATE(Gestion_acepto.fecha_acepto,'%d/%m/%Y') >= '2022-09-18 00:00:00' AND DatosClientes.inactivo=0
ORDER BY STR_TO_DATE(Gestion_acepto.fecha_acepto,'%d/%m/%Y') , Gestion_acepto.hora_acepto  
 inicia:17:05:54
hoy_actual:2022-09-13 17:05:54
 BUSCAR SIGUIENTE:6
NUEVA FECHA:2022-09-19 17:05:54 MIN:2022-09-19 00:00:00 -MAX:2022-09-19 23:59:59
SELECT primaryk, `codigo`,`coordenadas`, `nombre_completo`,fecha_acepto,hora_acepto,id_tipo_gestion FROM `DatosClientes` 
LEFT JOIN Gestion_acepto ON Gestion_acepto.codigo_cliente = DatosClientes.codigo WHERE 
STR_TO_DATE(Gestion_acepto.fecha_acepto,'%d/%m/%Y') <= '2022-09-19 23:59:59' AND 
STR_TO_DATE(Gestion_acepto.fecha_acepto,'%d/%m/%Y') >= '2022-09-19 00:00:00' AND DatosClientes.inactivo=0
ORDER BY STR_TO_DATE(Gestion_acepto.fecha_acepto,'%d/%m/%Y') , Gestion_acepto.hora_acepto  
 inicia:17:05:56
hoy_actual:2022-09-13 17:05:56
 BUSCAR SIGUIENTE:7
NUEVA FECHA:2022-09-20 17:05:56 MIN:2022-09-20 00:00:00 -MAX:2022-09-20 23:59:59
SELECT primaryk, `codigo`,`coordenadas`, `nombre_completo`,fecha_acepto,hora_acepto,id_tipo_gestion FROM `DatosClientes` 
LEFT JOIN Gestion_acepto ON Gestion_acepto.codigo_cliente = DatosClientes.codigo WHERE 
STR_TO_DATE(Gestion_acepto.fecha_acepto,'%d/%m/%Y') <= '2022-09-20 23:59:59' AND 
STR_TO_DATE(Gestion_acepto.fecha_acepto,'%d/%m/%Y') >= '2022-09-20 00:00:00' AND DatosClientes.inactivo=0
ORDER BY STR_TO_DATE(Gestion_acepto.fecha_acepto,'%d/%m/%Y') , Gestion_acepto.hora_acepto  
 inicia:17:05:57
hoy_actual:2022-09-13 17:05:57
 BUSCAR SIGUIENTE:8
NUEVA FECHA:2022-09-21 17:05:57 MIN:2022-09-21 00:00:00 -MAX:2022-09-21 23:59:59
SELECT primaryk, `codigo`,`coordenadas`, `nombre_completo`,fecha_acepto,hora_acepto,id_tipo_gestion FROM `DatosClientes` 
LEFT JOIN Gestion_acepto ON Gestion_acepto.codigo_cliente = DatosClientes.codigo WHERE 
STR_TO_DATE(Gestion_acepto.fecha_acepto,'%d/%m/%Y') <= '2022-09-21 23:59:59' AND 
STR_TO_DATE(Gestion_acepto.fecha_acepto,'%d/%m/%Y') >= '2022-09-21 00:00:00' AND DatosClientes.inactivo=0
ORDER BY STR_TO_DATE(Gestion_acepto.fecha_acepto,'%d/%m/%Y') , Gestion_acepto.hora_acepto  
 inicia:17:06:36
hoy_actual:2022-09-13 17:06:36
 BUSCAR SIGUIENTE:8
NUEVA FECHA:2022-09-21 17:06:36 MIN:2022-09-21 00:00:00 -MAX:2022-09-21 23:59:59
SELECT primaryk, `codigo`,`coordenadas`, `nombre_completo`,fecha_acepto,hora_acepto,id_tipo_gestion FROM `DatosClientes` 
LEFT JOIN Gestion_acepto ON Gestion_acepto.codigo_cliente = DatosClientes.codigo WHERE 
STR_TO_DATE(Gestion_acepto.fecha_acepto,'%d/%m/%Y') <= '2022-09-21 23:59:59' AND 
STR_TO_DATE(Gestion_acepto.fecha_acepto,'%d/%m/%Y') >= '2022-09-21 00:00:00' AND DatosClientes.inactivo=0
ORDER BY STR_TO_DATE(Gestion_acepto.fecha_acepto,'%d/%m/%Y') , Gestion_acepto.hora_acepto  
 inicia:17:06:46
hoy_actual:2022-09-13 17:06:46
 BUSCAR SIGUIENTE:8
NUEVA FECHA:2022-09-21 17:06:46 MIN:2022-09-21 00:00:00 -MAX:2022-09-21 23:59:59
SELECT primaryk, `codigo`,`coordenadas`, `nombre_completo`,fecha_acepto,hora_acepto,id_tipo_gestion FROM `DatosClientes` 
LEFT JOIN Gestion_acepto ON Gestion_acepto.codigo_cliente = DatosClientes.codigo WHERE 
STR_TO_DATE(Gestion_acepto.fecha_acepto,'%d/%m/%Y') <= '2022-09-21 23:59:59' AND 
STR_TO_DATE(Gestion_acepto.fecha_acepto,'%d/%m/%Y') >= '2022-09-21 00:00:00' AND DatosClientes.inactivo=0
ORDER BY STR_TO_DATE(Gestion_acepto.fecha_acepto,'%d/%m/%Y') , Gestion_acepto.hora_acepto  
 inicia:17:06:58
hoy_actual:2022-09-13 17:06:58
SELECT primaryk, `codigo`,`coordenadas`, `nombre_completo`,fecha_acepto,hora_acepto,id_tipo_gestion FROM `DatosClientes` 
LEFT JOIN Gestion_acepto ON Gestion_acepto.codigo_cliente = DatosClientes.codigo WHERE 
STR_TO_DATE(Gestion_acepto.fecha_acepto,'%d/%m/%Y') <= '2022-09-13 23:59:59' AND 
STR_TO_DATE(Gestion_acepto.fecha_acepto,'%d/%m/%Y') >= '2022-09-13 00:00:00' AND DatosClientes.inactivo=0
ORDER BY STR_TO_DATE(Gestion_acepto.fecha_acepto,'%d/%m/%Y') , Gestion_acepto.hora_acepto  
 inicia:17:07:00
hoy_actual:2022-09-13 17:07:00
 BUSCAR SIGUIENTE:1
NUEVA FECHA:2022-09-14 17:07:00 MIN:2022-09-14 00:00:00 -MAX:2022-09-14 23:59:59
SELECT primaryk, `codigo`,`coordenadas`, `nombre_completo`,fecha_acepto,hora_acepto,id_tipo_gestion FROM `DatosClientes` 
LEFT JOIN Gestion_acepto ON Gestion_acepto.codigo_cliente = DatosClientes.codigo WHERE 
STR_TO_DATE(Gestion_acepto.fecha_acepto,'%d/%m/%Y') <= '2022-09-14 23:59:59' AND 
STR_TO_DATE(Gestion_acepto.fecha_acepto,'%d/%m/%Y') >= '2022-09-14 00:00:00' AND DatosClientes.inactivo=0
ORDER BY STR_TO_DATE(Gestion_acepto.fecha_acepto,'%d/%m/%Y') , Gestion_acepto.hora_acepto  
 inicia:17:07:01
hoy_actual:2022-09-13 17:07:01
 BUSCAR SIGUIENTE:2
NUEVA FECHA:2022-09-15 17:07:01 MIN:2022-09-15 00:00:00 -MAX:2022-09-15 23:59:59
SELECT primaryk, `codigo`,`coordenadas`, `nombre_completo`,fecha_acepto,hora_acepto,id_tipo_gestion FROM `DatosClientes` 
LEFT JOIN Gestion_acepto ON Gestion_acepto.codigo_cliente = DatosClientes.codigo WHERE 
STR_TO_DATE(Gestion_acepto.fecha_acepto,'%d/%m/%Y') <= '2022-09-15 23:59:59' AND 
STR_TO_DATE(Gestion_acepto.fecha_acepto,'%d/%m/%Y') >= '2022-09-15 00:00:00' AND DatosClientes.inactivo=0
ORDER BY STR_TO_DATE(Gestion_acepto.fecha_acepto,'%d/%m/%Y') , Gestion_acepto.hora_acepto  
 inicia:17:07:06
hoy_actual:2022-09-13 17:07:06
 BUSCAR SIGUIENTE:3
NUEVA FECHA:2022-09-16 17:07:06 MIN:2022-09-16 00:00:00 -MAX:2022-09-16 23:59:59
SELECT primaryk, `codigo`,`coordenadas`, `nombre_completo`,fecha_acepto,hora_acepto,id_tipo_gestion FROM `DatosClientes` 
LEFT JOIN Gestion_acepto ON Gestion_acepto.codigo_cliente = DatosClientes.codigo WHERE 
STR_TO_DATE(Gestion_acepto.fecha_acepto,'%d/%m/%Y') <= '2022-09-16 23:59:59' AND 
STR_TO_DATE(Gestion_acepto.fecha_acepto,'%d/%m/%Y') >= '2022-09-16 00:00:00' AND DatosClientes.inactivo=0
ORDER BY STR_TO_DATE(Gestion_acepto.fecha_acepto,'%d/%m/%Y') , Gestion_acepto.hora_acepto  
 inicia:17:07:08
hoy_actual:2022-09-13 17:07:08
 BUSCAR SIGUIENTE:4
NUEVA FECHA:2022-09-17 17:07:08 MIN:2022-09-17 00:00:00 -MAX:2022-09-17 23:59:59
SELECT primaryk, `codigo`,`coordenadas`, `nombre_completo`,fecha_acepto,hora_acepto,id_tipo_gestion FROM `DatosClientes` 
LEFT JOIN Gestion_acepto ON Gestion_acepto.codigo_cliente = DatosClientes.codigo WHERE 
STR_TO_DATE(Gestion_acepto.fecha_acepto,'%d/%m/%Y') <= '2022-09-17 23:59:59' AND 
STR_TO_DATE(Gestion_acepto.fecha_acepto,'%d/%m/%Y') >= '2022-09-17 00:00:00' AND DatosClientes.inactivo=0
ORDER BY STR_TO_DATE(Gestion_acepto.fecha_acepto,'%d/%m/%Y') , Gestion_acepto.hora_acepto  
 inicia:17:07:09
hoy_actual:2022-09-13 17:07:09
 BUSCAR SIGUIENTE:5
NUEVA FECHA:2022-09-18 17:07:09 MIN:2022-09-18 00:00:00 -MAX:2022-09-18 23:59:59
SELECT primaryk, `codigo`,`coordenadas`, `nombre_completo`,fecha_acepto,hora_acepto,id_tipo_gestion FROM `DatosClientes` 
LEFT JOIN Gestion_acepto ON Gestion_acepto.codigo_cliente = DatosClientes.codigo WHERE 
STR_TO_DATE(Gestion_acepto.fecha_acepto,'%d/%m/%Y') <= '2022-09-18 23:59:59' AND 
STR_TO_DATE(Gestion_acepto.fecha_acepto,'%d/%m/%Y') >= '2022-09-18 00:00:00' AND DatosClientes.inactivo=0
ORDER BY STR_TO_DATE(Gestion_acepto.fecha_acepto,'%d/%m/%Y') , Gestion_acepto.hora_acepto  
 inicia:17:07:12
hoy_actual:2022-09-13 17:07:12
 BUSCAR SIGUIENTE:6
NUEVA FECHA:2022-09-19 17:07:12 MIN:2022-09-19 00:00:00 -MAX:2022-09-19 23:59:59
SELECT primaryk, `codigo`,`coordenadas`, `nombre_completo`,fecha_acepto,hora_acepto,id_tipo_gestion FROM `DatosClientes` 
LEFT JOIN Gestion_acepto ON Gestion_acepto.codigo_cliente = DatosClientes.codigo WHERE 
STR_TO_DATE(Gestion_acepto.fecha_acepto,'%d/%m/%Y') <= '2022-09-19 23:59:59' AND 
STR_TO_DATE(Gestion_acepto.fecha_acepto,'%d/%m/%Y') >= '2022-09-19 00:00:00' AND DatosClientes.inactivo=0
ORDER BY STR_TO_DATE(Gestion_acepto.fecha_acepto,'%d/%m/%Y') , Gestion_acepto.hora_acepto  
 inicia:17:07:15
hoy_actual:2022-09-13 17:07:15
 BUSCAR SIGUIENTE:7
NUEVA FECHA:2022-09-20 17:07:15 MIN:2022-09-20 00:00:00 -MAX:2022-09-20 23:59:59
SELECT primaryk, `codigo`,`coordenadas`, `nombre_completo`,fecha_acepto,hora_acepto,id_tipo_gestion FROM `DatosClientes` 
LEFT JOIN Gestion_acepto ON Gestion_acepto.codigo_cliente = DatosClientes.codigo WHERE 
STR_TO_DATE(Gestion_acepto.fecha_acepto,'%d/%m/%Y') <= '2022-09-20 23:59:59' AND 
STR_TO_DATE(Gestion_acepto.fecha_acepto,'%d/%m/%Y') >= '2022-09-20 00:00:00' AND DatosClientes.inactivo=0
ORDER BY STR_TO_DATE(Gestion_acepto.fecha_acepto,'%d/%m/%Y') , Gestion_acepto.hora_acepto  
 inicia:17:07:19
hoy_actual:2022-09-13 17:07:19
 BUSCAR SIGUIENTE:8
NUEVA FECHA:2022-09-21 17:07:19 MIN:2022-09-21 00:00:00 -MAX:2022-09-21 23:59:59
SELECT primaryk, `codigo`,`coordenadas`, `nombre_completo`,fecha_acepto,hora_acepto,id_tipo_gestion FROM `DatosClientes` 
LEFT JOIN Gestion_acepto ON Gestion_acepto.codigo_cliente = DatosClientes.codigo WHERE 
STR_TO_DATE(Gestion_acepto.fecha_acepto,'%d/%m/%Y') <= '2022-09-21 23:59:59' AND 
STR_TO_DATE(Gestion_acepto.fecha_acepto,'%d/%m/%Y') >= '2022-09-21 00:00:00' AND DatosClientes.inactivo=0
ORDER BY STR_TO_DATE(Gestion_acepto.fecha_acepto,'%d/%m/%Y') , Gestion_acepto.hora_acepto  
