UPDATE `DatosClientes` SET `comentarios`='
----------INICIA COMENTARIO----------- 
16/08/2021
17:58:00
Volver a llamar Importante

----------TERMINA COMENTARIO-----------

1-OCT-18 NO DESEA, YA LA LIMPIO 24-09-18 NO EXIST-- 05/04/2016 NUMERO NO EXISTE',`comentarios_gestion`='\n----------INICIA COMENTARIO----------- \n19/08/2021 12:00:00 - Acepto\nsss\n----------TERMINA COMENTARIO-----------',`estado`='Acepto' WHERE codigo='07238LSOLM00E002'
res:1
UPDATE `DatosClientes` SET `comentarios`='
----------INICIA COMENTARIO----------- 
01/08/2021
17:41:00
Volver a llamar

----------TERMINA COMENTARIO-----------

----------INICIA COMENTARIO----------- 
14/01/2021
09:00:00
Acepto
30-01 La señora Garzozi es buena cliente, aceota solo si le escriben del numero de la oficina o del numero de Daniel, se le hace generalmente junto con la limpieza mantenimiento al tanque de presión
----------TERMINA COMENTARIO-----------

----------INICIA COMENTARIO----------- 
05/10/2020
09:00:00
Acepto
26-01 acepta la sra fabianna solo confirmando mensaje desde el numero de la oficina o del de Daniel
----------TERMINA COMENTARIO-----------

----------INICIA COMENTARIO----------- 
07/01/2020
09:00:00
Acepto

----------TERMINA COMENTARIO-----------

----------INICIA COMENTARIO----------- 
06/01/2020
12:11:00
Volver a llamar

----------TERMINA COMENTARIO-----------

----------INICIA COMENTARIO----------- 
04/10/2019
14:00:00
Acepto
`PROMOCION $35, LA PROMOCION SE OFRECIO A LA HERMANA LA SRA CLAUDIA DE VISTA AL PARQUE PERO ELLA LE AVISO DE LOS $35 POR ESO SE LE HIZO EN ESE VALOR
----------TERMINA COMENTARIO-----------

----------INICIA COMENTARIO----------- 
04/10/2019
12:00:00
Acepto
`PROMOCION $35, LA PROMOCION SE OFRECIO A LA HERMANA LA SRA CLAUDIA DE VISTA AL PARQUE PERO ELLA LE AVISO DE LOS $35 POR ESO SE LE HIZO EN ESE VALOR
----------TERMINA COMENTARIO-----------

----------INICIA COMENTARIO----------- 
04/10/2019
11:00:00
Acepto
`PROMOCION $35, LA PROMOCION SE OFRECIO A LA HERMANA LA SRA CLAUDIA DE VISTA AL PARQUE PERO ELLA LE AVISO DE LOS $35
----------TERMINA COMENTARIO-----------

----------INICIA COMENTARIO----------- 
01/10/2019
08:00:00
Volver a llamar

----------TERMINA COMENTARIO-----------

----------INICIA COMENTARIO----------- 
09/07/2019
14:30:00
Acepto
08/07/2019 acepto para el dia d mañana a las 09:00 ... 05/07/2019 la sra dice q le llame el lunes en horas d la ,mañana  05/04/2019 le dijo9 q hizo el 17 d diciembre acepto para el dia lunes a las 11:00... 04/01/2019 ACEPTO PARA EL DIA LUNES A LAS 14:30  12/09/2018 acepto para el dia d mañana 27/08/2018 LLAMAR EN UN MES 24/08/2018 llamar el lunes 14/05/2018 Contesto la misma y acepto la limpieza para el dia 16/05 a las 10:30  10/05/2018 Contesto la misma q la llame en otro momento xq esta recogiendo a sus hijos en el colegio  29/01/2018 contesto la empleada q la sra no esta y q regresa tipo 15:00 y al cell me manda a buzon, contesto la misma y acepto la limpieza para el dia 30/01  24/01/2018 me manda a buzon  07-08-17 se coordina limpieza para mañana 8-09-17 a las 11:00,  17-08-17 lllamar en septiembre esta de viaje
----------TERMINA COMENTARIO-----------

----------INICIA COMENTARIO----------- 
09/07/2019
12:30:00
Acepto
08/07/2019 acepto para el dia d mañana a las 09:00 ... 05/07/2019 la sra dice q le llame el lunes en horas d la ,mañana  05/04/2019 le dijo9 q hizo el 17 d diciembre acepto para el dia lunes a las 11:00... 04/01/2019 ACEPTO PARA EL DIA LUNES A LAS 14:30  12/09/2018 acepto para el dia d mañana 27/08/2018 LLAMAR EN UN MES 24/08/2018 llamar el lunes 14/05/2018 Contesto la misma y acepto la limpieza para el dia 16/05 a las 10:30  10/05/2018 Contesto la misma q la llame en otro momento xq esta recogiendo a sus hijos en el colegio  29/01/2018 contesto la empleada q la sra no esta y q regresa tipo 15:00 y al cell me manda a buzon, contesto la misma y acepto la limpieza para el dia 30/01  24/01/2018 me manda a buzon  07-08-17 se coordina limpieza para mañana 8-09-17 a las 11:00,  17-08-17 lllamar en septiembre esta de viaje
----------TERMINA COMENTARIO-----------

----------INICIA COMENTARIO----------- 
09/07/2019
12:30:00
Acepto
08/07/2019 acepto para el dia d mañana a las 09:00 ... 05/07/2019 la sra dice q le llame el lunes en horas d la ,mañana  05/04/2019 le dijo9 q hizo el 17 d diciembre acepto para el dia lunes a las 11:00... 04/01/2019 ACEPTO PARA EL DIA LUNES A LAS 14:30  12/09/2018 acepto para el dia d mañana 27/08/2018 LLAMAR EN UN MES 24/08/2018 llamar el lunes 14/05/2018 Contesto la misma y acepto la limpieza para el dia 16/05 a las 10:30  10/05/2018 Contesto la misma q la llame en otro momento xq esta recogiendo a sus hijos en el colegio  29/01/2018 contesto la empleada q la sra no esta y q regresa tipo 15:00 y al cell me manda a buzon, contesto la misma y acepto la limpieza para el dia 30/01  24/01/2018 me manda a buzon  07-08-17 se coordina limpieza para mañana 8-09-17 a las 11:00,  17-08-17 lllamar en septiembre esta de viaje
----------TERMINA COMENTARIO-----------

----------INICIA COMENTARIO----------- 
09/07/2019
10:30:00
Acepto
08/07/2019 acepto para el dia d mañana a las 09:00 ... 05/07/2019 la sra dice q le llame el lunes en horas d la ,mañana  05/04/2019 le dijo9 q hizo el 17 d diciembre acepto para el dia lunes a las 11:00... 04/01/2019 ACEPTO PARA EL DIA LUNES A LAS 14:30  12/09/2018 acepto para el dia d mañana 27/08/2018 LLAMAR EN UN MES 24/08/2018 llamar el lunes 14/05/2018 Contesto la misma y acepto la limpieza para el dia 16/05 a las 10:30  10/05/2018 Contesto la misma q la llame en otro momento xq esta recogiendo a sus hijos en el colegio  29/01/2018 contesto la empleada q la sra no esta y q regresa tipo 15:00 y al cell me manda a buzon, contesto la misma y acepto la limpieza para el dia 30/01  24/01/2018 me manda a buzon  07-08-17 se coordina limpieza para mañana 8-09-17 a las 11:00,  17-08-17 lllamar en septiembre esta de viaje
----------TERMINA COMENTARIO-----------

----------INICIA COMENTARIO----------- 
09/07/2019
09:30:00
Acepto
08/07/2019 acepto para el dia d mañana a las 09:00 ... 05/07/2019 la sra dice q le llame el lunes en horas d la ,mañana  05/04/2019 le dijo9 q hizo el 17 d diciembre acepto para el dia lunes a las 11:00... 04/01/2019 ACEPTO PARA EL DIA LUNES A LAS 14:30  12/09/2018 acepto para el dia d mañana 27/08/2018 LLAMAR EN UN MES 24/08/2018 llamar el lunes 14/05/2018 Contesto la misma y acepto la limpieza para el dia 16/05 a las 10:30  10/05/2018 Contesto la misma q la llame en otro momento xq esta recogiendo a sus hijos en el colegio  29/01/2018 contesto la empleada q la sra no esta y q regresa tipo 15:00 y al cell me manda a buzon, contesto la misma y acepto la limpieza para el dia 30/01  24/01/2018 me manda a buzon  07-08-17 se coordina limpieza para mañana 8-09-17 a las 11:00,  17-08-17 lllamar en septiembre esta de viaje
----------TERMINA COMENTARIO-----------

1914-10-25 00:00:00',`comentarios_gestion`='\n----------INICIA COMENTARIO----------- \n18/08/2021 14:00:00 - Inspección\n1608 1300\n----------TERMINA COMENTARIO-----------',`estado`='Inspección' WHERE codigo='07442ELAGM002003'
res:1
UPDATE `DatosClientes` SET `comentarios`='
----------INICIA COMENTARIO----------- 
29/07/2021
18:15:00
Volver a llamar

----------TERMINA COMENTARIO-----------

----------INICIA COMENTARIO----------- 
04/09/2019
10:10:00
Volver a llamar
14/08/2019 NO CONTESTAN
----------TERMINA COMENTARIO-----------

26-09-18 SRA SALIO GROSERA, DICE Q LA LLAMAN A CADA RATO, Q LA ELIMINEN DE LA BASE DE DATOS, Q NO LA LLAMEN MAS-----   12/07/2016 contesto la esposa del sr e indico q no desea y no se le pudo dar mayor informacion xq estaba de salida  26/02/2016 clte llamar en 1 hora  13/02/2016 no desea que la llamen no desea el servicio 09/01/16 NO DESEA NO LLAMEN MAS 20/10/15 Contesto esposa del cliente el cual mostro estar interesada, y nos dio su correo, para enviarle inf, por ultimo afirmo estar en contacto con nos.29-09-15 no contesta ',`comentarios_gestion`='\n----------INICIA COMENTARIO----------- \n17/08/2021 13:00:00 - Cobros\n1608 1320\n----------TERMINA COMENTARIO-----------',`estado`='Cobros' WHERE codigo='08076TESOM00H003'
res:1
