--------2021-08-17 00:56:06-------------
operador:3-cliente:07238LSOLM00E002-tiempo:00:00:25-tipo:2
--correcto
--------2021-08-17 00:59:02-------------
operador:3-cliente:07238LSOLM00E002-tiempo:00:02:10-tipo:2
--correcto
--------2021-08-17 01:02:18-------------
operador:3-cliente:07238LSOLM00E002-tiempo:00:02:48-tipo:2
--correcto
--------2021-08-17 01:07:28-------------
operador:3-cliente:07442ELAGM002003-tiempo:00:01:17-tipo:2
--correcto
--------2021-08-17 01:08:49-------------
operador:3-cliente:08076TESOM00H003-tiempo:00:01:14-tipo:2
--correcto
--------2021-08-17 10:58:22-------------
operador:3-cliente:01378LRIBM00P006-tiempo:00:00:20-tipo:2
--correcto
--------2021-08-17 11:02:41-------------
operador:3-cliente:09048CCESM010015-tiempo:00:00:36-tipo:2
--correcto
