--------2021-08-04 00:34:17-------------
operador:3-cliente:07238LSOLM00A013-tiempo:00:00:28-tipo:31
--correcto
--------2021-08-04 00:39:38-------------
operador:3-cliente:07238LSOLM00B011-tiempo:00:00:20-tipo:31
--correcto
--------2021-08-04 00:42:22-------------
operador:3-cliente:07238LSOLM00B011-tiempo:00:01:50-tipo:31
--correcto
--------2021-08-04 00:45:09-------------
operador:3-cliente:07238LSOLM00L022-tiempo:00:00:25-tipo:31
--correcto
--------2021-08-04 00:46:57-------------
operador:3-cliente:07238LSOLM00L022-tiempo:00:01:24-tipo:31
--correcto
--------2021-08-04 00:49:26-------------
operador:3-cliente:07238LSOLM00D002-tiempo:00:00:27-tipo:31
--correcto
--------2021-08-04 00:50:51-------------
operador:3-cliente:07238LSOLM00D002-tiempo:00:01:02-tipo:31
--correcto
--------2021-08-04 00:51:41-------------
operador:3-cliente:07238LSOLM00D002-tiempo:00:00:35-tipo:31
--correcto
--------2021-08-04 00:54:41-------------
operador:3-cliente:07238LSOLM00D002-tiempo:00:01:43-tipo:31
--correcto
--------2021-08-04 00:56:03-------------
operador:3-cliente:07238LSOLM00D002-tiempo:00:00:51-tipo:31
--correcto
--------2021-08-04 00:57:31-------------
operador:3-cliente:07238LSOLM00D002-tiempo:00:00:55-tipo:31
--correcto
--------2021-08-04 00:59:31-------------
operador:3-cliente:07238LSOLM00D002-tiempo:00:01:06-tipo:31
--correcto
--------2021-08-04 01:00:20-------------
operador:3-cliente:07238LSOLM00D002-tiempo:00:00:39-tipo:31
--correcto
--------2021-08-04 01:03:27-------------
operador:3-cliente:07238LSOLM00D002-tiempo:00:02:01-tipo:31
--correcto
--------2021-08-04 01:06:25-------------
operador:3-cliente:07238LSOLM00D002-tiempo:00:01:53-tipo:31
--correcto
--------2021-08-04 01:18:50-------------
operador:3-cliente:07238LSOLM00D014-tiempo:00:00:19-tipo:32
--correcto
--------2021-08-04 01:20:14-------------
operador:3-cliente:07238LSOLM00B01A-tiempo:00:00:21-tipo:32
--correcto
--------2021-08-04 01:26:59-------------
operador:3-cliente:07238LSOLM00A006-tiempo:00:00:20-tipo:33
--correcto
--------2021-08-04 01:28:33-------------
operador:3-cliente:07238LSOLM00D003-tiempo:00:00:16-tipo:33
--correcto
