fecha:2022-12-21 16:43:58
SELECT * FROM `gestiones_dia` WHERE `id_operador`=8 AND  DATE(fecha_ultima) = '2022-12-21' 
sin fecha
no tiene fecha insertar
 INSERT INTO gestiones_dia (id_operador, gestiones) VALUES (8,0)
error:Duplicate entry '8' for key 'PRIMARY'
fecha:2022-12-21 16:44:34
SELECT * FROM `gestiones_dia` WHERE `id_operador`=8 AND  DATE(fecha_ultima) = '2022-12-21' 
sin fecha
no tiene fecha insertar
 INSERT INTO gestiones_dia (id_operador, gestiones) VALUES (8,0)
error:Duplicate entry '8' for key 'PRIMARY'
fecha:2022-12-21 16:46:22
SELECT * FROM `gestiones_dia` WHERE `id_operador`=8 AND  DATE(fecha_ultima) = '2022-12-21' 
sin fecha
no tiene fecha insertar
 INSERT INTO gestiones_dia (id_operador, gestiones) VALUES (8,0)
error:Duplicate entry '8' for key 'PRIMARY'
fecha:2022-12-21 17:05:52
SELECT * FROM `gestiones_dia` WHERE `id_operador`=8 AND  DATE(fecha_ultima) = '2022-12-21' 
sin fecha
no tiene fecha insertar
 INSERT INTO gestiones_dia (id_operador, gestiones) VALUES (8,0)
error:Duplicate entry '8' for key 'PRIMARY'
fecha:2022-12-21 17:06:30
SELECT * FROM `gestiones_dia` WHERE `id_operador`=8 AND  DATE(fecha_ultima) = '2022-12-21' 
sin fecha
no tiene fecha insertar
 INSERT INTO gestiones_dia (id_operador, gestiones) VALUES (8,0)
error:Duplicate entry '8' for key 'PRIMARY'
fecha:2022-12-21 17:16:38
SELECT * FROM `gestiones_dia` WHERE `id_operador`=8 AND  DATE(fecha_ultima) = '2022-12-21' 
sin fecha
no tiene fecha insertar
 INSERT INTO gestiones_dia (id_operador, gestiones) VALUES (8,0)
error:Duplicate entry '8' for key 'PRIMARY'
