--------2021-08-18 00:24:18-------------
operador:3-cliente:07850VSOLM001036-tiempo:00:00:40-tipo:9
--correcto
--------2021-08-18 00:25:07-------------
operador:3-cliente:00500ENRIM0X1036-tiempo:00:00:44-tipo:2
--correcto
--------2021-08-18 00:25:23-------------
operador:3-cliente:00500ENRIM0X1036-tiempo:00:00:09-tipo:2
--correcto
--------2021-08-18 00:25:37-------------
operador:3-cliente:00500ENRIM0X1036-tiempo:00:00:12-tipo:2
--correcto
--------2021-08-18 00:26:34-------------
operador:3-cliente:00500ENRIM0X1036-tiempo:00:00:56-tipo:2
--correcto
--------2021-08-18 00:27:33-------------
operador:3-cliente:02477VEROM003000-tiempo:00:00:57-tipo:9
--correcto
--------2021-08-18 00:27:34-------------
operador:3-cliente:02477VEROM003000-tiempo:00:00:00-tipo:9
--correcto
--------2021-08-18 00:27:53-------------
operador:3-cliente:00938ISSOM000038-tiempo:00:00:19-tipo:8
--correcto
--------2021-08-18 00:28:39-------------
operador:3-cliente:09048CCESM002028-tiempo:00:00:30-tipo:10
--correcto
--------2021-08-18 00:31:46-------------
operador:3-cliente:07442ELAGM00F009-tiempo:00:02:36-tipo:2
--correcto
--------2021-08-18 00:37:02-------------
operador:3-cliente:09048CCESM004010-tiempo:00:05:06-tipo:9
--correcto
--------2021-08-18 00:38:33-------------
operador:3-cliente:00500ENRIM00E028-tiempo:00:01:13-tipo:8
--correcto
--------2021-08-18 00:40:07-------------
operador:3-cliente:00500ENRIM00E028-tiempo:00:00:40-tipo:2
--correcto
--------2021-08-18 00:41:23-------------
operador:3-cliente:00500ENRIM00E028-tiempo:00:00:59-tipo:2
--correcto
--------2021-08-18 00:42:42-------------
operador:3-cliente:00500ENRIMX1026-tiempo:00:01:12-tipo:9
--correcto
--------2021-08-18 00:43:45-------------
operador:3-cliente:01150PADRM000010-tiempo:00:00:52-tipo:1
--correcto
