--------2021-09-22 09:49:54-------------
operador:5-cliente:04129PDRIM000107-tiempo:00:15:45-tipo:1
--correcto
--------2021-09-22 09:51:09-------------
operador:5-cliente:04129PDRIM00B0105-tiempo:00:01:05-tipo:2
--correcto
--------2021-09-22 09:57:40-------------
operador:5-cliente:04129PDRIM00D010-tiempo:00:02:47-tipo:9
--correcto
--------2021-09-22 10:10:40-------------
operador:5-cliente:07000PUAZM003019-tiempo:00:00:00-tipo:10
--correcto
--------2021-09-22 10:18:00-------------
operador:5-cliente:03965TDSOM000025-tiempo:00:11:47-tipo:9
--correcto
--------2021-09-22 10:20:54-------------
operador:5-cliente:04129PDRIM003002-tiempo:00:02:27-tipo:2
--correcto
--------2021-09-22 10:41:41-------------
operador:5-cliente:04129PDRIM00F0136-tiempo:00:20:38-tipo:8
--correcto
--------2021-09-22 10:45:42-------------
operador:5-cliente:11027FRIOM008019-tiempo:00:03:28-tipo:10
--correcto
--------2021-09-22 10:57:08-------------
operador:5-cliente:04186SDRIM038013-tiempo:00:02:08-tipo:3
--correcto
--------2021-09-22 11:14:11-------------
operador:5-cliente:07000PUAZME12017-tiempo:00:00:22-tipo:2
--correcto
--------2021-09-22 11:16:05-------------
operador:5-cliente:04129PDRIM00F0144-tiempo:00:12:44-tipo:2
--correcto
--------2021-09-22 11:52:21-------------
operador:5-cliente:00614AQUAM001004-tiempo:00:00:00-tipo:2
--correcto
--------2021-09-22 11:58:34-------------
operador:5-cliente:01574LDORM001002-tiempo:00:02:05-tipo:8
--correcto
--------2021-09-22 12:03:44-------------
operador:5-cliente:01574LDORM000017-tiempo:00:00:00-tipo:1
--correcto
--------2021-09-22 12:20:02-------------
operador:3-cliente:04129PDRIM00F0144-tiempo:00:02:29-tipo:1
--correcto
--------2021-09-22 12:21:23-------------
operador:3-cliente:04186SDRIM038013-tiempo:00:00:30-tipo:5
--correcto
--------2021-09-22 12:25:54-------------
operador:3-cliente:02057BOREM000015-tiempo:00:04:06-tipo:1
--correcto
--------2021-09-22 12:26:19-------------
operador:5-cliente:03344MARAM000024-tiempo:00:01:15-tipo:1
--correcto
--------2021-09-22 12:26:31-------------
operador:3-cliente:02057BOREM000015-tiempo:00:00:21-tipo:1
--correcto
--------2021-09-22 21:49:01-------------
operador:5-cliente:03483CDRIM007014-tiempo:00:10:07-tipo:2
--correcto
--------2021-09-22 22:28:05-------------
operador:5-cliente:01150PADRM000116-tiempo:00:00:00-tipo:1
--correcto
--------2021-09-22 23:06:22-------------
operador:5-cliente:06838CASTDTORNOR-tiempo:00:00:00-tipo:1
--correcto
--------2021-09-22 23:20:17-------------
operador:5-cliente:05964BONAM000012-tiempo:00:00:00-tipo:1
--correcto
