--------2022-11-20 21:40:59-------------
operador:5-cliente:07850VSOLM00A031-tiempo:00:00:17-tipo:2
--correcto
--------2022-11-20 22:03:50-------------
operador:5-cliente:07850VSOLM00L011-tiempo:00:00:17-tipo:2
--correcto
--------2022-11-20 23:37:20-------------
operador:5-cliente:07850VSOLM00L010-tiempo:00:06:59-tipo:10
--correcto
--------2022-11-20 23:43:53-------------
operador:5-cliente:07850VSOLM00F007-tiempo:00:00:30-tipo:2
--correcto
--------2022-11-20 23:44:15-------------
operador:5-cliente:07850VSOLM00J008-tiempo:00:00:23-tipo:2
--correcto
--------2022-11-20 23:45:25-------------
operador:5-cliente:07850VSOLM00M005-tiempo:00:01:08-tipo:2
--correcto
--------2022-11-20 23:54:02-------------
operador:5-cliente:07850VSOLM00D012-tiempo:00:00:34-tipo:2
--correcto
