fecha:2022-07-21 08:39:55
SELECT * FROM `gestiones_dia` WHERE `id_operador`=3 AND  DATE(fecha_ultima) = '2022-07-21' 
sin fecha
no tiene fecha insertar
 INSERT INTO gestiones_dia (id_operador, gestiones) VALUES (3,0)
error:Duplicate entry '3' for key 'PRIMARY'
fecha:2022-07-21 08:40:35
SELECT * FROM `gestiones_dia` WHERE `id_operador`=3 AND  DATE(fecha_ultima) = '2022-07-21' 
sin fecha
no tiene fecha insertar
 INSERT INTO gestiones_dia (id_operador, gestiones) VALUES (3,0)
error:Duplicate entry '3' for key 'PRIMARY'
fecha:2022-07-21 08:52:50
SELECT * FROM `gestiones_dia` WHERE `id_operador`=3 AND  DATE(fecha_ultima) = '2022-07-21' 
sin fecha
no tiene fecha insertar
 INSERT INTO gestiones_dia (id_operador, gestiones) VALUES (3,0)
error:Duplicate entry '3' for key 'PRIMARY'
fecha:2022-07-21 08:59:38
SELECT * FROM `gestiones_dia` WHERE `id_operador`=3 AND  DATE(fecha_ultima) = '2022-07-21' 
sin fecha
no tiene fecha insertar
 INSERT INTO gestiones_dia (id_operador, gestiones) VALUES (3,0)
error:Duplicate entry '3' for key 'PRIMARY'
fecha:2022-07-21 09:02:08
SELECT * FROM `gestiones_dia` WHERE `id_operador`=3 AND  DATE(fecha_ultima) = '2022-07-21' 
sin fecha
no tiene fecha insertar
 INSERT INTO gestiones_dia (id_operador, gestiones) VALUES (3,0)
error:Duplicate entry '3' for key 'PRIMARY'
