fecha:2022-11-14 21:14:37
SELECT * FROM `gestiones_dia` WHERE `id_operador`=5 AND  DATE(fecha_ultima) = '2022-11-14' 
sin fecha
no tiene fecha insertar
 INSERT INTO gestiones_dia (id_operador, gestiones) VALUES (5,0)
error:Duplicate entry '5' for key 'PRIMARY'
fecha:2022-11-14 21:41:49
SELECT * FROM `gestiones_dia` WHERE `id_operador`=5 AND  DATE(fecha_ultima) = '2022-11-14' 
sin fecha
no tiene fecha insertar
 INSERT INTO gestiones_dia (id_operador, gestiones) VALUES (5,0)
error:Duplicate entry '5' for key 'PRIMARY'
fecha:2022-11-14 21:44:31
SELECT * FROM `gestiones_dia` WHERE `id_operador`=5 AND  DATE(fecha_ultima) = '2022-11-14' 
sin fecha
no tiene fecha insertar
 INSERT INTO gestiones_dia (id_operador, gestiones) VALUES (5,0)
error:Duplicate entry '5' for key 'PRIMARY'
fecha:2022-11-14 22:14:04
SELECT * FROM `gestiones_dia` WHERE `id_operador`=5 AND  DATE(fecha_ultima) = '2022-11-14' 
sin fecha
no tiene fecha insertar
 INSERT INTO gestiones_dia (id_operador, gestiones) VALUES (5,0)
error:Duplicate entry '5' for key 'PRIMARY'
