fecha:2022-07-07 10:13:59
SELECT * FROM `gestiones_dia` WHERE `id_operador`=3 AND  DATE(fecha_ultima) = '2022-07-07' 
sin fecha
no tiene fecha insertar
 INSERT INTO gestiones_dia (id_operador, gestiones) VALUES (3,0)
error:Duplicate entry '3' for key 'PRIMARY'
fecha:2022-07-07 10:15:44
SELECT * FROM `gestiones_dia` WHERE `id_operador`=3 AND  DATE(fecha_ultima) = '2022-07-07' 
sin fecha
no tiene fecha insertar
 INSERT INTO gestiones_dia (id_operador, gestiones) VALUES (3,0)
error:Duplicate entry '3' for key 'PRIMARY'
fecha:2022-07-07 10:16:34
SELECT * FROM `gestiones_dia` WHERE `id_operador`=3 AND  DATE(fecha_ultima) = '2022-07-07' 
sin fecha
no tiene fecha insertar
 INSERT INTO gestiones_dia (id_operador, gestiones) VALUES (3,0)
error:Duplicate entry '3' for key 'PRIMARY'
fecha:2022-07-07 10:17:44
SELECT * FROM `gestiones_dia` WHERE `id_operador`=3 AND  DATE(fecha_ultima) = '2022-07-07' 
sin fecha
no tiene fecha insertar
 INSERT INTO gestiones_dia (id_operador, gestiones) VALUES (3,0)
error:Duplicate entry '3' for key 'PRIMARY'
