--------2021-09-04 00:57:13-------------
operador:5-cliente:04533GTENM000027-tiempo:00:00:18-tipo:8
--correcto
--------2021-09-04 00:58:17-------------
operador:5-cliente:04533GTENM00C023-tiempo:00:00:34-tipo:9
--correcto
--------2021-09-04 12:19:24-------------
operador:5-cliente:04533GTENM000027-tiempo:00:00:37-tipo:2
--correcto
--------2021-09-04 12:20:11-------------
operador:5-cliente:04533GTENM000160-tiempo:00:00:38-tipo:2
--correcto
--------2021-09-04 12:24:07-------------
operador:5-cliente:04533GTENM000160-tiempo:00:02:15-tipo:9
--correcto
--------2021-09-04 12:29:12-------------
operador:5-cliente:04533GTENM00C00D-tiempo:00:00:26-tipo:10
--correcto
--------2021-09-04 12:29:38-------------
operador:5-cliente:04533GTENM00C032-tiempo:00:00:25-tipo:9
--correcto
--------2021-09-04 12:30:13-------------
operador:5-cliente:04533GTENM00B007-tiempo:00:00:34-tipo:8
--correcto
--------2021-09-04 12:30:37-------------
operador:5-cliente:04533GTENM00J013-tiempo:00:00:23-tipo:2
--correcto
--------2021-09-04 12:46:17-------------
operador:5-cliente:04533GTENM00L038-tiempo:00:00:39-tipo:9
--correcto
--------2021-09-04 12:47:03-------------
operador:5-cliente:04533GTENM00M011-tiempo:00:00:30-tipo:2
--correcto
--------2021-09-04 12:50:14-------------
operador:5-cliente:03900LPIRM000023-tiempo:00:00:24-tipo:10
--correcto
