fecha:2022-10-31 01:16:50
SELECT * FROM `gestiones_dia` WHERE `id_operador`=5 AND  DATE(fecha_ultima) = '2022-10-31' 
sin fecha
no tiene fecha insertar
 INSERT INTO gestiones_dia (id_operador, gestiones) VALUES (5,0)
error:Duplicate entry '5' for key 'PRIMARY'
fecha:2022-10-31 12:51:10
SELECT * FROM `gestiones_dia` WHERE `id_operador`=5 AND  DATE(fecha_ultima) = '2022-10-31' 
sin fecha
no tiene fecha insertar
 INSERT INTO gestiones_dia (id_operador, gestiones) VALUES (5,0)
error:Duplicate entry '5' for key 'PRIMARY'
fecha:2022-10-31 14:10:18
SELECT * FROM `gestiones_dia` WHERE `id_operador`=5 AND  DATE(fecha_ultima) = '2022-10-31' 
sin fecha
no tiene fecha insertar
 INSERT INTO gestiones_dia (id_operador, gestiones) VALUES (5,0)
error:Duplicate entry '5' for key 'PRIMARY'
fecha:2022-10-31 14:57:45
SELECT * FROM `gestiones_dia` WHERE `id_operador`=5 AND  DATE(fecha_ultima) = '2022-10-31' 
sin fecha
no tiene fecha insertar
 INSERT INTO gestiones_dia (id_operador, gestiones) VALUES (5,0)
error:Duplicate entry '5' for key 'PRIMARY'
fecha:2022-10-31 15:02:44
SELECT * FROM `gestiones_dia` WHERE `id_operador`=5 AND  DATE(fecha_ultima) = '2022-10-31' 
sin fecha
no tiene fecha insertar
 INSERT INTO gestiones_dia (id_operador, gestiones) VALUES (5,0)
error:Duplicate entry '5' for key 'PRIMARY'
fecha:2022-10-31 15:16:24
SELECT * FROM `gestiones_dia` WHERE `id_operador`=5 AND  DATE(fecha_ultima) = '2022-10-31' 
sin fecha
no tiene fecha insertar
 INSERT INTO gestiones_dia (id_operador, gestiones) VALUES (5,0)
error:Duplicate entry '5' for key 'PRIMARY'
fecha:2022-10-31 15:24:35
SELECT * FROM `gestiones_dia` WHERE `id_operador`=5 AND  DATE(fecha_ultima) = '2022-10-31' 
sin fecha
no tiene fecha insertar
 INSERT INTO gestiones_dia (id_operador, gestiones) VALUES (5,0)
error:Duplicate entry '5' for key 'PRIMARY'
fecha:2022-10-31 15:28:27
SELECT * FROM `gestiones_dia` WHERE `id_operador`=5 AND  DATE(fecha_ultima) = '2022-10-31' 
sin fecha
no tiene fecha insertar
 INSERT INTO gestiones_dia (id_operador, gestiones) VALUES (5,0)
error:Duplicate entry '5' for key 'PRIMARY'
fecha:2022-10-31 15:33:28
SELECT * FROM `gestiones_dia` WHERE `id_operador`=5 AND  DATE(fecha_ultima) = '2022-10-31' 
sin fecha
no tiene fecha insertar
 INSERT INTO gestiones_dia (id_operador, gestiones) VALUES (5,0)
error:Duplicate entry '5' for key 'PRIMARY'
fecha:2022-10-31 15:39:39
SELECT * FROM `gestiones_dia` WHERE `id_operador`=5 AND  DATE(fecha_ultima) = '2022-10-31' 
sin fecha
no tiene fecha insertar
 INSERT INTO gestiones_dia (id_operador, gestiones) VALUES (5,0)
error:Duplicate entry '5' for key 'PRIMARY'
fecha:2022-10-31 15:48:26
SELECT * FROM `gestiones_dia` WHERE `id_operador`=5 AND  DATE(fecha_ultima) = '2022-10-31' 
sin fecha
no tiene fecha insertar
 INSERT INTO gestiones_dia (id_operador, gestiones) VALUES (5,0)
error:Duplicate entry '5' for key 'PRIMARY'
fecha:2022-10-31 16:24:10
SELECT * FROM `gestiones_dia` WHERE `id_operador`=5 AND  DATE(fecha_ultima) = '2022-10-31' 
sin fecha
no tiene fecha insertar
 INSERT INTO gestiones_dia (id_operador, gestiones) VALUES (5,0)
error:Duplicate entry '5' for key 'PRIMARY'
fecha:2022-10-31 16:37:23
SELECT * FROM `gestiones_dia` WHERE `id_operador`=5 AND  DATE(fecha_ultima) = '2022-10-31' 
sin fecha
no tiene fecha insertar
 INSERT INTO gestiones_dia (id_operador, gestiones) VALUES (5,0)
error:Duplicate entry '5' for key 'PRIMARY'
fecha:2022-10-31 16:39:32
SELECT * FROM `gestiones_dia` WHERE `id_operador`=5 AND  DATE(fecha_ultima) = '2022-10-31' 
sin fecha
no tiene fecha insertar
 INSERT INTO gestiones_dia (id_operador, gestiones) VALUES (5,0)
error:Duplicate entry '5' for key 'PRIMARY'
