--------2021-09-09 10:16:56-------------
operador:5-cliente:GTENM00D003-tiempo:00:01:17-tipo:2
--correcto
--------2021-09-09 10:20:23-------------
operador:5-cliente:GTENM00D003-tiempo:00:03:19-tipo:1
--correcto
--------2021-09-09 10:25:27-------------
operador:5-cliente:04533GTENM00C032-tiempo:00:01:43-tipo:8
--correcto
--------2021-09-09 11:14:03-------------
operador:5-cliente:04533GTENM00B007-tiempo:00:02:39-tipo:1
--correcto
--------2021-09-09 11:38:29-------------
operador:5-cliente:10025EDRIM00A034-tiempo:00:00:50-tipo:2
--correcto
--------2021-09-09 11:39:34-------------
operador:5-cliente:04533GTENM00C00D-tiempo:00:01:03-tipo:9
--correcto
--------2021-09-09 12:09:57-------------
operador:5-cliente:05836RLINM001018-tiempo:00:10:36-tipo:1
--correcto
--------2021-09-09 12:17:23-------------
operador:5-cliente:04533GTENM00J013-tiempo:00:00:38-tipo:1
--correcto
--------2021-09-09 12:17:58-------------
operador:5-cliente:04533GTENM00L038-tiempo:00:00:30-tipo:1
--correcto
--------2021-09-09 13:04:38-------------
operador:5-cliente:02477VEROM007003-tiempo:00:00:59-tipo:8
--correcto
--------2021-09-09 20:59:42-------------
operador:5-cliente:06301LABAC000032-tiempo:00:00:18-tipo:1
--correcto
--------2021-09-09 21:01:28-------------
operador:5-cliente:05002ALMEM000017-tiempo:00:02:09-tipo:8
--correcto
--------2021-09-09 23:49:58-------------
operador:5-cliente:04533GTENM000027-tiempo:00:02:20-tipo:2
--correcto
--------2021-09-09 23:50:38-------------
operador:5-cliente:01574LDORM00E001-tiempo:00:00:26-tipo:2
--correcto
--------2021-09-09 23:53:15-------------
operador:5-cliente:04129PDRIM00F114-tiempo:00:00:20-tipo:1
--correcto
--------2021-09-09 23:54:13-------------
operador:5-cliente:-tiempo:00:00:38-tipo:8
--correcto
