fecha:2022-08-15 13:19:35
SELECT * FROM `gestiones_dia` WHERE `id_operador`=5 AND  DATE(fecha_ultima) = '2022-08-15' 
sin fecha
no tiene fecha insertar
 INSERT INTO gestiones_dia (id_operador, gestiones) VALUES (5,0)
error:Duplicate entry '5' for key 'PRIMARY'
fecha:2022-08-15 13:54:21
SELECT * FROM `gestiones_dia` WHERE `id_operador`=5 AND  DATE(fecha_ultima) = '2022-08-15' 
sin fecha
no tiene fecha insertar
 INSERT INTO gestiones_dia (id_operador, gestiones) VALUES (5,0)
error:Duplicate entry '5' for key 'PRIMARY'
fecha:2022-08-15 14:00:33
SELECT * FROM `gestiones_dia` WHERE `id_operador`=5 AND  DATE(fecha_ultima) = '2022-08-15' 
sin fecha
no tiene fecha insertar
 INSERT INTO gestiones_dia (id_operador, gestiones) VALUES (5,0)
error:Duplicate entry '5' for key 'PRIMARY'
fecha:2022-08-15 14:04:45
SELECT * FROM `gestiones_dia` WHERE `id_operador`=5 AND  DATE(fecha_ultima) = '2022-08-15' 
sin fecha
no tiene fecha insertar
 INSERT INTO gestiones_dia (id_operador, gestiones) VALUES (5,0)
error:Duplicate entry '5' for key 'PRIMARY'
fecha:2022-08-15 14:10:19
SELECT * FROM `gestiones_dia` WHERE `id_operador`=5 AND  DATE(fecha_ultima) = '2022-08-15' 
sin fecha
no tiene fecha insertar
 INSERT INTO gestiones_dia (id_operador, gestiones) VALUES (5,0)
error:Duplicate entry '5' for key 'PRIMARY'
fecha:2022-08-15 14:11:53
SELECT * FROM `gestiones_dia` WHERE `id_operador`=5 AND  DATE(fecha_ultima) = '2022-08-15' 
sin fecha
no tiene fecha insertar
 INSERT INTO gestiones_dia (id_operador, gestiones) VALUES (5,0)
error:Duplicate entry '5' for key 'PRIMARY'
fecha:2022-08-15 14:12:06
SELECT * FROM `gestiones_dia` WHERE `id_operador`=5 AND  DATE(fecha_ultima) = '2022-08-15' 
sin fecha
no tiene fecha insertar
 INSERT INTO gestiones_dia (id_operador, gestiones) VALUES (5,0)
error:Duplicate entry '5' for key 'PRIMARY'
fecha:2022-08-15 14:14:55
SELECT * FROM `gestiones_dia` WHERE `id_operador`=5 AND  DATE(fecha_ultima) = '2022-08-15' 
sin fecha
no tiene fecha insertar
 INSERT INTO gestiones_dia (id_operador, gestiones) VALUES (5,0)
error:Duplicate entry '5' for key 'PRIMARY'
fecha:2022-08-15 14:15:16
SELECT * FROM `gestiones_dia` WHERE `id_operador`=5 AND  DATE(fecha_ultima) = '2022-08-15' 
sin fecha
no tiene fecha insertar
 INSERT INTO gestiones_dia (id_operador, gestiones) VALUES (5,0)
error:Duplicate entry '5' for key 'PRIMARY'
