--------2022-12-22 16:37:28-------------
operador:8-cliente:08076TESOM00B014-tiempo:00:00:55-tipo:2
--correcto
--------2022-12-22 16:45:51-------------
operador:5-cliente:00500ENRIM0Q1030-tiempo:00:02:27-tipo:8
--correcto
--------2022-12-22 16:46:15-------------
operador:5-cliente:00500ENRID0D03B-tiempo:00:00:23-tipo:2
--correcto
--------2022-12-22 16:48:51-------------
operador:5-cliente:00500ENRIM0V1021-tiempo:00:02:35-tipo:2
--correcto
--------2022-12-22 16:49:59-------------
operador:5-cliente:00500ENRIM0S1001-tiempo:00:01:07-tipo:9
--correcto
--------2022-12-22 16:50:47-------------
operador:5-cliente:00500ENRIM00W030-tiempo:00:00:48-tipo:8
--correcto
--------2022-12-22 16:51:18-------------
operador:5-cliente:08210LDSOM00F024-tiempo:00:00:31-tipo:1
--correcto
--------2022-12-22 16:51:32-------------
operador:5-cliente:08210LDSOM00F020-tiempo:00:00:14-tipo:3
--correcto
--------2022-12-22 17:00:39-------------
operador:5-cliente:08210LDSOM00C004-tiempo:00:00:18-tipo:2
--correcto
--------2022-12-22 17:02:47-------------
operador:5-cliente:-tiempo:00:01:31-tipo:2
--correcto
--------2022-12-22 17:03:57-------------
operador:5-cliente:-tiempo:00:01:09-tipo:2
--correcto
--------2022-12-22 17:04:01-------------
operador:5-cliente:-tiempo:00:00:05-tipo:2
--correcto
--------2022-12-22 17:04:13-------------
operador:5-cliente:-tiempo:00:00:11-tipo:2
--correcto
--------2022-12-22 17:04:21-------------
operador:5-cliente:-tiempo:00:00:05-tipo:2
--correcto
--------2022-12-22 17:05:06-------------
operador:5-cliente:-tiempo:00:00:27-tipo:2
--correcto
--------2022-12-22 17:06:11-------------
operador:5-cliente:-tiempo:00:00:30-tipo:2
--correcto
--------2022-12-22 17:06:33-------------
operador:5-cliente:-tiempo:00:00:22-tipo:2
--correcto
--------2022-12-22 17:06:37-------------
operador:5-cliente:-tiempo:00:00:03-tipo:2
--correcto
--------2022-12-22 17:06:45-------------
operador:5-cliente:-tiempo:00:00:07-tipo:2
--correcto
--------2022-12-22 17:06:51-------------
operador:5-cliente:-tiempo:00:00:05-tipo:2
--correcto
--------2022-12-22 17:07:09-------------
operador:5-cliente:-tiempo:00:00:12-tipo:2
--correcto
--------2022-12-22 17:07:17-------------
operador:5-cliente:-tiempo:00:00:03-tipo:2
--correcto
--------2022-12-22 17:07:18-------------
operador:5-cliente:-tiempo:00:00:01-tipo:2
--correcto
--------2022-12-22 17:09:18-------------
operador:5-cliente:-tiempo:00:00:35-tipo:2
--correcto
--------2022-12-22 17:09:43-------------
operador:5-cliente:-tiempo:00:00:25-tipo:10
--correcto
--------2022-12-22 17:10:07-------------
operador:5-cliente:-tiempo:00:00:23-tipo:9
--correcto
--------2022-12-22 17:10:42-------------
operador:5-cliente:-tiempo:00:00:33-tipo:8
--correcto
--------2022-12-22 17:15:43-------------
operador:5-cliente:-tiempo:00:00:45-tipo:2
--correcto
--------2022-12-22 17:17:41-------------
operador:5-cliente:-tiempo:00:01:20-tipo:2
--correcto
--------2022-12-22 17:17:56-------------
operador:5-cliente:-tiempo:00:00:12-tipo:8
--correcto
--------2022-12-22 17:27:17-------------
operador:5-cliente:-tiempo:00:05:41-tipo:8
--correcto
